[0.010s] Invoking command in '/home/lrm/ws01_plumbing/build/cpp06_time': CMAKE_PREFIX_PATH=${CMAKE_PREFIX_PATH}:/home/lrm/ws01_plumbing/install/py05_names:/home/lrm/ws01_plumbing/install/py04_param:/home/lrm/ws01_plumbing/install/py03_action:/home/lrm/ws01_plumbing/install/py02_service:/home/lrm/ws01_plumbing/install/py01_topic:/home/lrm/ws00_helloworld/install/pkg02_helloworld_py:/opt/ros/humble /usr/bin/cmake --build /home/lrm/ws01_plumbing/build/cpp06_time -- -j16 -l16
[0.050s] [35m[1mConsolidate compiler generated dependencies of target demo01_time[0m
[0.067s] [100%] Built target demo01_time
[0.079s] Invoked command in '/home/lrm/ws01_plumbing/build/cpp06_time' returned '0': CMAKE_PREFIX_PATH=${CMAKE_PREFIX_PATH}:/home/lrm/ws01_plumbing/install/py05_names:/home/lrm/ws01_plumbing/install/py04_param:/home/lrm/ws01_plumbing/install/py03_action:/home/lrm/ws01_plumbing/install/py02_service:/home/lrm/ws01_plumbing/install/py01_topic:/home/lrm/ws00_helloworld/install/pkg02_helloworld_py:/opt/ros/humble /usr/bin/cmake --build /home/lrm/ws01_plumbing/build/cpp06_time -- -j16 -l16
[0.089s] Invoking command in '/home/lrm/ws01_plumbing/build/cpp06_time': CMAKE_PREFIX_PATH=${CMAKE_PREFIX_PATH}:/home/lrm/ws01_plumbing/install/py05_names:/home/lrm/ws01_plumbing/install/py04_param:/home/lrm/ws01_plumbing/install/py03_action:/home/lrm/ws01_plumbing/install/py02_service:/home/lrm/ws01_plumbing/install/py01_topic:/home/lrm/ws00_helloworld/install/pkg02_helloworld_py:/opt/ros/humble /usr/bin/cmake --install /home/lrm/ws01_plumbing/build/cpp06_time
[0.096s] -- Install configuration: ""
[0.096s] -- Up-to-date: /home/lrm/ws01_plumbing/install/cpp06_time/lib/cpp06_time/demo01_time
[0.097s] -- Up-to-date: /home/lrm/ws01_plumbing/install/cpp06_time/share/ament_index/resource_index/package_run_dependencies/cpp06_time
[0.097s] -- Up-to-date: /home/lrm/ws01_plumbing/install/cpp06_time/share/ament_index/resource_index/parent_prefix_path/cpp06_time
[0.097s] -- Up-to-date: /home/lrm/ws01_plumbing/install/cpp06_time/share/cpp06_time/environment/ament_prefix_path.sh
[0.097s] -- Up-to-date: /home/lrm/ws01_plumbing/install/cpp06_time/share/cpp06_time/environment/ament_prefix_path.dsv
[0.097s] -- Up-to-date: /home/lrm/ws01_plumbing/install/cpp06_time/share/cpp06_time/environment/path.sh
[0.097s] -- Up-to-date: /home/lrm/ws01_plumbing/install/cpp06_time/share/cpp06_time/environment/path.dsv
[0.097s] -- Up-to-date: /home/lrm/ws01_plumbing/install/cpp06_time/share/cpp06_time/local_setup.bash
[0.097s] -- Up-to-date: /home/lrm/ws01_plumbing/install/cpp06_time/share/cpp06_time/local_setup.sh
[0.097s] -- Up-to-date: /home/lrm/ws01_plumbing/install/cpp06_time/share/cpp06_time/local_setup.zsh
[0.097s] -- Up-to-date: /home/lrm/ws01_plumbing/install/cpp06_time/share/cpp06_time/local_setup.dsv
[0.097s] -- Installing: /home/lrm/ws01_plumbing/install/cpp06_time/share/cpp06_time/package.dsv
[0.097s] -- Up-to-date: /home/lrm/ws01_plumbing/install/cpp06_time/share/ament_index/resource_index/packages/cpp06_time
[0.098s] -- Up-to-date: /home/lrm/ws01_plumbing/install/cpp06_time/share/cpp06_time/cmake/cpp06_timeConfig.cmake
[0.098s] -- Up-to-date: /home/lrm/ws01_plumbing/install/cpp06_time/share/cpp06_time/cmake/cpp06_timeConfig-version.cmake
[0.098s] -- Up-to-date: /home/lrm/ws01_plumbing/install/cpp06_time/share/cpp06_time/package.xml
[0.100s] Invoked command in '/home/lrm/ws01_plumbing/build/cpp06_time' returned '0': CMAKE_PREFIX_PATH=${CMAKE_PREFIX_PATH}:/home/lrm/ws01_plumbing/install/py05_names:/home/lrm/ws01_plumbing/install/py04_param:/home/lrm/ws01_plumbing/install/py03_action:/home/lrm/ws01_plumbing/install/py02_service:/home/lrm/ws01_plumbing/install/py01_topic:/home/lrm/ws00_helloworld/install/pkg02_helloworld_py:/opt/ros/humble /usr/bin/cmake --install /home/lrm/ws01_plumbing/build/cpp06_time
