[0.016s] Invoking command in '/home/lrm/ws01_plumbing/build/cpp03_action': AMENT_PREFIX_PATH=/home/lrm/ws01_plumbing/install/base_interfaces_demo:${AMENT_PREFIX_PATH} CMAKE_PREFIX_PATH=/home/lrm/ws01_plumbing/install/base_interfaces_demo:/home/lrm/wit_ros2_imu_ws/install/imu_msg:/home/lrm/ws00_helloworld/install/turtlesim:/home/lrm/ws00_helloworld/install/pkg03_hellovscode_cpp:/home/lrm/ws00_helloworld/install/pkg01_helloworld_cpp:/home/lrm/wit_ros2_imu_ws/install/wit_ros2_imu:/home/lrm/ws00_helloworld/install/pkg02_helloworld_py:/opt/ros/humble LD_LIBRARY_PATH=/home/lrm/ws01_plumbing/install/base_interfaces_demo/lib:${LD_LIBRARY_PATH} PYTHONPATH=/home/lrm/ws01_plumbing/install/base_interfaces_demo/local/lib/python3.10/dist-packages:${PYTHONPATH} /usr/bin/cmake --build /home/lrm/ws01_plumbing/build/cpp03_action -- -j16 -l16
[0.071s] [35m[1mConsolidate compiler generated dependencies of target demo01_action_server[0m
[0.083s] [ 25%] [32mBuilding CXX object CMakeFiles/demo02_action_client.dir/src/demo02_action_client.cpp.o[0m
[0.090s] [ 50%] [32mBuilding CXX object CMakeFiles/demo01_action_server.dir/src/demo01_action_server.cpp.o[0m
[2.559s] [ 75%] [32m[1mLinking CXX executable demo02_action_client[0m
[2.680s] [ 75%] Built target demo02_action_client
[3.250s] [100%] [32m[1mLinking CXX executable demo01_action_server[0m
[3.386s] [100%] Built target demo01_action_server
[3.397s] Invoked command in '/home/lrm/ws01_plumbing/build/cpp03_action' returned '0': AMENT_PREFIX_PATH=/home/lrm/ws01_plumbing/install/base_interfaces_demo:${AMENT_PREFIX_PATH} CMAKE_PREFIX_PATH=/home/lrm/ws01_plumbing/install/base_interfaces_demo:/home/lrm/wit_ros2_imu_ws/install/imu_msg:/home/lrm/ws00_helloworld/install/turtlesim:/home/lrm/ws00_helloworld/install/pkg03_hellovscode_cpp:/home/lrm/ws00_helloworld/install/pkg01_helloworld_cpp:/home/lrm/wit_ros2_imu_ws/install/wit_ros2_imu:/home/lrm/ws00_helloworld/install/pkg02_helloworld_py:/opt/ros/humble LD_LIBRARY_PATH=/home/lrm/ws01_plumbing/install/base_interfaces_demo/lib:${LD_LIBRARY_PATH} PYTHONPATH=/home/lrm/ws01_plumbing/install/base_interfaces_demo/local/lib/python3.10/dist-packages:${PYTHONPATH} /usr/bin/cmake --build /home/lrm/ws01_plumbing/build/cpp03_action -- -j16 -l16
[3.406s] Invoking command in '/home/lrm/ws01_plumbing/build/cpp03_action': AMENT_PREFIX_PATH=/home/lrm/ws01_plumbing/install/base_interfaces_demo:${AMENT_PREFIX_PATH} CMAKE_PREFIX_PATH=/home/lrm/ws01_plumbing/install/base_interfaces_demo:/home/lrm/wit_ros2_imu_ws/install/imu_msg:/home/lrm/ws00_helloworld/install/turtlesim:/home/lrm/ws00_helloworld/install/pkg03_hellovscode_cpp:/home/lrm/ws00_helloworld/install/pkg01_helloworld_cpp:/home/lrm/wit_ros2_imu_ws/install/wit_ros2_imu:/home/lrm/ws00_helloworld/install/pkg02_helloworld_py:/opt/ros/humble LD_LIBRARY_PATH=/home/lrm/ws01_plumbing/install/base_interfaces_demo/lib:${LD_LIBRARY_PATH} PYTHONPATH=/home/lrm/ws01_plumbing/install/base_interfaces_demo/local/lib/python3.10/dist-packages:${PYTHONPATH} /usr/bin/cmake --install /home/lrm/ws01_plumbing/build/cpp03_action
[3.414s] -- Install configuration: ""
[3.415s] -- Installing: /home/lrm/ws01_plumbing/install/cpp03_action/lib/cpp03_action/demo01_action_server
[3.416s] -- Set runtime path of "/home/lrm/ws01_plumbing/install/cpp03_action/lib/cpp03_action/demo01_action_server" to ""
[3.416s] -- Installing: /home/lrm/ws01_plumbing/install/cpp03_action/lib/cpp03_action/demo02_action_client
[3.417s] -- Set runtime path of "/home/lrm/ws01_plumbing/install/cpp03_action/lib/cpp03_action/demo02_action_client" to ""
[3.417s] -- Up-to-date: /home/lrm/ws01_plumbing/install/cpp03_action/share/ament_index/resource_index/package_run_dependencies/cpp03_action
[3.417s] -- Up-to-date: /home/lrm/ws01_plumbing/install/cpp03_action/share/ament_index/resource_index/parent_prefix_path/cpp03_action
[3.417s] -- Up-to-date: /home/lrm/ws01_plumbing/install/cpp03_action/share/cpp03_action/environment/ament_prefix_path.sh
[3.417s] -- Up-to-date: /home/lrm/ws01_plumbing/install/cpp03_action/share/cpp03_action/environment/ament_prefix_path.dsv
[3.417s] -- Up-to-date: /home/lrm/ws01_plumbing/install/cpp03_action/share/cpp03_action/environment/path.sh
[3.417s] -- Up-to-date: /home/lrm/ws01_plumbing/install/cpp03_action/share/cpp03_action/environment/path.dsv
[3.417s] -- Up-to-date: /home/lrm/ws01_plumbing/install/cpp03_action/share/cpp03_action/local_setup.bash
[3.417s] -- Up-to-date: /home/lrm/ws01_plumbing/install/cpp03_action/share/cpp03_action/local_setup.sh
[3.417s] -- Up-to-date: /home/lrm/ws01_plumbing/install/cpp03_action/share/cpp03_action/local_setup.zsh
[3.417s] -- Up-to-date: /home/lrm/ws01_plumbing/install/cpp03_action/share/cpp03_action/local_setup.dsv
[3.417s] -- Installing: /home/lrm/ws01_plumbing/install/cpp03_action/share/cpp03_action/package.dsv
[3.417s] -- Up-to-date: /home/lrm/ws01_plumbing/install/cpp03_action/share/ament_index/resource_index/packages/cpp03_action
[3.417s] -- Up-to-date: /home/lrm/ws01_plumbing/install/cpp03_action/share/cpp03_action/cmake/cpp03_actionConfig.cmake
[3.418s] -- Up-to-date: /home/lrm/ws01_plumbing/install/cpp03_action/share/cpp03_action/cmake/cpp03_actionConfig-version.cmake
[3.418s] -- Up-to-date: /home/lrm/ws01_plumbing/install/cpp03_action/share/cpp03_action/package.xml
[3.420s] Invoked command in '/home/lrm/ws01_plumbing/build/cpp03_action' returned '0': AMENT_PREFIX_PATH=/home/lrm/ws01_plumbing/install/base_interfaces_demo:${AMENT_PREFIX_PATH} CMAKE_PREFIX_PATH=/home/lrm/ws01_plumbing/install/base_interfaces_demo:/home/lrm/wit_ros2_imu_ws/install/imu_msg:/home/lrm/ws00_helloworld/install/turtlesim:/home/lrm/ws00_helloworld/install/pkg03_hellovscode_cpp:/home/lrm/ws00_helloworld/install/pkg01_helloworld_cpp:/home/lrm/wit_ros2_imu_ws/install/wit_ros2_imu:/home/lrm/ws00_helloworld/install/pkg02_helloworld_py:/opt/ros/humble LD_LIBRARY_PATH=/home/lrm/ws01_plumbing/install/base_interfaces_demo/lib:${LD_LIBRARY_PATH} PYTHONPATH=/home/lrm/ws01_plumbing/install/base_interfaces_demo/local/lib/python3.10/dist-packages:${PYTHONPATH} /usr/bin/cmake --install /home/lrm/ws01_plumbing/build/cpp03_action
