[0.010s] Invoking command in '/home/lrm/ws01_plumbing/build/cpp05_names': CMAKE_PREFIX_PATH=${CMAKE_PREFIX_PATH}:/home/lrm/ws01_plumbing/install/py05_names:/home/lrm/ws01_plumbing/install/py04_param:/home/lrm/ws01_plumbing/install/py03_action:/home/lrm/ws01_plumbing/install/py02_service:/home/lrm/ws01_plumbing/install/py01_topic:/home/lrm/ws00_helloworld/install/pkg02_helloworld_py:/opt/ros/humble /usr/bin/cmake --build /home/lrm/ws01_plumbing/build/cpp05_names -- -j16 -l16
[0.032s] -- Found ament_cmake: 1.3.12 (/opt/ros/humble/share/ament_cmake/cmake)
[0.135s] -- Found rclcpp: 16.0.16 (/opt/ros/humble/share/rclcpp/cmake)
[0.157s] -- Found rosidl_generator_c: 3.1.7 (/opt/ros/humble/share/rosidl_generator_c/cmake)
[0.159s] -- Found rosidl_adapter: 3.1.7 (/opt/ros/humble/share/rosidl_adapter/cmake)
[0.163s] -- Found rosidl_generator_cpp: 3.1.7 (/opt/ros/humble/share/rosidl_generator_cpp/cmake)
[0.170s] -- Using all available rosidl_typesupport_c: rosidl_typesupport_fastrtps_c;rosidl_typesupport_introspection_c
[0.179s] -- Using all available rosidl_typesupport_cpp: rosidl_typesupport_fastrtps_cpp;rosidl_typesupport_introspection_cpp
[0.203s] -- Found rmw_implementation_cmake: 6.1.2 (/opt/ros/humble/share/rmw_implementation_cmake/cmake)
[0.204s] -- Found rmw_fastrtps_cpp: 6.2.9 (/opt/ros/humble/share/rmw_fastrtps_cpp/cmake)
[0.295s] -- Using RMW implementation 'rmw_fastrtps_cpp' as default
[0.332s] -- Found ament_lint_auto: 0.12.14 (/opt/ros/humble/share/ament_lint_auto/cmake)
[0.392s] -- Added test 'cppcheck' to perform static code analysis on C / C++ code
[0.393s] -- Configured cppcheck include dirs: $<BUILD_INTERFACE:/home/lrm/ws01_plumbing/src/cpp05_names/include>
[0.393s] -- Configured cppcheck exclude dirs and/or files: 
[0.393s] -- Added test 'flake8' to check Python code syntax and style conventions
[0.393s] -- Added test 'lint_cmake' to check CMake code style
[0.394s] -- Added test 'pep257' to check Python code against some of the docstring style conventions in PEP 257
[0.394s] -- Added test 'uncrustify' to check C / C++ code style
[0.394s] -- Configured uncrustify additional arguments: 
[0.395s] -- Added test 'xmllint' to check XML markup files
[0.395s] -- Configuring done
[0.404s] -- Generating done
[0.408s] -- Build files have been written to: /home/lrm/ws01_plumbing/build/cpp05_names
[0.437s] [35m[1mConsolidate compiler generated dependencies of target demo01_names[0m
[0.455s] [ 50%] [32mBuilding CXX object CMakeFiles/demo01_names.dir/src/demo01_names.cpp.o[0m
[3.492s] [100%] [32m[1mLinking CXX executable demo01_names[0m
[3.656s] [100%] Built target demo01_names
[3.669s] Invoked command in '/home/lrm/ws01_plumbing/build/cpp05_names' returned '0': CMAKE_PREFIX_PATH=${CMAKE_PREFIX_PATH}:/home/lrm/ws01_plumbing/install/py05_names:/home/lrm/ws01_plumbing/install/py04_param:/home/lrm/ws01_plumbing/install/py03_action:/home/lrm/ws01_plumbing/install/py02_service:/home/lrm/ws01_plumbing/install/py01_topic:/home/lrm/ws00_helloworld/install/pkg02_helloworld_py:/opt/ros/humble /usr/bin/cmake --build /home/lrm/ws01_plumbing/build/cpp05_names -- -j16 -l16
[3.681s] Invoking command in '/home/lrm/ws01_plumbing/build/cpp05_names': CMAKE_PREFIX_PATH=${CMAKE_PREFIX_PATH}:/home/lrm/ws01_plumbing/install/py05_names:/home/lrm/ws01_plumbing/install/py04_param:/home/lrm/ws01_plumbing/install/py03_action:/home/lrm/ws01_plumbing/install/py02_service:/home/lrm/ws01_plumbing/install/py01_topic:/home/lrm/ws00_helloworld/install/pkg02_helloworld_py:/opt/ros/humble /usr/bin/cmake --install /home/lrm/ws01_plumbing/build/cpp05_names
[3.690s] -- Install configuration: ""
[3.690s] -- Installing: /home/lrm/ws01_plumbing/install/cpp05_names/lib/cpp05_names/demo01_names
[3.691s] -- Set runtime path of "/home/lrm/ws01_plumbing/install/cpp05_names/lib/cpp05_names/demo01_names" to ""
[3.691s] -- Up-to-date: /home/lrm/ws01_plumbing/install/cpp05_names/share/cpp05_names/launch
[3.691s] -- Up-to-date: /home/lrm/ws01_plumbing/install/cpp05_names/share/cpp05_names/launch/demo01_names_launch.py
[3.691s] -- Up-to-date: /home/lrm/ws01_plumbing/install/cpp05_names/share/cpp05_names/launch/demo02_names_launch.xml
[3.692s] -- Up-to-date: /home/lrm/ws01_plumbing/install/cpp05_names/share/cpp05_names/launch/demo03_names_launch.yaml
[3.692s] -- Installing: /home/lrm/ws01_plumbing/install/cpp05_names/share/ament_index/resource_index/package_run_dependencies/cpp05_names
[3.692s] -- Installing: /home/lrm/ws01_plumbing/install/cpp05_names/share/ament_index/resource_index/parent_prefix_path/cpp05_names
[3.692s] -- Up-to-date: /home/lrm/ws01_plumbing/install/cpp05_names/share/cpp05_names/environment/ament_prefix_path.sh
[3.692s] -- Installing: /home/lrm/ws01_plumbing/install/cpp05_names/share/cpp05_names/environment/ament_prefix_path.dsv
[3.692s] -- Up-to-date: /home/lrm/ws01_plumbing/install/cpp05_names/share/cpp05_names/environment/path.sh
[3.692s] -- Installing: /home/lrm/ws01_plumbing/install/cpp05_names/share/cpp05_names/environment/path.dsv
[3.692s] -- Up-to-date: /home/lrm/ws01_plumbing/install/cpp05_names/share/cpp05_names/local_setup.bash
[3.692s] -- Up-to-date: /home/lrm/ws01_plumbing/install/cpp05_names/share/cpp05_names/local_setup.sh
[3.692s] -- Up-to-date: /home/lrm/ws01_plumbing/install/cpp05_names/share/cpp05_names/local_setup.zsh
[3.692s] -- Installing: /home/lrm/ws01_plumbing/install/cpp05_names/share/cpp05_names/local_setup.dsv
[3.692s] -- Installing: /home/lrm/ws01_plumbing/install/cpp05_names/share/cpp05_names/package.dsv
[3.693s] -- Up-to-date: /home/lrm/ws01_plumbing/install/cpp05_names/share/ament_index/resource_index/packages/cpp05_names
[3.693s] -- Up-to-date: /home/lrm/ws01_plumbing/install/cpp05_names/share/cpp05_names/cmake/cpp05_namesConfig.cmake
[3.693s] -- Up-to-date: /home/lrm/ws01_plumbing/install/cpp05_names/share/cpp05_names/cmake/cpp05_namesConfig-version.cmake
[3.693s] -- Installing: /home/lrm/ws01_plumbing/install/cpp05_names/share/cpp05_names/package.xml
[3.695s] Invoked command in '/home/lrm/ws01_plumbing/build/cpp05_names' returned '0': CMAKE_PREFIX_PATH=${CMAKE_PREFIX_PATH}:/home/lrm/ws01_plumbing/install/py05_names:/home/lrm/ws01_plumbing/install/py04_param:/home/lrm/ws01_plumbing/install/py03_action:/home/lrm/ws01_plumbing/install/py02_service:/home/lrm/ws01_plumbing/install/py01_topic:/home/lrm/ws00_helloworld/install/pkg02_helloworld_py:/opt/ros/humble /usr/bin/cmake --install /home/lrm/ws01_plumbing/build/cpp05_names
