[0.011s] Invoking command in '/home/lrm/ws01_plumbing/build/cpp06_time': CMAKE_PREFIX_PATH=${CMAKE_PREFIX_PATH}:/home/lrm/ws00_helloworld/install/pkg02_helloworld_py:/opt/ros/humble /usr/bin/cmake --build /home/lrm/ws01_plumbing/build/cpp06_time -- -j16 -l16
[0.073s] [35m[1mConsolidate compiler generated dependencies of target demo01_time[0m
[0.092s] [ 50%] [32mBuilding CXX object CMakeFiles/demo01_time.dir/src/demo01_time.cpp.o[0m
[2.499s] [100%] [32m[1mLinking CXX executable demo01_time[0m
[2.621s] [100%] Built target demo01_time
[2.633s] Invoked command in '/home/lrm/ws01_plumbing/build/cpp06_time' returned '0': CMAKE_PREFIX_PATH=${CMAKE_PREFIX_PATH}:/home/lrm/ws00_helloworld/install/pkg02_helloworld_py:/opt/ros/humble /usr/bin/cmake --build /home/lrm/ws01_plumbing/build/cpp06_time -- -j16 -l16
[2.642s] Invoking command in '/home/lrm/ws01_plumbing/build/cpp06_time': CMAKE_PREFIX_PATH=${CMAKE_PREFIX_PATH}:/home/lrm/ws00_helloworld/install/pkg02_helloworld_py:/opt/ros/humble /usr/bin/cmake --install /home/lrm/ws01_plumbing/build/cpp06_time
[2.650s] -- Install configuration: ""
[2.651s] -- Installing: /home/lrm/ws01_plumbing/install/cpp06_time/lib/cpp06_time/demo01_time
[2.651s] -- Set runtime path of "/home/lrm/ws01_plumbing/install/cpp06_time/lib/cpp06_time/demo01_time" to ""
[2.651s] -- Up-to-date: /home/lrm/ws01_plumbing/install/cpp06_time/share/ament_index/resource_index/package_run_dependencies/cpp06_time
[2.652s] -- Up-to-date: /home/lrm/ws01_plumbing/install/cpp06_time/share/ament_index/resource_index/parent_prefix_path/cpp06_time
[2.652s] -- Up-to-date: /home/lrm/ws01_plumbing/install/cpp06_time/share/cpp06_time/environment/ament_prefix_path.sh
[2.652s] -- Up-to-date: /home/lrm/ws01_plumbing/install/cpp06_time/share/cpp06_time/environment/ament_prefix_path.dsv
[2.652s] -- Up-to-date: /home/lrm/ws01_plumbing/install/cpp06_time/share/cpp06_time/environment/path.sh
[2.652s] -- Up-to-date: /home/lrm/ws01_plumbing/install/cpp06_time/share/cpp06_time/environment/path.dsv
[2.652s] -- Up-to-date: /home/lrm/ws01_plumbing/install/cpp06_time/share/cpp06_time/local_setup.bash
[2.652s] -- Up-to-date: /home/lrm/ws01_plumbing/install/cpp06_time/share/cpp06_time/local_setup.sh
[2.652s] -- Up-to-date: /home/lrm/ws01_plumbing/install/cpp06_time/share/cpp06_time/local_setup.zsh
[2.652s] -- Up-to-date: /home/lrm/ws01_plumbing/install/cpp06_time/share/cpp06_time/local_setup.dsv
[2.652s] -- Installing: /home/lrm/ws01_plumbing/install/cpp06_time/share/cpp06_time/package.dsv
[2.652s] -- Up-to-date: /home/lrm/ws01_plumbing/install/cpp06_time/share/ament_index/resource_index/packages/cpp06_time
[2.652s] -- Up-to-date: /home/lrm/ws01_plumbing/install/cpp06_time/share/cpp06_time/cmake/cpp06_timeConfig.cmake
[2.652s] -- Up-to-date: /home/lrm/ws01_plumbing/install/cpp06_time/share/cpp06_time/cmake/cpp06_timeConfig-version.cmake
[2.652s] -- Up-to-date: /home/lrm/ws01_plumbing/install/cpp06_time/share/cpp06_time/package.xml
[2.655s] Invoked command in '/home/lrm/ws01_plumbing/build/cpp06_time' returned '0': CMAKE_PREFIX_PATH=${CMAKE_PREFIX_PATH}:/home/lrm/ws00_helloworld/install/pkg02_helloworld_py:/opt/ros/humble /usr/bin/cmake --install /home/lrm/ws01_plumbing/build/cpp06_time
