[0.506s] Invoking command in '/home/lrm/ws01_plumbing/src/py04_param': PYTHONPATH=/home/lrm/ws01_plumbing/build/py04_param/prefix_override:/usr/lib/python3/dist-packages/colcon_core/task/python/colcon_distutils_commands:/home/lrm/ws01_plumbing/install/py04_param/lib/python3.10/site-packages:${PYTHONPATH} /usr/bin/python3 -W ignore:setup.py install is deprecated -W ignore:easy_install command is deprecated setup.py egg_info --egg-base ../../build/py04_param build --build-base /home/lrm/ws01_plumbing/build/py04_param/build install --record /home/lrm/ws01_plumbing/build/py04_param/install.log --single-version-externally-managed install_data
[0.704s] running egg_info
[0.704s] writing ../../build/py04_param/py04_param.egg-info/PKG-INFO
[0.704s] writing dependency_links to ../../build/py04_param/py04_param.egg-info/dependency_links.txt
[0.704s] writing entry points to ../../build/py04_param/py04_param.egg-info/entry_points.txt
[0.704s] writing requirements to ../../build/py04_param/py04_param.egg-info/requires.txt
[0.705s] writing top-level names to ../../build/py04_param/py04_param.egg-info/top_level.txt
[0.706s] reading manifest file '../../build/py04_param/py04_param.egg-info/SOURCES.txt'
[0.706s] writing manifest file '../../build/py04_param/py04_param.egg-info/SOURCES.txt'
[0.706s] running build
[0.706s] running build_py
[0.707s] copying py04_param/demo01_param_server_py.py -> /home/lrm/ws01_plumbing/build/py04_param/build/lib/py04_param
[0.707s] running install
[0.707s] running install_lib
[0.708s] copying /home/lrm/ws01_plumbing/build/py04_param/build/lib/py04_param/demo01_param_server_py.py -> /home/lrm/ws01_plumbing/install/py04_param/lib/python3.10/site-packages/py04_param
[0.708s] byte-compiling /home/lrm/ws01_plumbing/install/py04_param/lib/python3.10/site-packages/py04_param/demo01_param_server_py.py to demo01_param_server_py.cpython-310.pyc
[0.709s] running install_data
[0.709s] running install_egg_info
[0.712s] removing '/home/lrm/ws01_plumbing/install/py04_param/lib/python3.10/site-packages/py04_param-0.0.0-py3.10.egg-info' (and everything under it)
[0.713s] Copying ../../build/py04_param/py04_param.egg-info to /home/lrm/ws01_plumbing/install/py04_param/lib/python3.10/site-packages/py04_param-0.0.0-py3.10.egg-info
[0.714s] running install_scripts
[0.730s] Installing demo00_param_py script to /home/lrm/ws01_plumbing/install/py04_param/lib/py04_param
[0.730s] Installing demo01_param_server_py script to /home/lrm/ws01_plumbing/install/py04_param/lib/py04_param
[0.730s] writing list of installed files to '/home/lrm/ws01_plumbing/build/py04_param/install.log'
[0.756s] Invoked command in '/home/lrm/ws01_plumbing/src/py04_param' returned '0': PYTHONPATH=/home/lrm/ws01_plumbing/build/py04_param/prefix_override:/usr/lib/python3/dist-packages/colcon_core/task/python/colcon_distutils_commands:/home/lrm/ws01_plumbing/install/py04_param/lib/python3.10/site-packages:${PYTHONPATH} /usr/bin/python3 -W ignore:setup.py install is deprecated -W ignore:easy_install command is deprecated setup.py egg_info --egg-base ../../build/py04_param build --build-base /home/lrm/ws01_plumbing/build/py04_param/build install --record /home/lrm/ws01_plumbing/build/py04_param/install.log --single-version-externally-managed install_data
