[0.464s] Invoking command in '/home/lrm/ws01_plumbing/src/py03_action': CMAKE_PREFIX_PATH=/home/lrm/ws01_plumbing/install/base_interfaces_demo:/home/lrm/ws01_plumbing/install/cpp03_action:/home/lrm/ws01_plumbing/install/cpp02_service:/home/lrm/ws01_plumbing/install/cpp01_topic:/home/lrm/wit_ros2_imu_ws/install/imu_msg:/home/lrm/ws00_helloworld/install/turtlesim:/home/lrm/ws00_helloworld/install/pkg03_hellovscode_cpp:/home/lrm/ws00_helloworld/install/pkg01_helloworld_cpp PYTHONPATH=/home/lrm/ws01_plumbing/build/py03_action/prefix_override:/usr/lib/python3/dist-packages/colcon_core/task/python/colcon_distutils_commands:/home/lrm/ws01_plumbing/install/py03_action/lib/python3.10/site-packages:${PYTHONPATH} /usr/bin/python3 -W ignore:setup.py install is deprecated -W ignore:easy_install command is deprecated setup.py egg_info --egg-base ../../build/py03_action build --build-base /home/lrm/ws01_plumbing/build/py03_action/build install --record /home/lrm/ws01_plumbing/build/py03_action/install.log --single-version-externally-managed install_data
[0.645s] running egg_info
[0.646s] writing ../../build/py03_action/py03_action.egg-info/PKG-INFO
[0.646s] writing dependency_links to ../../build/py03_action/py03_action.egg-info/dependency_links.txt
[0.646s] writing entry points to ../../build/py03_action/py03_action.egg-info/entry_points.txt
[0.646s] writing requirements to ../../build/py03_action/py03_action.egg-info/requires.txt
[0.646s] writing top-level names to ../../build/py03_action/py03_action.egg-info/top_level.txt
[0.648s] reading manifest file '../../build/py03_action/py03_action.egg-info/SOURCES.txt'
[0.648s] writing manifest file '../../build/py03_action/py03_action.egg-info/SOURCES.txt'
[0.649s] running build
[0.649s] running build_py
[0.649s] running install
[0.649s] running install_lib
[0.650s] running install_data
[0.650s] running install_egg_info
[0.652s] removing '/home/lrm/ws01_plumbing/install/py03_action/lib/python3.10/site-packages/py03_action-0.0.0-py3.10.egg-info' (and everything under it)
[0.652s] Copying ../../build/py03_action/py03_action.egg-info to /home/lrm/ws01_plumbing/install/py03_action/lib/python3.10/site-packages/py03_action-0.0.0-py3.10.egg-info
[0.653s] running install_scripts
[0.668s] Installing demo01_action_server_py script to /home/lrm/ws01_plumbing/install/py03_action/lib/py03_action
[0.668s] Installing demo02_action_client_py script to /home/lrm/ws01_plumbing/install/py03_action/lib/py03_action
[0.669s] writing list of installed files to '/home/lrm/ws01_plumbing/build/py03_action/install.log'
[0.690s] Invoked command in '/home/lrm/ws01_plumbing/src/py03_action' returned '0': CMAKE_PREFIX_PATH=/home/lrm/ws01_plumbing/install/base_interfaces_demo:/home/lrm/ws01_plumbing/install/cpp03_action:/home/lrm/ws01_plumbing/install/cpp02_service:/home/lrm/ws01_plumbing/install/cpp01_topic:/home/lrm/wit_ros2_imu_ws/install/imu_msg:/home/lrm/ws00_helloworld/install/turtlesim:/home/lrm/ws00_helloworld/install/pkg03_hellovscode_cpp:/home/lrm/ws00_helloworld/install/pkg01_helloworld_cpp PYTHONPATH=/home/lrm/ws01_plumbing/build/py03_action/prefix_override:/usr/lib/python3/dist-packages/colcon_core/task/python/colcon_distutils_commands:/home/lrm/ws01_plumbing/install/py03_action/lib/python3.10/site-packages:${PYTHONPATH} /usr/bin/python3 -W ignore:setup.py install is deprecated -W ignore:easy_install command is deprecated setup.py egg_info --egg-base ../../build/py03_action build --build-base /home/lrm/ws01_plumbing/build/py03_action/build install --record /home/lrm/ws01_plumbing/build/py03_action/install.log --single-version-externally-managed install_data
