[0.460s] Invoking command in '/home/lrm/ws01_plumbing/src/py04_param': PYTHONPATH=/home/lrm/ws01_plumbing/build/py04_param/prefix_override:/usr/lib/python3/dist-packages/colcon_core/task/python/colcon_distutils_commands:/home/lrm/ws01_plumbing/install/py04_param/lib/python3.10/site-packages:${PYTHONPATH} /usr/bin/python3 -W ignore:setup.py install is deprecated -W ignore:easy_install command is deprecated setup.py egg_info --egg-base ../../build/py04_param build --build-base /home/lrm/ws01_plumbing/build/py04_param/build install --record /home/lrm/ws01_plumbing/build/py04_param/install.log --single-version-externally-managed install_data
[0.639s] running egg_info
[0.639s] creating ../../build/py04_param/py04_param.egg-info
[0.639s] writing ../../build/py04_param/py04_param.egg-info/PKG-INFO
[0.639s] writing dependency_links to ../../build/py04_param/py04_param.egg-info/dependency_links.txt
[0.640s] writing entry points to ../../build/py04_param/py04_param.egg-info/entry_points.txt
[0.640s] writing requirements to ../../build/py04_param/py04_param.egg-info/requires.txt
[0.640s] writing top-level names to ../../build/py04_param/py04_param.egg-info/top_level.txt
[0.640s] writing manifest file '../../build/py04_param/py04_param.egg-info/SOURCES.txt'
[0.641s] reading manifest file '../../build/py04_param/py04_param.egg-info/SOURCES.txt'
[0.641s] writing manifest file '../../build/py04_param/py04_param.egg-info/SOURCES.txt'
[0.641s] running build
[0.641s] running build_py
[0.642s] creating /home/lrm/ws01_plumbing/build/py04_param/build
[0.642s] creating /home/lrm/ws01_plumbing/build/py04_param/build/lib
[0.642s] creating /home/lrm/ws01_plumbing/build/py04_param/build/lib/py04_param
[0.642s] copying py04_param/demo00_param_py.py -> /home/lrm/ws01_plumbing/build/py04_param/build/lib/py04_param
[0.642s] copying py04_param/__init__.py -> /home/lrm/ws01_plumbing/build/py04_param/build/lib/py04_param
[0.642s] running install
[0.642s] running install_lib
[0.643s] creating /home/lrm/ws01_plumbing/install/py04_param/lib/python3.10/site-packages/py04_param
[0.643s] copying /home/lrm/ws01_plumbing/build/py04_param/build/lib/py04_param/demo00_param_py.py -> /home/lrm/ws01_plumbing/install/py04_param/lib/python3.10/site-packages/py04_param
[0.643s] copying /home/lrm/ws01_plumbing/build/py04_param/build/lib/py04_param/__init__.py -> /home/lrm/ws01_plumbing/install/py04_param/lib/python3.10/site-packages/py04_param
[0.643s] byte-compiling /home/lrm/ws01_plumbing/install/py04_param/lib/python3.10/site-packages/py04_param/demo00_param_py.py to demo00_param_py.cpython-310.pyc
[0.643s] byte-compiling /home/lrm/ws01_plumbing/install/py04_param/lib/python3.10/site-packages/py04_param/__init__.py to __init__.cpython-310.pyc
[0.644s] running install_data
[0.644s] creating /home/lrm/ws01_plumbing/install/py04_param/share/ament_index
[0.644s] creating /home/lrm/ws01_plumbing/install/py04_param/share/ament_index/resource_index
[0.644s] creating /home/lrm/ws01_plumbing/install/py04_param/share/ament_index/resource_index/packages
[0.644s] copying resource/py04_param -> /home/lrm/ws01_plumbing/install/py04_param/share/ament_index/resource_index/packages
[0.644s] copying package.xml -> /home/lrm/ws01_plumbing/install/py04_param/share/py04_param
[0.644s] running install_egg_info
[0.646s] Copying ../../build/py04_param/py04_param.egg-info to /home/lrm/ws01_plumbing/install/py04_param/lib/python3.10/site-packages/py04_param-0.0.0-py3.10.egg-info
[0.646s] running install_scripts
[0.662s] Installing demo00_param_py script to /home/lrm/ws01_plumbing/install/py04_param/lib/py04_param
[0.662s] writing list of installed files to '/home/lrm/ws01_plumbing/build/py04_param/install.log'
[0.680s] Invoked command in '/home/lrm/ws01_plumbing/src/py04_param' returned '0': PYTHONPATH=/home/lrm/ws01_plumbing/build/py04_param/prefix_override:/usr/lib/python3/dist-packages/colcon_core/task/python/colcon_distutils_commands:/home/lrm/ws01_plumbing/install/py04_param/lib/python3.10/site-packages:${PYTHONPATH} /usr/bin/python3 -W ignore:setup.py install is deprecated -W ignore:easy_install command is deprecated setup.py egg_info --egg-base ../../build/py04_param build --build-base /home/lrm/ws01_plumbing/build/py04_param/build install --record /home/lrm/ws01_plumbing/build/py04_param/install.log --single-version-externally-managed install_data
