[0.022s] Invoking command in '/home/lrm/ws01_plumbing/build/cpp07_exercise': AMENT_PREFIX_PATH=/home/lrm/ws01_plumbing/install/turtlesim:${AMENT_PREFIX_PATH} CMAKE_PREFIX_PATH=/home/lrm/ws01_plumbing/install/turtlesim:/home/lrm/ws01_plumbing/install/base_interfaces_demo:/home/lrm/ws01_plumbing/install/cpp07_exercise:/home/lrm/ws01_plumbing/install/cpp06_time:/home/lrm/ws01_plumbing/install/cpp05_names:/home/lrm/ws01_plumbing/install/cpp04_param:/home/lrm/ws01_plumbing/install/cpp03_action:/home/lrm/ws01_plumbing/install/cpp02_service:/home/lrm/ws01_plumbing/install/cpp01_topic:/home/lrm/ws00_helloworld/install/turtlesim:/home/lrm/ws00_helloworld/install/pkg03_hellovscode_cpp:/home/lrm/ws00_helloworld/install/pkg01_helloworld_cpp:/home/lrm/ws01_plumbing/install/py06_time:/home/lrm/ws01_plumbing/install/py05_names:/home/lrm/ws01_plumbing/install/py04_param:/home/lrm/ws01_plumbing/install/py03_action:/home/lrm/ws01_plumbing/install/py02_service:/home/lrm/ws01_plumbing/install/py01_topic:/home/lrm/ws00_helloworld/install/pkg02_helloworld_py:/opt/ros/humble LD_LIBRARY_PATH=/home/lrm/ws01_plumbing/install/turtlesim/lib:${LD_LIBRARY_PATH} PYTHONPATH=/home/lrm/ws01_plumbing/install/turtlesim/local/lib/python3.10/dist-packages:${PYTHONPATH} /usr/bin/cmake --build /home/lrm/ws01_plumbing/build/cpp07_exercise -- -j16 -l16
[0.070s] [35m[1mConsolidate compiler generated dependencies of target exer01_pub_sub[0m
[0.090s] [ 50%] [32mBuilding CXX object CMakeFiles/exer01_pub_sub.dir/src/exer01_pub_sub.cpp.o[0m
[7.442s] [100%] [32m[1mLinking CXX executable exer01_pub_sub[0m
[7.784s] [100%] Built target exer01_pub_sub
[7.796s] Invoked command in '/home/lrm/ws01_plumbing/build/cpp07_exercise' returned '0': AMENT_PREFIX_PATH=/home/lrm/ws01_plumbing/install/turtlesim:${AMENT_PREFIX_PATH} CMAKE_PREFIX_PATH=/home/lrm/ws01_plumbing/install/turtlesim:/home/lrm/ws01_plumbing/install/base_interfaces_demo:/home/lrm/ws01_plumbing/install/cpp07_exercise:/home/lrm/ws01_plumbing/install/cpp06_time:/home/lrm/ws01_plumbing/install/cpp05_names:/home/lrm/ws01_plumbing/install/cpp04_param:/home/lrm/ws01_plumbing/install/cpp03_action:/home/lrm/ws01_plumbing/install/cpp02_service:/home/lrm/ws01_plumbing/install/cpp01_topic:/home/lrm/ws00_helloworld/install/turtlesim:/home/lrm/ws00_helloworld/install/pkg03_hellovscode_cpp:/home/lrm/ws00_helloworld/install/pkg01_helloworld_cpp:/home/lrm/ws01_plumbing/install/py06_time:/home/lrm/ws01_plumbing/install/py05_names:/home/lrm/ws01_plumbing/install/py04_param:/home/lrm/ws01_plumbing/install/py03_action:/home/lrm/ws01_plumbing/install/py02_service:/home/lrm/ws01_plumbing/install/py01_topic:/home/lrm/ws00_helloworld/install/pkg02_helloworld_py:/opt/ros/humble LD_LIBRARY_PATH=/home/lrm/ws01_plumbing/install/turtlesim/lib:${LD_LIBRARY_PATH} PYTHONPATH=/home/lrm/ws01_plumbing/install/turtlesim/local/lib/python3.10/dist-packages:${PYTHONPATH} /usr/bin/cmake --build /home/lrm/ws01_plumbing/build/cpp07_exercise -- -j16 -l16
[7.808s] Invoking command in '/home/lrm/ws01_plumbing/build/cpp07_exercise': AMENT_PREFIX_PATH=/home/lrm/ws01_plumbing/install/turtlesim:${AMENT_PREFIX_PATH} CMAKE_PREFIX_PATH=/home/lrm/ws01_plumbing/install/turtlesim:/home/lrm/ws01_plumbing/install/base_interfaces_demo:/home/lrm/ws01_plumbing/install/cpp07_exercise:/home/lrm/ws01_plumbing/install/cpp06_time:/home/lrm/ws01_plumbing/install/cpp05_names:/home/lrm/ws01_plumbing/install/cpp04_param:/home/lrm/ws01_plumbing/install/cpp03_action:/home/lrm/ws01_plumbing/install/cpp02_service:/home/lrm/ws01_plumbing/install/cpp01_topic:/home/lrm/ws00_helloworld/install/turtlesim:/home/lrm/ws00_helloworld/install/pkg03_hellovscode_cpp:/home/lrm/ws00_helloworld/install/pkg01_helloworld_cpp:/home/lrm/ws01_plumbing/install/py06_time:/home/lrm/ws01_plumbing/install/py05_names:/home/lrm/ws01_plumbing/install/py04_param:/home/lrm/ws01_plumbing/install/py03_action:/home/lrm/ws01_plumbing/install/py02_service:/home/lrm/ws01_plumbing/install/py01_topic:/home/lrm/ws00_helloworld/install/pkg02_helloworld_py:/opt/ros/humble LD_LIBRARY_PATH=/home/lrm/ws01_plumbing/install/turtlesim/lib:${LD_LIBRARY_PATH} PYTHONPATH=/home/lrm/ws01_plumbing/install/turtlesim/local/lib/python3.10/dist-packages:${PYTHONPATH} /usr/bin/cmake --install /home/lrm/ws01_plumbing/build/cpp07_exercise
[7.817s] -- Install configuration: ""
[7.817s] -- Installing: /home/lrm/ws01_plumbing/install/cpp07_exercise/lib/cpp07_exercise/exer01_pub_sub
[7.822s] -- Set runtime path of "/home/lrm/ws01_plumbing/install/cpp07_exercise/lib/cpp07_exercise/exer01_pub_sub" to ""
[7.822s] -- Up-to-date: /home/lrm/ws01_plumbing/install/cpp07_exercise/share/cpp07_exercise/launch
[7.823s] -- Up-to-date: /home/lrm/ws01_plumbing/install/cpp07_exercise/share/cpp07_exercise/launch/exer01_pub_sub_launch.py
[7.823s] -- Up-to-date: /home/lrm/ws01_plumbing/install/cpp07_exercise/share/ament_index/resource_index/package_run_dependencies/cpp07_exercise
[7.823s] -- Up-to-date: /home/lrm/ws01_plumbing/install/cpp07_exercise/share/ament_index/resource_index/parent_prefix_path/cpp07_exercise
[7.823s] -- Up-to-date: /home/lrm/ws01_plumbing/install/cpp07_exercise/share/cpp07_exercise/environment/ament_prefix_path.sh
[7.823s] -- Up-to-date: /home/lrm/ws01_plumbing/install/cpp07_exercise/share/cpp07_exercise/environment/ament_prefix_path.dsv
[7.823s] -- Up-to-date: /home/lrm/ws01_plumbing/install/cpp07_exercise/share/cpp07_exercise/environment/path.sh
[7.823s] -- Up-to-date: /home/lrm/ws01_plumbing/install/cpp07_exercise/share/cpp07_exercise/environment/path.dsv
[7.823s] -- Up-to-date: /home/lrm/ws01_plumbing/install/cpp07_exercise/share/cpp07_exercise/local_setup.bash
[7.823s] -- Up-to-date: /home/lrm/ws01_plumbing/install/cpp07_exercise/share/cpp07_exercise/local_setup.sh
[7.823s] -- Up-to-date: /home/lrm/ws01_plumbing/install/cpp07_exercise/share/cpp07_exercise/local_setup.zsh
[7.823s] -- Up-to-date: /home/lrm/ws01_plumbing/install/cpp07_exercise/share/cpp07_exercise/local_setup.dsv
[7.823s] -- Installing: /home/lrm/ws01_plumbing/install/cpp07_exercise/share/cpp07_exercise/package.dsv
[7.823s] -- Up-to-date: /home/lrm/ws01_plumbing/install/cpp07_exercise/share/ament_index/resource_index/packages/cpp07_exercise
[7.823s] -- Up-to-date: /home/lrm/ws01_plumbing/install/cpp07_exercise/share/cpp07_exercise/cmake/cpp07_exerciseConfig.cmake
[7.823s] -- Up-to-date: /home/lrm/ws01_plumbing/install/cpp07_exercise/share/cpp07_exercise/cmake/cpp07_exerciseConfig-version.cmake
[7.823s] -- Up-to-date: /home/lrm/ws01_plumbing/install/cpp07_exercise/share/cpp07_exercise/package.xml
[7.826s] Invoked command in '/home/lrm/ws01_plumbing/build/cpp07_exercise' returned '0': AMENT_PREFIX_PATH=/home/lrm/ws01_plumbing/install/turtlesim:${AMENT_PREFIX_PATH} CMAKE_PREFIX_PATH=/home/lrm/ws01_plumbing/install/turtlesim:/home/lrm/ws01_plumbing/install/base_interfaces_demo:/home/lrm/ws01_plumbing/install/cpp07_exercise:/home/lrm/ws01_plumbing/install/cpp06_time:/home/lrm/ws01_plumbing/install/cpp05_names:/home/lrm/ws01_plumbing/install/cpp04_param:/home/lrm/ws01_plumbing/install/cpp03_action:/home/lrm/ws01_plumbing/install/cpp02_service:/home/lrm/ws01_plumbing/install/cpp01_topic:/home/lrm/ws00_helloworld/install/turtlesim:/home/lrm/ws00_helloworld/install/pkg03_hellovscode_cpp:/home/lrm/ws00_helloworld/install/pkg01_helloworld_cpp:/home/lrm/ws01_plumbing/install/py06_time:/home/lrm/ws01_plumbing/install/py05_names:/home/lrm/ws01_plumbing/install/py04_param:/home/lrm/ws01_plumbing/install/py03_action:/home/lrm/ws01_plumbing/install/py02_service:/home/lrm/ws01_plumbing/install/py01_topic:/home/lrm/ws00_helloworld/install/pkg02_helloworld_py:/opt/ros/humble LD_LIBRARY_PATH=/home/lrm/ws01_plumbing/install/turtlesim/lib:${LD_LIBRARY_PATH} PYTHONPATH=/home/lrm/ws01_plumbing/install/turtlesim/local/lib/python3.10/dist-packages:${PYTHONPATH} /usr/bin/cmake --install /home/lrm/ws01_plumbing/build/cpp07_exercise
