[0.442s] Invoking command in '/home/lrm/ws01_plumbing/src/py01_topic': CMAKE_PREFIX_PATH=/home/lrm/ws01_plumbing/install/base_interfaces_demo:/home/lrm/ws01_plumbing/install/cpp01_topic:/home/lrm/ws00_helloworld/install/turtlesim:/home/lrm/ws00_helloworld/install/pkg03_hellovscode_cpp:/home/lrm/ws00_helloworld/install/pkg01_helloworld_cpp PYTHONPATH=/home/lrm/ws01_plumbing/build/py01_topic/prefix_override:/usr/lib/python3/dist-packages/colcon_core/task/python/colcon_distutils_commands:/home/lrm/ws01_plumbing/install/py01_topic/lib/python3.10/site-packages:${PYTHONPATH} /usr/bin/python3 -W ignore:setup.py install is deprecated -W ignore:easy_install command is deprecated setup.py egg_info --egg-base ../../build/py01_topic build --build-base /home/lrm/ws01_plumbing/build/py01_topic/build install --record /home/lrm/ws01_plumbing/build/py01_topic/install.log --single-version-externally-managed install_data
[0.615s] running egg_info
[0.615s] writing ../../build/py01_topic/py01_topic.egg-info/PKG-INFO
[0.616s] writing dependency_links to ../../build/py01_topic/py01_topic.egg-info/dependency_links.txt
[0.616s] writing entry points to ../../build/py01_topic/py01_topic.egg-info/entry_points.txt
[0.616s] writing requirements to ../../build/py01_topic/py01_topic.egg-info/requires.txt
[0.616s] writing top-level names to ../../build/py01_topic/py01_topic.egg-info/top_level.txt
[0.617s] reading manifest file '../../build/py01_topic/py01_topic.egg-info/SOURCES.txt'
[0.618s] writing manifest file '../../build/py01_topic/py01_topic.egg-info/SOURCES.txt'
[0.618s] running build
[0.618s] running build_py
[0.618s] running install
[0.618s] running install_lib
[0.619s] running install_data
[0.619s] running install_egg_info
[0.621s] removing '/home/lrm/ws01_plumbing/install/py01_topic/lib/python3.10/site-packages/py01_topic-0.0.0-py3.10.egg-info' (and everything under it)
[0.621s] Copying ../../build/py01_topic/py01_topic.egg-info to /home/lrm/ws01_plumbing/install/py01_topic/lib/python3.10/site-packages/py01_topic-0.0.0-py3.10.egg-info
[0.622s] running install_scripts
[0.636s] Installing demo01_talker_str_py = py01_topic.demo01_talker_str_py:maindemo02_listener_str_py script to /home/lrm/ws01_plumbing/install/py01_topic/lib/py01_topic
[0.636s] writing list of installed files to '/home/lrm/ws01_plumbing/build/py01_topic/install.log'
[0.652s] Invoked command in '/home/lrm/ws01_plumbing/src/py01_topic' returned '0': CMAKE_PREFIX_PATH=/home/lrm/ws01_plumbing/install/base_interfaces_demo:/home/lrm/ws01_plumbing/install/cpp01_topic:/home/lrm/ws00_helloworld/install/turtlesim:/home/lrm/ws00_helloworld/install/pkg03_hellovscode_cpp:/home/lrm/ws00_helloworld/install/pkg01_helloworld_cpp PYTHONPATH=/home/lrm/ws01_plumbing/build/py01_topic/prefix_override:/usr/lib/python3/dist-packages/colcon_core/task/python/colcon_distutils_commands:/home/lrm/ws01_plumbing/install/py01_topic/lib/python3.10/site-packages:${PYTHONPATH} /usr/bin/python3 -W ignore:setup.py install is deprecated -W ignore:easy_install command is deprecated setup.py egg_info --egg-base ../../build/py01_topic build --build-base /home/lrm/ws01_plumbing/build/py01_topic/build install --record /home/lrm/ws01_plumbing/build/py01_topic/install.log --single-version-externally-managed install_data
