[0.012s] Invoking command in '/home/lrm/ws01_plumbing/build/cpp03_action': AMENT_PREFIX_PATH=/home/lrm/ws01_plumbing/install/base_interfaces_demo:${AMENT_PREFIX_PATH} CMAKE_PREFIX_PATH=/home/lrm/ws01_plumbing/install/base_interfaces_demo:/home/lrm/ws00_helloworld/install/turtlesim:/home/lrm/ws00_helloworld/install/pkg03_hellovscode_cpp:/home/lrm/ws00_helloworld/install/pkg01_helloworld_cpp:/home/lrm/ws00_helloworld/install/pkg02_helloworld_py:/opt/ros/humble LD_LIBRARY_PATH=/home/lrm/ws01_plumbing/install/base_interfaces_demo/lib:${LD_LIBRARY_PATH} PYTHONPATH=/home/lrm/ws01_plumbing/install/base_interfaces_demo/local/lib/python3.10/dist-packages:${PYTHONPATH} /usr/bin/cmake --build /home/lrm/ws01_plumbing/build/cpp03_action -- -j16 -l16
[0.058s] [35m[1mConsolidate compiler generated dependencies of target demo01_action_server[0m
[0.071s] [ 50%] Built target demo02_action_client
[0.077s] [ 75%] [32mBuilding CXX object CMakeFiles/demo01_action_server.dir/src/demo01_action_server.cpp.o[0m
[3.612s] [100%] [32m[1mLinking CXX executable demo01_action_server[0m
[3.822s] [100%] Built target demo01_action_server
[3.837s] Invoked command in '/home/lrm/ws01_plumbing/build/cpp03_action' returned '0': AMENT_PREFIX_PATH=/home/lrm/ws01_plumbing/install/base_interfaces_demo:${AMENT_PREFIX_PATH} CMAKE_PREFIX_PATH=/home/lrm/ws01_plumbing/install/base_interfaces_demo:/home/lrm/ws00_helloworld/install/turtlesim:/home/lrm/ws00_helloworld/install/pkg03_hellovscode_cpp:/home/lrm/ws00_helloworld/install/pkg01_helloworld_cpp:/home/lrm/ws00_helloworld/install/pkg02_helloworld_py:/opt/ros/humble LD_LIBRARY_PATH=/home/lrm/ws01_plumbing/install/base_interfaces_demo/lib:${LD_LIBRARY_PATH} PYTHONPATH=/home/lrm/ws01_plumbing/install/base_interfaces_demo/local/lib/python3.10/dist-packages:${PYTHONPATH} /usr/bin/cmake --build /home/lrm/ws01_plumbing/build/cpp03_action -- -j16 -l16
[3.848s] Invoking command in '/home/lrm/ws01_plumbing/build/cpp03_action': AMENT_PREFIX_PATH=/home/lrm/ws01_plumbing/install/base_interfaces_demo:${AMENT_PREFIX_PATH} CMAKE_PREFIX_PATH=/home/lrm/ws01_plumbing/install/base_interfaces_demo:/home/lrm/ws00_helloworld/install/turtlesim:/home/lrm/ws00_helloworld/install/pkg03_hellovscode_cpp:/home/lrm/ws00_helloworld/install/pkg01_helloworld_cpp:/home/lrm/ws00_helloworld/install/pkg02_helloworld_py:/opt/ros/humble LD_LIBRARY_PATH=/home/lrm/ws01_plumbing/install/base_interfaces_demo/lib:${LD_LIBRARY_PATH} PYTHONPATH=/home/lrm/ws01_plumbing/install/base_interfaces_demo/local/lib/python3.10/dist-packages:${PYTHONPATH} /usr/bin/cmake --install /home/lrm/ws01_plumbing/build/cpp03_action
[3.856s] -- Install configuration: ""
[3.856s] -- Installing: /home/lrm/ws01_plumbing/install/cpp03_action/lib/cpp03_action/demo01_action_server
[3.857s] -- Set runtime path of "/home/lrm/ws01_plumbing/install/cpp03_action/lib/cpp03_action/demo01_action_server" to ""
[3.857s] -- Up-to-date: /home/lrm/ws01_plumbing/install/cpp03_action/lib/cpp03_action/demo02_action_client
[3.857s] -- Up-to-date: /home/lrm/ws01_plumbing/install/cpp03_action/share/ament_index/resource_index/package_run_dependencies/cpp03_action
[3.857s] -- Up-to-date: /home/lrm/ws01_plumbing/install/cpp03_action/share/ament_index/resource_index/parent_prefix_path/cpp03_action
[3.857s] -- Up-to-date: /home/lrm/ws01_plumbing/install/cpp03_action/share/cpp03_action/environment/ament_prefix_path.sh
[3.857s] -- Up-to-date: /home/lrm/ws01_plumbing/install/cpp03_action/share/cpp03_action/environment/ament_prefix_path.dsv
[3.857s] -- Up-to-date: /home/lrm/ws01_plumbing/install/cpp03_action/share/cpp03_action/environment/path.sh
[3.858s] -- Up-to-date: /home/lrm/ws01_plumbing/install/cpp03_action/share/cpp03_action/environment/path.dsv
[3.858s] -- Up-to-date: /home/lrm/ws01_plumbing/install/cpp03_action/share/cpp03_action/local_setup.bash
[3.858s] -- Up-to-date: /home/lrm/ws01_plumbing/install/cpp03_action/share/cpp03_action/local_setup.sh
[3.858s] -- Up-to-date: /home/lrm/ws01_plumbing/install/cpp03_action/share/cpp03_action/local_setup.zsh
[3.858s] -- Up-to-date: /home/lrm/ws01_plumbing/install/cpp03_action/share/cpp03_action/local_setup.dsv
[3.858s] -- Installing: /home/lrm/ws01_plumbing/install/cpp03_action/share/cpp03_action/package.dsv
[3.858s] -- Up-to-date: /home/lrm/ws01_plumbing/install/cpp03_action/share/ament_index/resource_index/packages/cpp03_action
[3.858s] -- Up-to-date: /home/lrm/ws01_plumbing/install/cpp03_action/share/cpp03_action/cmake/cpp03_actionConfig.cmake
[3.858s] -- Up-to-date: /home/lrm/ws01_plumbing/install/cpp03_action/share/cpp03_action/cmake/cpp03_actionConfig-version.cmake
[3.858s] -- Up-to-date: /home/lrm/ws01_plumbing/install/cpp03_action/share/cpp03_action/package.xml
[3.860s] Invoked command in '/home/lrm/ws01_plumbing/build/cpp03_action' returned '0': AMENT_PREFIX_PATH=/home/lrm/ws01_plumbing/install/base_interfaces_demo:${AMENT_PREFIX_PATH} CMAKE_PREFIX_PATH=/home/lrm/ws01_plumbing/install/base_interfaces_demo:/home/lrm/ws00_helloworld/install/turtlesim:/home/lrm/ws00_helloworld/install/pkg03_hellovscode_cpp:/home/lrm/ws00_helloworld/install/pkg01_helloworld_cpp:/home/lrm/ws00_helloworld/install/pkg02_helloworld_py:/opt/ros/humble LD_LIBRARY_PATH=/home/lrm/ws01_plumbing/install/base_interfaces_demo/lib:${LD_LIBRARY_PATH} PYTHONPATH=/home/lrm/ws01_plumbing/install/base_interfaces_demo/local/lib/python3.10/dist-packages:${PYTHONPATH} /usr/bin/cmake --install /home/lrm/ws01_plumbing/build/cpp03_action
