[0.011s] Invoking command in '/home/lrm/ws01_plumbing/build/cpp05_names': CMAKE_PREFIX_PATH=${CMAKE_PREFIX_PATH}:/home/lrm/ws00_helloworld/install/pkg02_helloworld_py:/opt/ros/humble /usr/bin/cmake /home/lrm/ws01_plumbing/src/cpp05_names -DCMAKE_INSTALL_PREFIX=/home/lrm/ws01_plumbing/install/cpp05_names
[0.085s] -- The C compiler identification is GNU 11.4.0
[0.147s] -- The CXX compiler identification is GNU 11.4.0
[0.156s] -- Detecting C compiler ABI info
[0.218s] -- Detecting C compiler ABI info - done
[0.223s] -- Check for working C compiler: /usr/bin/cc - skipped
[0.224s] -- Detecting C compile features
[0.224s] -- Detecting C compile features - done
[0.227s] -- Detecting CXX compiler ABI info
[0.297s] -- Detecting CXX compiler ABI info - done
[0.302s] -- Check for working CXX compiler: /usr/bin/c++ - skipped
[0.302s] -- Detecting CXX compile features
[0.302s] -- Detecting CXX compile features - done
[0.305s] -- Found ament_cmake: 1.3.12 (/opt/ros/humble/share/ament_cmake/cmake)
[0.449s] -- Found Python3: /usr/bin/python3 (found version "3.10.12") found components: Interpreter 
[0.536s] -- Found rclcpp: 16.0.16 (/opt/ros/humble/share/rclcpp/cmake)
[0.581s] -- Found rosidl_generator_c: 3.1.7 (/opt/ros/humble/share/rosidl_generator_c/cmake)
[0.587s] -- Found rosidl_adapter: 3.1.7 (/opt/ros/humble/share/rosidl_adapter/cmake)
[0.595s] -- Found rosidl_generator_cpp: 3.1.7 (/opt/ros/humble/share/rosidl_generator_cpp/cmake)
[0.609s] -- Using all available rosidl_typesupport_c: rosidl_typesupport_fastrtps_c;rosidl_typesupport_introspection_c
[0.626s] -- Using all available rosidl_typesupport_cpp: rosidl_typesupport_fastrtps_cpp;rosidl_typesupport_introspection_cpp
[0.671s] -- Found rmw_implementation_cmake: 6.1.2 (/opt/ros/humble/share/rmw_implementation_cmake/cmake)
[0.674s] -- Found rmw_fastrtps_cpp: 6.2.9 (/opt/ros/humble/share/rmw_fastrtps_cpp/cmake)
[0.758s] -- Found OpenSSL: /usr/lib/x86_64-linux-gnu/libcrypto.so (found version "3.0.2")  
[0.782s] -- Found FastRTPS: /opt/ros/humble/include  
[0.819s] -- Using RMW implementation 'rmw_fastrtps_cpp' as default
[0.829s] -- Looking for pthread.h
[0.892s] -- Looking for pthread.h - found
[0.892s] -- Performing Test CMAKE_HAVE_LIBC_PTHREAD
[0.963s] -- Performing Test CMAKE_HAVE_LIBC_PTHREAD - Success
[0.964s] -- Found Threads: TRUE  
[1.015s] -- Found ament_lint_auto: 0.12.14 (/opt/ros/humble/share/ament_lint_auto/cmake)
[1.082s] -- Added test 'cppcheck' to perform static code analysis on C / C++ code
[1.082s] -- Configured cppcheck include dirs: $<BUILD_INTERFACE:/home/lrm/ws01_plumbing/src/cpp05_names/include>
[1.082s] -- Configured cppcheck exclude dirs and/or files: 
[1.083s] -- Added test 'flake8' to check Python code syntax and style conventions
[1.083s] -- Added test 'lint_cmake' to check CMake code style
[1.084s] -- Added test 'pep257' to check Python code against some of the docstring style conventions in PEP 257
[1.085s] -- Added test 'uncrustify' to check C / C++ code style
[1.085s] -- Configured uncrustify additional arguments: 
[1.085s] -- Added test 'xmllint' to check XML markup files
[1.087s] -- Configuring done
[1.096s] -- Generating done
[1.098s] -- Build files have been written to: /home/lrm/ws01_plumbing/build/cpp05_names
[1.107s] Invoked command in '/home/lrm/ws01_plumbing/build/cpp05_names' returned '0': CMAKE_PREFIX_PATH=${CMAKE_PREFIX_PATH}:/home/lrm/ws00_helloworld/install/pkg02_helloworld_py:/opt/ros/humble /usr/bin/cmake /home/lrm/ws01_plumbing/src/cpp05_names -DCMAKE_INSTALL_PREFIX=/home/lrm/ws01_plumbing/install/cpp05_names
[1.109s] Invoking command in '/home/lrm/ws01_plumbing/build/cpp05_names': CMAKE_PREFIX_PATH=${CMAKE_PREFIX_PATH}:/home/lrm/ws00_helloworld/install/pkg02_helloworld_py:/opt/ros/humble /usr/bin/cmake --build /home/lrm/ws01_plumbing/build/cpp05_names -- -j16 -l16
[1.156s] [ 50%] [32mBuilding CXX object CMakeFiles/demo01_names.dir/src/demo01_names.cpp.o[0m
[1.187s] [100%] [32m[1mLinking CXX executable demo01_names[0m
[1.244s] [100%] Built target demo01_names
[1.256s] Invoked command in '/home/lrm/ws01_plumbing/build/cpp05_names' returned '0': CMAKE_PREFIX_PATH=${CMAKE_PREFIX_PATH}:/home/lrm/ws00_helloworld/install/pkg02_helloworld_py:/opt/ros/humble /usr/bin/cmake --build /home/lrm/ws01_plumbing/build/cpp05_names -- -j16 -l16
[1.266s] Invoking command in '/home/lrm/ws01_plumbing/build/cpp05_names': CMAKE_PREFIX_PATH=${CMAKE_PREFIX_PATH}:/home/lrm/ws00_helloworld/install/pkg02_helloworld_py:/opt/ros/humble /usr/bin/cmake --install /home/lrm/ws01_plumbing/build/cpp05_names
[1.274s] -- Install configuration: ""
[1.274s] -- Installing: /home/lrm/ws01_plumbing/install/cpp05_names/lib/cpp05_names/demo01_names
[1.274s] -- Set runtime path of "/home/lrm/ws01_plumbing/install/cpp05_names/lib/cpp05_names/demo01_names" to ""
[1.274s] -- Installing: /home/lrm/ws01_plumbing/install/cpp05_names/share/cpp05_names/launch
[1.274s] -- Installing: /home/lrm/ws01_plumbing/install/cpp05_names/share/cpp05_names/launch/demo01_names_launch.py
[1.275s] -- Installing: /home/lrm/ws01_plumbing/install/cpp05_names/share/ament_index/resource_index/package_run_dependencies/cpp05_names
[1.275s] -- Installing: /home/lrm/ws01_plumbing/install/cpp05_names/share/ament_index/resource_index/parent_prefix_path/cpp05_names
[1.275s] -- Installing: /home/lrm/ws01_plumbing/install/cpp05_names/share/cpp05_names/environment/ament_prefix_path.sh
[1.275s] -- Installing: /home/lrm/ws01_plumbing/install/cpp05_names/share/cpp05_names/environment/ament_prefix_path.dsv
[1.275s] -- Installing: /home/lrm/ws01_plumbing/install/cpp05_names/share/cpp05_names/environment/path.sh
[1.275s] -- Installing: /home/lrm/ws01_plumbing/install/cpp05_names/share/cpp05_names/environment/path.dsv
[1.276s] -- Installing: /home/lrm/ws01_plumbing/install/cpp05_names/share/cpp05_names/local_setup.bash
[1.276s] -- Installing: /home/lrm/ws01_plumbing/install/cpp05_names/share/cpp05_names/local_setup.sh
[1.276s] -- Installing: /home/lrm/ws01_plumbing/install/cpp05_names/share/cpp05_names/local_setup.zsh
[1.276s] -- Installing: /home/lrm/ws01_plumbing/install/cpp05_names/share/cpp05_names/local_setup.dsv
[1.276s] -- Installing: /home/lrm/ws01_plumbing/install/cpp05_names/share/cpp05_names/package.dsv
[1.276s] -- Installing: /home/lrm/ws01_plumbing/install/cpp05_names/share/ament_index/resource_index/packages/cpp05_names
[1.276s] -- Installing: /home/lrm/ws01_plumbing/install/cpp05_names/share/cpp05_names/cmake/cpp05_namesConfig.cmake
[1.277s] -- Installing: /home/lrm/ws01_plumbing/install/cpp05_names/share/cpp05_names/cmake/cpp05_namesConfig-version.cmake
[1.277s] -- Installing: /home/lrm/ws01_plumbing/install/cpp05_names/share/cpp05_names/package.xml
[1.279s] Invoked command in '/home/lrm/ws01_plumbing/build/cpp05_names' returned '0': CMAKE_PREFIX_PATH=${CMAKE_PREFIX_PATH}:/home/lrm/ws00_helloworld/install/pkg02_helloworld_py:/opt/ros/humble /usr/bin/cmake --install /home/lrm/ws01_plumbing/build/cpp05_names
