[0.008s] Invoking command in '/home/lrm/ws01_plumbing/build/base_interfaces_demo': CMAKE_PREFIX_PATH=${CMAKE_PREFIX_PATH}:/home/lrm/ws00_helloworld/install/pkg02_helloworld_py:/opt/ros/humble /usr/bin/cmake /home/lrm/ws01_plumbing/src/base_interfaces_demo -DCMAKE_INSTALL_PREFIX=/home/lrm/ws01_plumbing/install/base_interfaces_demo
[0.085s] -- The C compiler identification is GNU 11.4.0
[0.148s] -- The CXX compiler identification is GNU 11.4.0
[0.156s] -- Detecting C compiler ABI info
[0.220s] -- Detecting C compiler ABI info - done
[0.225s] -- Check for working C compiler: /usr/bin/cc - skipped
[0.225s] -- Detecting C compile features
[0.226s] -- Detecting C compile features - done
[0.229s] -- Detecting CXX compiler ABI info
[0.302s] -- Detecting CXX compiler ABI info - done
[0.307s] -- Check for working CXX compiler: /usr/bin/c++ - skipped
[0.307s] -- Detecting CXX compile features
[0.308s] -- Detecting CXX compile features - done
[0.311s] -- Found ament_cmake: 1.3.12 (/opt/ros/humble/share/ament_cmake/cmake)
[0.438s] -- Found Python3: /usr/bin/python3 (found version "3.10.12") found components: Interpreter 
[0.527s] -- Found ament_lint_auto: 0.12.14 (/opt/ros/humble/share/ament_lint_auto/cmake)
[0.594s] -- Added test 'lint_cmake' to check CMake code style
[0.595s] -- Added test 'xmllint' to check XML markup files
[0.597s] -- Configuring done
[0.600s] -- Generating done
[0.601s] -- Build files have been written to: /home/lrm/ws01_plumbing/build/base_interfaces_demo
[0.605s] Invoked command in '/home/lrm/ws01_plumbing/build/base_interfaces_demo' returned '0': CMAKE_PREFIX_PATH=${CMAKE_PREFIX_PATH}:/home/lrm/ws00_helloworld/install/pkg02_helloworld_py:/opt/ros/humble /usr/bin/cmake /home/lrm/ws01_plumbing/src/base_interfaces_demo -DCMAKE_INSTALL_PREFIX=/home/lrm/ws01_plumbing/install/base_interfaces_demo
[0.607s] Invoking command in '/home/lrm/ws01_plumbing/build/base_interfaces_demo': CMAKE_PREFIX_PATH=${CMAKE_PREFIX_PATH}:/home/lrm/ws00_helloworld/install/pkg02_helloworld_py:/opt/ros/humble /usr/bin/cmake --build /home/lrm/ws01_plumbing/build/base_interfaces_demo -- -j16 -l16
[0.647s] Invoked command in '/home/lrm/ws01_plumbing/build/base_interfaces_demo' returned '0': CMAKE_PREFIX_PATH=${CMAKE_PREFIX_PATH}:/home/lrm/ws00_helloworld/install/pkg02_helloworld_py:/opt/ros/humble /usr/bin/cmake --build /home/lrm/ws01_plumbing/build/base_interfaces_demo -- -j16 -l16
[0.658s] Invoking command in '/home/lrm/ws01_plumbing/build/base_interfaces_demo': CMAKE_PREFIX_PATH=${CMAKE_PREFIX_PATH}:/home/lrm/ws00_helloworld/install/pkg02_helloworld_py:/opt/ros/humble /usr/bin/cmake --install /home/lrm/ws01_plumbing/build/base_interfaces_demo
[0.665s] -- Install configuration: ""
[0.665s] -- Installing: /home/lrm/ws01_plumbing/install/base_interfaces_demo/share/ament_index/resource_index/package_run_dependencies/base_interfaces_demo
[0.666s] -- Installing: /home/lrm/ws01_plumbing/install/base_interfaces_demo/share/ament_index/resource_index/parent_prefix_path/base_interfaces_demo
[0.666s] -- Installing: /home/lrm/ws01_plumbing/install/base_interfaces_demo/share/base_interfaces_demo/environment/ament_prefix_path.sh
[0.666s] -- Installing: /home/lrm/ws01_plumbing/install/base_interfaces_demo/share/base_interfaces_demo/environment/ament_prefix_path.dsv
[0.666s] -- Installing: /home/lrm/ws01_plumbing/install/base_interfaces_demo/share/base_interfaces_demo/environment/path.sh
[0.666s] -- Installing: /home/lrm/ws01_plumbing/install/base_interfaces_demo/share/base_interfaces_demo/environment/path.dsv
[0.666s] -- Installing: /home/lrm/ws01_plumbing/install/base_interfaces_demo/share/base_interfaces_demo/local_setup.bash
[0.667s] -- Installing: /home/lrm/ws01_plumbing/install/base_interfaces_demo/share/base_interfaces_demo/local_setup.sh
[0.667s] -- Installing: /home/lrm/ws01_plumbing/install/base_interfaces_demo/share/base_interfaces_demo/local_setup.zsh
[0.667s] -- Installing: /home/lrm/ws01_plumbing/install/base_interfaces_demo/share/base_interfaces_demo/local_setup.dsv
[0.667s] -- Installing: /home/lrm/ws01_plumbing/install/base_interfaces_demo/share/base_interfaces_demo/package.dsv
[0.667s] -- Installing: /home/lrm/ws01_plumbing/install/base_interfaces_demo/share/ament_index/resource_index/packages/base_interfaces_demo
[0.668s] -- Installing: /home/lrm/ws01_plumbing/install/base_interfaces_demo/share/base_interfaces_demo/cmake/base_interfaces_demoConfig.cmake
[0.668s] -- Installing: /home/lrm/ws01_plumbing/install/base_interfaces_demo/share/base_interfaces_demo/cmake/base_interfaces_demoConfig-version.cmake
[0.668s] -- Installing: /home/lrm/ws01_plumbing/install/base_interfaces_demo/share/base_interfaces_demo/package.xml
[0.670s] Invoked command in '/home/lrm/ws01_plumbing/build/base_interfaces_demo' returned '0': CMAKE_PREFIX_PATH=${CMAKE_PREFIX_PATH}:/home/lrm/ws00_helloworld/install/pkg02_helloworld_py:/opt/ros/humble /usr/bin/cmake --install /home/lrm/ws01_plumbing/build/base_interfaces_demo
