[0.012s] Invoking command in '/home/lrm/ws01_plumbing/build/cpp04_param': CMAKE_PREFIX_PATH=${CMAKE_PREFIX_PATH}:/home/lrm/ws01_plumbing/install/py04_param:/home/lrm/ws01_plumbing/install/py03_action:/home/lrm/ws01_plumbing/install/py02_service:/home/lrm/ws01_plumbing/install/py01_topic:/home/lrm/ws00_helloworld/install/pkg02_helloworld_py:/opt/ros/humble /usr/bin/cmake --build /home/lrm/ws01_plumbing/build/cpp04_param -- -j16 -l16
[0.059s] [35m[1mConsolidate compiler generated dependencies of target demo01_param_server[0m
[0.076s] [ 66%] Built target demo02_param_client
[0.076s] [ 66%] Built target demo00_param
[0.081s] [ 83%] [32mBuilding CXX object CMakeFiles/demo01_param_server.dir/src/demo01_param_server.cpp.o[0m
[2.832s] [100%] [32m[1mLinking CXX executable demo01_param_server[0m
[2.959s] [100%] Built target demo01_param_server
[2.971s] Invoked command in '/home/lrm/ws01_plumbing/build/cpp04_param' returned '0': CMAKE_PREFIX_PATH=${CMAKE_PREFIX_PATH}:/home/lrm/ws01_plumbing/install/py04_param:/home/lrm/ws01_plumbing/install/py03_action:/home/lrm/ws01_plumbing/install/py02_service:/home/lrm/ws01_plumbing/install/py01_topic:/home/lrm/ws00_helloworld/install/pkg02_helloworld_py:/opt/ros/humble /usr/bin/cmake --build /home/lrm/ws01_plumbing/build/cpp04_param -- -j16 -l16
[2.982s] Invoking command in '/home/lrm/ws01_plumbing/build/cpp04_param': CMAKE_PREFIX_PATH=${CMAKE_PREFIX_PATH}:/home/lrm/ws01_plumbing/install/py04_param:/home/lrm/ws01_plumbing/install/py03_action:/home/lrm/ws01_plumbing/install/py02_service:/home/lrm/ws01_plumbing/install/py01_topic:/home/lrm/ws00_helloworld/install/pkg02_helloworld_py:/opt/ros/humble /usr/bin/cmake --install /home/lrm/ws01_plumbing/build/cpp04_param
[2.990s] -- Install configuration: ""
[2.990s] -- Up-to-date: /home/lrm/ws01_plumbing/install/cpp04_param/lib/cpp04_param/demo00_param
[2.991s] -- Installing: /home/lrm/ws01_plumbing/install/cpp04_param/lib/cpp04_param/demo01_param_server
[2.991s] -- Set runtime path of "/home/lrm/ws01_plumbing/install/cpp04_param/lib/cpp04_param/demo01_param_server" to ""
[2.991s] -- Up-to-date: /home/lrm/ws01_plumbing/install/cpp04_param/lib/cpp04_param/demo02_param_client
[2.991s] -- Up-to-date: /home/lrm/ws01_plumbing/install/cpp04_param/share/ament_index/resource_index/package_run_dependencies/cpp04_param
[2.992s] -- Up-to-date: /home/lrm/ws01_plumbing/install/cpp04_param/share/ament_index/resource_index/parent_prefix_path/cpp04_param
[2.992s] -- Up-to-date: /home/lrm/ws01_plumbing/install/cpp04_param/share/cpp04_param/environment/ament_prefix_path.sh
[2.992s] -- Up-to-date: /home/lrm/ws01_plumbing/install/cpp04_param/share/cpp04_param/environment/ament_prefix_path.dsv
[2.992s] -- Up-to-date: /home/lrm/ws01_plumbing/install/cpp04_param/share/cpp04_param/environment/path.sh
[2.992s] -- Up-to-date: /home/lrm/ws01_plumbing/install/cpp04_param/share/cpp04_param/environment/path.dsv
[2.992s] -- Up-to-date: /home/lrm/ws01_plumbing/install/cpp04_param/share/cpp04_param/local_setup.bash
[2.992s] -- Up-to-date: /home/lrm/ws01_plumbing/install/cpp04_param/share/cpp04_param/local_setup.sh
[2.992s] -- Up-to-date: /home/lrm/ws01_plumbing/install/cpp04_param/share/cpp04_param/local_setup.zsh
[2.992s] -- Up-to-date: /home/lrm/ws01_plumbing/install/cpp04_param/share/cpp04_param/local_setup.dsv
[2.992s] -- Installing: /home/lrm/ws01_plumbing/install/cpp04_param/share/cpp04_param/package.dsv
[2.992s] -- Up-to-date: /home/lrm/ws01_plumbing/install/cpp04_param/share/ament_index/resource_index/packages/cpp04_param
[2.992s] -- Up-to-date: /home/lrm/ws01_plumbing/install/cpp04_param/share/cpp04_param/cmake/cpp04_paramConfig.cmake
[2.992s] -- Up-to-date: /home/lrm/ws01_plumbing/install/cpp04_param/share/cpp04_param/cmake/cpp04_paramConfig-version.cmake
[2.992s] -- Up-to-date: /home/lrm/ws01_plumbing/install/cpp04_param/share/cpp04_param/package.xml
[2.995s] Invoked command in '/home/lrm/ws01_plumbing/build/cpp04_param' returned '0': CMAKE_PREFIX_PATH=${CMAKE_PREFIX_PATH}:/home/lrm/ws01_plumbing/install/py04_param:/home/lrm/ws01_plumbing/install/py03_action:/home/lrm/ws01_plumbing/install/py02_service:/home/lrm/ws01_plumbing/install/py01_topic:/home/lrm/ws00_helloworld/install/pkg02_helloworld_py:/opt/ros/humble /usr/bin/cmake --install /home/lrm/ws01_plumbing/build/cpp04_param
