[0.010s] Invoking command in '/home/lrm/ws01_plumbing/build/cpp01_topic': CMAKE_PREFIX_PATH=/home/lrm/ws01_plumbing/install/base_interfaces_demo:/home/lrm/ws01_plumbing/install/cpp01_topic:/home/lrm/ws00_helloworld/install/turtlesim:/home/lrm/ws00_helloworld/install/pkg03_hellovscode_cpp:/home/lrm/ws00_helloworld/install/pkg01_helloworld_cpp:/home/lrm/ws01_plumbing/install/py01_topic:/home/lrm/ws00_helloworld/install/pkg02_helloworld_py:/opt/ros/humble /usr/bin/cmake --build /home/lrm/ws01_plumbing/build/cpp01_topic -- -j16 -l16
[0.059s] [35m[1mConsolidate compiler generated dependencies of target demo02_listener_str[0m
[0.071s] [ 50%] Built target demo01_talker_str
[0.076s] [100%] Built target demo02_listener_str
[0.203s] Invoked command in '/home/lrm/ws01_plumbing/build/cpp01_topic' returned '0': CMAKE_PREFIX_PATH=/home/lrm/ws01_plumbing/install/base_interfaces_demo:/home/lrm/ws01_plumbing/install/cpp01_topic:/home/lrm/ws00_helloworld/install/turtlesim:/home/lrm/ws00_helloworld/install/pkg03_hellovscode_cpp:/home/lrm/ws00_helloworld/install/pkg01_helloworld_cpp:/home/lrm/ws01_plumbing/install/py01_topic:/home/lrm/ws00_helloworld/install/pkg02_helloworld_py:/opt/ros/humble /usr/bin/cmake --build /home/lrm/ws01_plumbing/build/cpp01_topic -- -j16 -l16
[0.212s] Invoking command in '/home/lrm/ws01_plumbing/build/cpp01_topic': CMAKE_PREFIX_PATH=/home/lrm/ws01_plumbing/install/base_interfaces_demo:/home/lrm/ws01_plumbing/install/cpp01_topic:/home/lrm/ws00_helloworld/install/turtlesim:/home/lrm/ws00_helloworld/install/pkg03_hellovscode_cpp:/home/lrm/ws00_helloworld/install/pkg01_helloworld_cpp:/home/lrm/ws01_plumbing/install/py01_topic:/home/lrm/ws00_helloworld/install/pkg02_helloworld_py:/opt/ros/humble /usr/bin/cmake --install /home/lrm/ws01_plumbing/build/cpp01_topic
[0.218s] -- Install configuration: ""
[0.218s] -- Up-to-date: /home/lrm/ws01_plumbing/install/cpp01_topic/lib/cpp01_topic/demo01_talker_str
[0.219s] -- Up-to-date: /home/lrm/ws01_plumbing/install/cpp01_topic/lib/cpp01_topic/demo02_listener_str
[0.219s] -- Up-to-date: /home/lrm/ws01_plumbing/install/cpp01_topic/share/ament_index/resource_index/package_run_dependencies/cpp01_topic
[0.219s] -- Up-to-date: /home/lrm/ws01_plumbing/install/cpp01_topic/share/ament_index/resource_index/parent_prefix_path/cpp01_topic
[0.219s] -- Up-to-date: /home/lrm/ws01_plumbing/install/cpp01_topic/share/cpp01_topic/environment/ament_prefix_path.sh
[0.219s] -- Up-to-date: /home/lrm/ws01_plumbing/install/cpp01_topic/share/cpp01_topic/environment/ament_prefix_path.dsv
[0.219s] -- Up-to-date: /home/lrm/ws01_plumbing/install/cpp01_topic/share/cpp01_topic/environment/path.sh
[0.219s] -- Up-to-date: /home/lrm/ws01_plumbing/install/cpp01_topic/share/cpp01_topic/environment/path.dsv
[0.219s] -- Up-to-date: /home/lrm/ws01_plumbing/install/cpp01_topic/share/cpp01_topic/local_setup.bash
[0.219s] -- Up-to-date: /home/lrm/ws01_plumbing/install/cpp01_topic/share/cpp01_topic/local_setup.sh
[0.219s] -- Up-to-date: /home/lrm/ws01_plumbing/install/cpp01_topic/share/cpp01_topic/local_setup.zsh
[0.220s] -- Up-to-date: /home/lrm/ws01_plumbing/install/cpp01_topic/share/cpp01_topic/local_setup.dsv
[0.220s] -- Installing: /home/lrm/ws01_plumbing/install/cpp01_topic/share/cpp01_topic/package.dsv
[0.220s] -- Up-to-date: /home/lrm/ws01_plumbing/install/cpp01_topic/share/ament_index/resource_index/packages/cpp01_topic
[0.220s] -- Up-to-date: /home/lrm/ws01_plumbing/install/cpp01_topic/share/cpp01_topic/cmake/cpp01_topicConfig.cmake
[0.220s] -- Up-to-date: /home/lrm/ws01_plumbing/install/cpp01_topic/share/cpp01_topic/cmake/cpp01_topicConfig-version.cmake
[0.220s] -- Up-to-date: /home/lrm/ws01_plumbing/install/cpp01_topic/share/cpp01_topic/package.xml
[0.222s] Invoked command in '/home/lrm/ws01_plumbing/build/cpp01_topic' returned '0': CMAKE_PREFIX_PATH=/home/lrm/ws01_plumbing/install/base_interfaces_demo:/home/lrm/ws01_plumbing/install/cpp01_topic:/home/lrm/ws00_helloworld/install/turtlesim:/home/lrm/ws00_helloworld/install/pkg03_hellovscode_cpp:/home/lrm/ws00_helloworld/install/pkg01_helloworld_cpp:/home/lrm/ws01_plumbing/install/py01_topic:/home/lrm/ws00_helloworld/install/pkg02_helloworld_py:/opt/ros/humble /usr/bin/cmake --install /home/lrm/ws01_plumbing/build/cpp01_topic
