[0.014s] Invoking command in '/home/lrm/ws01_plumbing/build/cpp07_exercise': CMAKE_PREFIX_PATH=/home/lrm/ws01_plumbing/install/turtlesim:/home/lrm/ws01_plumbing/install/base_interfaces_demo:/home/lrm/ws01_plumbing/install/cpp07_exercise:/home/lrm/ws01_plumbing/install/cpp06_time:/home/lrm/ws01_plumbing/install/cpp05_names:/home/lrm/ws01_plumbing/install/cpp04_param:/home/lrm/ws01_plumbing/install/cpp03_action:/home/lrm/ws01_plumbing/install/cpp02_service:/home/lrm/ws01_plumbing/install/cpp01_topic:/home/lrm/ws00_helloworld/install/turtlesim:/home/lrm/ws00_helloworld/install/pkg03_hellovscode_cpp:/home/lrm/ws00_helloworld/install/pkg01_helloworld_cpp:/home/lrm/ws01_plumbing/install/py06_time:/home/lrm/ws01_plumbing/install/py05_names:/home/lrm/ws01_plumbing/install/py04_param:/home/lrm/ws01_plumbing/install/py03_action:/home/lrm/ws01_plumbing/install/py02_service:/home/lrm/ws01_plumbing/install/py01_topic:/home/lrm/ws00_helloworld/install/pkg02_helloworld_py:/opt/ros/humble /usr/bin/cmake --build /home/lrm/ws01_plumbing/build/cpp07_exercise -- -j16 -l16
[0.063s] [35m[1mConsolidate compiler generated dependencies of target exer02_server[0m
[0.079s] [ 66%] Built target exer03_client
[0.079s] [ 66%] Built target exer01_pub_sub
[0.084s] [ 83%] [32mBuilding CXX object CMakeFiles/exer02_server.dir/src/exer02_server.cpp.o[0m
[7.517s] [100%] [32m[1mLinking CXX executable exer02_server[0m
[7.909s] [100%] Built target exer02_server
[7.922s] Invoked command in '/home/lrm/ws01_plumbing/build/cpp07_exercise' returned '0': CMAKE_PREFIX_PATH=/home/lrm/ws01_plumbing/install/turtlesim:/home/lrm/ws01_plumbing/install/base_interfaces_demo:/home/lrm/ws01_plumbing/install/cpp07_exercise:/home/lrm/ws01_plumbing/install/cpp06_time:/home/lrm/ws01_plumbing/install/cpp05_names:/home/lrm/ws01_plumbing/install/cpp04_param:/home/lrm/ws01_plumbing/install/cpp03_action:/home/lrm/ws01_plumbing/install/cpp02_service:/home/lrm/ws01_plumbing/install/cpp01_topic:/home/lrm/ws00_helloworld/install/turtlesim:/home/lrm/ws00_helloworld/install/pkg03_hellovscode_cpp:/home/lrm/ws00_helloworld/install/pkg01_helloworld_cpp:/home/lrm/ws01_plumbing/install/py06_time:/home/lrm/ws01_plumbing/install/py05_names:/home/lrm/ws01_plumbing/install/py04_param:/home/lrm/ws01_plumbing/install/py03_action:/home/lrm/ws01_plumbing/install/py02_service:/home/lrm/ws01_plumbing/install/py01_topic:/home/lrm/ws00_helloworld/install/pkg02_helloworld_py:/opt/ros/humble /usr/bin/cmake --build /home/lrm/ws01_plumbing/build/cpp07_exercise -- -j16 -l16
[7.934s] Invoking command in '/home/lrm/ws01_plumbing/build/cpp07_exercise': CMAKE_PREFIX_PATH=/home/lrm/ws01_plumbing/install/turtlesim:/home/lrm/ws01_plumbing/install/base_interfaces_demo:/home/lrm/ws01_plumbing/install/cpp07_exercise:/home/lrm/ws01_plumbing/install/cpp06_time:/home/lrm/ws01_plumbing/install/cpp05_names:/home/lrm/ws01_plumbing/install/cpp04_param:/home/lrm/ws01_plumbing/install/cpp03_action:/home/lrm/ws01_plumbing/install/cpp02_service:/home/lrm/ws01_plumbing/install/cpp01_topic:/home/lrm/ws00_helloworld/install/turtlesim:/home/lrm/ws00_helloworld/install/pkg03_hellovscode_cpp:/home/lrm/ws00_helloworld/install/pkg01_helloworld_cpp:/home/lrm/ws01_plumbing/install/py06_time:/home/lrm/ws01_plumbing/install/py05_names:/home/lrm/ws01_plumbing/install/py04_param:/home/lrm/ws01_plumbing/install/py03_action:/home/lrm/ws01_plumbing/install/py02_service:/home/lrm/ws01_plumbing/install/py01_topic:/home/lrm/ws00_helloworld/install/pkg02_helloworld_py:/opt/ros/humble /usr/bin/cmake --install /home/lrm/ws01_plumbing/build/cpp07_exercise
[7.946s] -- Install configuration: ""
[7.946s] -- Up-to-date: /home/lrm/ws01_plumbing/install/cpp07_exercise/lib/cpp07_exercise/exer01_pub_sub
[7.946s] -- Installing: /home/lrm/ws01_plumbing/install/cpp07_exercise/lib/cpp07_exercise/exer02_server
[7.951s] -- Set runtime path of "/home/lrm/ws01_plumbing/install/cpp07_exercise/lib/cpp07_exercise/exer02_server" to ""
[7.951s] -- Up-to-date: /home/lrm/ws01_plumbing/install/cpp07_exercise/lib/cpp07_exercise/exer03_client
[7.951s] -- Up-to-date: /home/lrm/ws01_plumbing/install/cpp07_exercise/share/cpp07_exercise/launch
[7.951s] -- Up-to-date: /home/lrm/ws01_plumbing/install/cpp07_exercise/share/cpp07_exercise/launch/exer02_server_launch.py
[7.951s] -- Up-to-date: /home/lrm/ws01_plumbing/install/cpp07_exercise/share/cpp07_exercise/launch/exer01_pub_sub_launch.py
[7.951s] -- Up-to-date: /home/lrm/ws01_plumbing/install/cpp07_exercise/share/cpp07_exercise/launch/exer03_client_launch.py
[7.951s] -- Up-to-date: /home/lrm/ws01_plumbing/install/cpp07_exercise/share/ament_index/resource_index/package_run_dependencies/cpp07_exercise
[7.952s] -- Up-to-date: /home/lrm/ws01_plumbing/install/cpp07_exercise/share/ament_index/resource_index/parent_prefix_path/cpp07_exercise
[7.952s] -- Up-to-date: /home/lrm/ws01_plumbing/install/cpp07_exercise/share/cpp07_exercise/environment/ament_prefix_path.sh
[7.952s] -- Up-to-date: /home/lrm/ws01_plumbing/install/cpp07_exercise/share/cpp07_exercise/environment/ament_prefix_path.dsv
[7.952s] -- Up-to-date: /home/lrm/ws01_plumbing/install/cpp07_exercise/share/cpp07_exercise/environment/path.sh
[7.952s] -- Up-to-date: /home/lrm/ws01_plumbing/install/cpp07_exercise/share/cpp07_exercise/environment/path.dsv
[7.952s] -- Up-to-date: /home/lrm/ws01_plumbing/install/cpp07_exercise/share/cpp07_exercise/local_setup.bash
[7.952s] -- Up-to-date: /home/lrm/ws01_plumbing/install/cpp07_exercise/share/cpp07_exercise/local_setup.sh
[7.952s] -- Up-to-date: /home/lrm/ws01_plumbing/install/cpp07_exercise/share/cpp07_exercise/local_setup.zsh
[7.952s] -- Up-to-date: /home/lrm/ws01_plumbing/install/cpp07_exercise/share/cpp07_exercise/local_setup.dsv
[7.952s] -- Installing: /home/lrm/ws01_plumbing/install/cpp07_exercise/share/cpp07_exercise/package.dsv
[7.952s] -- Up-to-date: /home/lrm/ws01_plumbing/install/cpp07_exercise/share/ament_index/resource_index/packages/cpp07_exercise
[7.952s] -- Up-to-date: /home/lrm/ws01_plumbing/install/cpp07_exercise/share/cpp07_exercise/cmake/cpp07_exerciseConfig.cmake
[7.952s] -- Up-to-date: /home/lrm/ws01_plumbing/install/cpp07_exercise/share/cpp07_exercise/cmake/cpp07_exerciseConfig-version.cmake
[7.952s] -- Up-to-date: /home/lrm/ws01_plumbing/install/cpp07_exercise/share/cpp07_exercise/package.xml
[7.954s] Invoked command in '/home/lrm/ws01_plumbing/build/cpp07_exercise' returned '0': CMAKE_PREFIX_PATH=/home/lrm/ws01_plumbing/install/turtlesim:/home/lrm/ws01_plumbing/install/base_interfaces_demo:/home/lrm/ws01_plumbing/install/cpp07_exercise:/home/lrm/ws01_plumbing/install/cpp06_time:/home/lrm/ws01_plumbing/install/cpp05_names:/home/lrm/ws01_plumbing/install/cpp04_param:/home/lrm/ws01_plumbing/install/cpp03_action:/home/lrm/ws01_plumbing/install/cpp02_service:/home/lrm/ws01_plumbing/install/cpp01_topic:/home/lrm/ws00_helloworld/install/turtlesim:/home/lrm/ws00_helloworld/install/pkg03_hellovscode_cpp:/home/lrm/ws00_helloworld/install/pkg01_helloworld_cpp:/home/lrm/ws01_plumbing/install/py06_time:/home/lrm/ws01_plumbing/install/py05_names:/home/lrm/ws01_plumbing/install/py04_param:/home/lrm/ws01_plumbing/install/py03_action:/home/lrm/ws01_plumbing/install/py02_service:/home/lrm/ws01_plumbing/install/py01_topic:/home/lrm/ws00_helloworld/install/pkg02_helloworld_py:/opt/ros/humble /usr/bin/cmake --install /home/lrm/ws01_plumbing/build/cpp07_exercise
