[0.485s] Invoking command in '/home/lrm/ws01_plumbing/src/py02_service': AMENT_PREFIX_PATH=/home/lrm/ws01_plumbing/install/base_interfaces_demo:${AMENT_PREFIX_PATH} CMAKE_PREFIX_PATH=/home/lrm/ws01_plumbing/install/base_interfaces_demo:${CMAKE_PREFIX_PATH} LD_LIBRARY_PATH=/home/lrm/ws01_plumbing/install/base_interfaces_demo/lib:${LD_LIBRARY_PATH} PYTHONPATH=/home/lrm/ws01_plumbing/build/py02_service/prefix_override:/usr/lib/python3/dist-packages/colcon_core/task/python/colcon_distutils_commands:/home/lrm/ws01_plumbing/install/py02_service/lib/python3.10/site-packages:/home/lrm/ws01_plumbing/install/base_interfaces_demo/local/lib/python3.10/dist-packages:${PYTHONPATH} /usr/bin/python3 -W ignore:setup.py install is deprecated -W ignore:easy_install command is deprecated setup.py egg_info --egg-base ../../build/py02_service build --build-base /home/lrm/ws01_plumbing/build/py02_service/build install --record /home/lrm/ws01_plumbing/build/py02_service/install.log --single-version-externally-managed install_data
[0.659s] running egg_info
[0.659s] creating ../../build/py02_service/py02_service.egg-info
[0.659s] writing ../../build/py02_service/py02_service.egg-info/PKG-INFO
[0.659s] writing dependency_links to ../../build/py02_service/py02_service.egg-info/dependency_links.txt
[0.659s] writing entry points to ../../build/py02_service/py02_service.egg-info/entry_points.txt
[0.659s] writing requirements to ../../build/py02_service/py02_service.egg-info/requires.txt
[0.659s] writing top-level names to ../../build/py02_service/py02_service.egg-info/top_level.txt
[0.659s] writing manifest file '../../build/py02_service/py02_service.egg-info/SOURCES.txt'
[0.660s] reading manifest file '../../build/py02_service/py02_service.egg-info/SOURCES.txt'
[0.661s] writing manifest file '../../build/py02_service/py02_service.egg-info/SOURCES.txt'
[0.661s] running build
[0.661s] running build_py
[0.661s] creating /home/lrm/ws01_plumbing/build/py02_service/build
[0.661s] creating /home/lrm/ws01_plumbing/build/py02_service/build/lib
[0.661s] creating /home/lrm/ws01_plumbing/build/py02_service/build/lib/py02_service
[0.661s] copying py02_service/demo02_client_py.py -> /home/lrm/ws01_plumbing/build/py02_service/build/lib/py02_service
[0.661s] copying py02_service/demo01_server_py.py -> /home/lrm/ws01_plumbing/build/py02_service/build/lib/py02_service
[0.661s] copying py02_service/__init__.py -> /home/lrm/ws01_plumbing/build/py02_service/build/lib/py02_service
[0.662s] running install
[0.662s] running install_lib
[0.662s] creating /home/lrm/ws01_plumbing/install/py02_service/lib/python3.10/site-packages/py02_service
[0.662s] copying /home/lrm/ws01_plumbing/build/py02_service/build/lib/py02_service/demo02_client_py.py -> /home/lrm/ws01_plumbing/install/py02_service/lib/python3.10/site-packages/py02_service
[0.662s] copying /home/lrm/ws01_plumbing/build/py02_service/build/lib/py02_service/demo01_server_py.py -> /home/lrm/ws01_plumbing/install/py02_service/lib/python3.10/site-packages/py02_service
[0.663s] copying /home/lrm/ws01_plumbing/build/py02_service/build/lib/py02_service/__init__.py -> /home/lrm/ws01_plumbing/install/py02_service/lib/python3.10/site-packages/py02_service
[0.663s] byte-compiling /home/lrm/ws01_plumbing/install/py02_service/lib/python3.10/site-packages/py02_service/demo02_client_py.py to demo02_client_py.cpython-310.pyc
[0.663s] byte-compiling /home/lrm/ws01_plumbing/install/py02_service/lib/python3.10/site-packages/py02_service/demo01_server_py.py to demo01_server_py.cpython-310.pyc
[0.663s] byte-compiling /home/lrm/ws01_plumbing/install/py02_service/lib/python3.10/site-packages/py02_service/__init__.py to __init__.cpython-310.pyc
[0.663s] running install_data
[0.664s] creating /home/lrm/ws01_plumbing/install/py02_service/share/ament_index
[0.664s] creating /home/lrm/ws01_plumbing/install/py02_service/share/ament_index/resource_index
[0.664s] creating /home/lrm/ws01_plumbing/install/py02_service/share/ament_index/resource_index/packages
[0.664s] copying resource/py02_service -> /home/lrm/ws01_plumbing/install/py02_service/share/ament_index/resource_index/packages
[0.664s] copying package.xml -> /home/lrm/ws01_plumbing/install/py02_service/share/py02_service
[0.664s] running install_egg_info
[0.665s] Copying ../../build/py02_service/py02_service.egg-info to /home/lrm/ws01_plumbing/install/py02_service/lib/python3.10/site-packages/py02_service-0.0.0-py3.10.egg-info
[0.666s] running install_scripts
[0.681s] Installing demo01_server_py script to /home/lrm/ws01_plumbing/install/py02_service/lib/py02_service
[0.681s] Installing demo02_client_py script to /home/lrm/ws01_plumbing/install/py02_service/lib/py02_service
[0.681s] writing list of installed files to '/home/lrm/ws01_plumbing/build/py02_service/install.log'
[0.703s] Invoked command in '/home/lrm/ws01_plumbing/src/py02_service' returned '0': AMENT_PREFIX_PATH=/home/lrm/ws01_plumbing/install/base_interfaces_demo:${AMENT_PREFIX_PATH} CMAKE_PREFIX_PATH=/home/lrm/ws01_plumbing/install/base_interfaces_demo:${CMAKE_PREFIX_PATH} LD_LIBRARY_PATH=/home/lrm/ws01_plumbing/install/base_interfaces_demo/lib:${LD_LIBRARY_PATH} PYTHONPATH=/home/lrm/ws01_plumbing/build/py02_service/prefix_override:/usr/lib/python3/dist-packages/colcon_core/task/python/colcon_distutils_commands:/home/lrm/ws01_plumbing/install/py02_service/lib/python3.10/site-packages:/home/lrm/ws01_plumbing/install/base_interfaces_demo/local/lib/python3.10/dist-packages:${PYTHONPATH} /usr/bin/python3 -W ignore:setup.py install is deprecated -W ignore:easy_install command is deprecated setup.py egg_info --egg-base ../../build/py02_service build --build-base /home/lrm/ws01_plumbing/build/py02_service/build install --record /home/lrm/ws01_plumbing/build/py02_service/install.log --single-version-externally-managed install_data
