[0.463s] Invoking command in '/home/lrm/ws01_plumbing/src/py03_action': AMENT_PREFIX_PATH=/home/lrm/ws01_plumbing/install/base_interfaces_demo:${AMENT_PREFIX_PATH} CMAKE_PREFIX_PATH=/home/lrm/ws01_plumbing/install/base_interfaces_demo:${CMAKE_PREFIX_PATH} LD_LIBRARY_PATH=/home/lrm/ws01_plumbing/install/base_interfaces_demo/lib:${LD_LIBRARY_PATH} PYTHONPATH=/home/lrm/ws01_plumbing/build/py03_action/prefix_override:/usr/lib/python3/dist-packages/colcon_core/task/python/colcon_distutils_commands:/home/lrm/ws01_plumbing/install/py03_action/lib/python3.10/site-packages:/home/lrm/ws01_plumbing/install/base_interfaces_demo/local/lib/python3.10/dist-packages:${PYTHONPATH} /usr/bin/python3 -W ignore:setup.py install is deprecated -W ignore:easy_install command is deprecated setup.py egg_info --egg-base ../../build/py03_action build --build-base /home/lrm/ws01_plumbing/build/py03_action/build install --record /home/lrm/ws01_plumbing/build/py03_action/install.log --single-version-externally-managed install_data
[0.642s] running egg_info
[0.643s] writing ../../build/py03_action/py03_action.egg-info/PKG-INFO
[0.643s] writing dependency_links to ../../build/py03_action/py03_action.egg-info/dependency_links.txt
[0.643s] writing entry points to ../../build/py03_action/py03_action.egg-info/entry_points.txt
[0.643s] writing requirements to ../../build/py03_action/py03_action.egg-info/requires.txt
[0.643s] writing top-level names to ../../build/py03_action/py03_action.egg-info/top_level.txt
[0.644s] reading manifest file '../../build/py03_action/py03_action.egg-info/SOURCES.txt'
[0.645s] writing manifest file '../../build/py03_action/py03_action.egg-info/SOURCES.txt'
[0.645s] running build
[0.645s] running build_py
[0.645s] copying py03_action/demo02_action_client_py.py -> /home/lrm/ws01_plumbing/build/py03_action/build/lib/py03_action
[0.645s] running install
[0.645s] running install_lib
[0.646s] copying /home/lrm/ws01_plumbing/build/py03_action/build/lib/py03_action/demo02_action_client_py.py -> /home/lrm/ws01_plumbing/install/py03_action/lib/python3.10/site-packages/py03_action
[0.647s] byte-compiling /home/lrm/ws01_plumbing/install/py03_action/lib/python3.10/site-packages/py03_action/demo02_action_client_py.py to demo02_action_client_py.cpython-310.pyc
[0.647s] running install_data
[0.647s] running install_egg_info
[0.649s] removing '/home/lrm/ws01_plumbing/install/py03_action/lib/python3.10/site-packages/py03_action-0.0.0-py3.10.egg-info' (and everything under it)
[0.649s] Copying ../../build/py03_action/py03_action.egg-info to /home/lrm/ws01_plumbing/install/py03_action/lib/python3.10/site-packages/py03_action-0.0.0-py3.10.egg-info
[0.650s] running install_scripts
[0.665s] Installing demo01_action_server_py script to /home/lrm/ws01_plumbing/install/py03_action/lib/py03_action
[0.665s] Installing demo02_action_client_py script to /home/lrm/ws01_plumbing/install/py03_action/lib/py03_action
[0.665s] writing list of installed files to '/home/lrm/ws01_plumbing/build/py03_action/install.log'
[0.686s] Invoked command in '/home/lrm/ws01_plumbing/src/py03_action' returned '0': AMENT_PREFIX_PATH=/home/lrm/ws01_plumbing/install/base_interfaces_demo:${AMENT_PREFIX_PATH} CMAKE_PREFIX_PATH=/home/lrm/ws01_plumbing/install/base_interfaces_demo:${CMAKE_PREFIX_PATH} LD_LIBRARY_PATH=/home/lrm/ws01_plumbing/install/base_interfaces_demo/lib:${LD_LIBRARY_PATH} PYTHONPATH=/home/lrm/ws01_plumbing/build/py03_action/prefix_override:/usr/lib/python3/dist-packages/colcon_core/task/python/colcon_distutils_commands:/home/lrm/ws01_plumbing/install/py03_action/lib/python3.10/site-packages:/home/lrm/ws01_plumbing/install/base_interfaces_demo/local/lib/python3.10/dist-packages:${PYTHONPATH} /usr/bin/python3 -W ignore:setup.py install is deprecated -W ignore:easy_install command is deprecated setup.py egg_info --egg-base ../../build/py03_action build --build-base /home/lrm/ws01_plumbing/build/py03_action/build install --record /home/lrm/ws01_plumbing/build/py03_action/install.log --single-version-externally-managed install_data
