[0.507s] Invoking command in '/home/lrm/ws01_plumbing/src/py01_topic': AMENT_PREFIX_PATH=/home/lrm/ws01_plumbing/install/base_interfaces_demo:${AMENT_PREFIX_PATH} CMAKE_PREFIX_PATH=/home/lrm/ws01_plumbing/install/base_interfaces_demo:${CMAKE_PREFIX_PATH} PYTHONPATH=/home/lrm/ws01_plumbing/build/py01_topic/prefix_override:/usr/lib/python3/dist-packages/colcon_core/task/python/colcon_distutils_commands:/home/lrm/ws01_plumbing/install/py01_topic/lib/python3.10/site-packages:${PYTHONPATH} /usr/bin/python3 -W ignore:setup.py install is deprecated -W ignore:easy_install command is deprecated setup.py egg_info --egg-base ../../build/py01_topic build --build-base /home/lrm/ws01_plumbing/build/py01_topic/build install --record /home/lrm/ws01_plumbing/build/py01_topic/install.log --single-version-externally-managed install_data
[0.689s] running egg_info
[0.690s] creating ../../build/py01_topic/py01_topic.egg-info
[0.690s] writing ../../build/py01_topic/py01_topic.egg-info/PKG-INFO
[0.690s] writing dependency_links to ../../build/py01_topic/py01_topic.egg-info/dependency_links.txt
[0.690s] writing entry points to ../../build/py01_topic/py01_topic.egg-info/entry_points.txt
[0.690s] writing requirements to ../../build/py01_topic/py01_topic.egg-info/requires.txt
[0.690s] writing top-level names to ../../build/py01_topic/py01_topic.egg-info/top_level.txt
[0.691s] writing manifest file '../../build/py01_topic/py01_topic.egg-info/SOURCES.txt'
[0.692s] reading manifest file '../../build/py01_topic/py01_topic.egg-info/SOURCES.txt'
[0.693s] writing manifest file '../../build/py01_topic/py01_topic.egg-info/SOURCES.txt'
[0.693s] running build
[0.693s] running build_py
[0.693s] creating /home/lrm/ws01_plumbing/build/py01_topic/build
[0.693s] creating /home/lrm/ws01_plumbing/build/py01_topic/build/lib
[0.694s] creating /home/lrm/ws01_plumbing/build/py01_topic/build/lib/py01_topic
[0.694s] copying py01_topic/__init__.py -> /home/lrm/ws01_plumbing/build/py01_topic/build/lib/py01_topic
[0.694s] copying py01_topic/demo01_talker_str_py.py -> /home/lrm/ws01_plumbing/build/py01_topic/build/lib/py01_topic
[0.694s] running install
[0.694s] running install_lib
[0.695s] creating /home/lrm/ws01_plumbing/install/py01_topic/lib/python3.10/site-packages/py01_topic
[0.695s] copying /home/lrm/ws01_plumbing/build/py01_topic/build/lib/py01_topic/__init__.py -> /home/lrm/ws01_plumbing/install/py01_topic/lib/python3.10/site-packages/py01_topic
[0.695s] copying /home/lrm/ws01_plumbing/build/py01_topic/build/lib/py01_topic/demo01_talker_str_py.py -> /home/lrm/ws01_plumbing/install/py01_topic/lib/python3.10/site-packages/py01_topic
[0.695s] byte-compiling /home/lrm/ws01_plumbing/install/py01_topic/lib/python3.10/site-packages/py01_topic/__init__.py to __init__.cpython-310.pyc
[0.695s] byte-compiling /home/lrm/ws01_plumbing/install/py01_topic/lib/python3.10/site-packages/py01_topic/demo01_talker_str_py.py to demo01_talker_str_py.cpython-310.pyc
[0.695s] running install_data
[0.696s] creating /home/lrm/ws01_plumbing/install/py01_topic/share/ament_index
[0.696s] creating /home/lrm/ws01_plumbing/install/py01_topic/share/ament_index/resource_index
[0.696s] creating /home/lrm/ws01_plumbing/install/py01_topic/share/ament_index/resource_index/packages
[0.696s] copying resource/py01_topic -> /home/lrm/ws01_plumbing/install/py01_topic/share/ament_index/resource_index/packages
[0.696s] copying package.xml -> /home/lrm/ws01_plumbing/install/py01_topic/share/py01_topic
[0.696s] running install_egg_info
[0.699s] Copying ../../build/py01_topic/py01_topic.egg-info to /home/lrm/ws01_plumbing/install/py01_topic/lib/python3.10/site-packages/py01_topic-0.0.0-py3.10.egg-info
[0.700s] running install_scripts
[0.718s] Installing demo01_talker_str_py script to /home/lrm/ws01_plumbing/install/py01_topic/lib/py01_topic
[0.718s] writing list of installed files to '/home/lrm/ws01_plumbing/build/py01_topic/install.log'
[0.745s] Invoked command in '/home/lrm/ws01_plumbing/src/py01_topic' returned '0': AMENT_PREFIX_PATH=/home/lrm/ws01_plumbing/install/base_interfaces_demo:${AMENT_PREFIX_PATH} CMAKE_PREFIX_PATH=/home/lrm/ws01_plumbing/install/base_interfaces_demo:${CMAKE_PREFIX_PATH} PYTHONPATH=/home/lrm/ws01_plumbing/build/py01_topic/prefix_override:/usr/lib/python3/dist-packages/colcon_core/task/python/colcon_distutils_commands:/home/lrm/ws01_plumbing/install/py01_topic/lib/python3.10/site-packages:${PYTHONPATH} /usr/bin/python3 -W ignore:setup.py install is deprecated -W ignore:easy_install command is deprecated setup.py egg_info --egg-base ../../build/py01_topic build --build-base /home/lrm/ws01_plumbing/build/py01_topic/build install --record /home/lrm/ws01_plumbing/build/py01_topic/install.log --single-version-externally-managed install_data
