[0.011s] Invoking command in '/home/lrm/ws01_plumbing/build/cpp02_service': CMAKE_PREFIX_PATH=/home/lrm/ws01_plumbing/install/base_interfaces_demo:/home/lrm/ws01_plumbing/install/cpp02_service:/home/lrm/ws01_plumbing/install/cpp01_topic:/home/lrm/ws00_helloworld/install/turtlesim:/home/lrm/ws00_helloworld/install/pkg03_hellovscode_cpp:/home/lrm/ws00_helloworld/install/pkg01_helloworld_cpp:/home/lrm/ws01_plumbing/install/py01_topic:/home/lrm/ws00_helloworld/install/pkg02_helloworld_py:/opt/ros/humble /usr/bin/cmake --build /home/lrm/ws01_plumbing/build/cpp02_service -- -j16 -l16
[0.048s] [35m[1mConsolidate compiler generated dependencies of target demo02_client[0m
[0.048s] [35m[1mConsolidate compiler generated dependencies of target demo01_server[0m
[0.066s] [ 75%] [32mBuilding CXX object CMakeFiles/demo01_server.dir/src/demo01_server.cpp.o[0m
[0.066s] [ 75%] Built target demo02_client
[2.817s] [100%] [32m[1mLinking CXX executable demo01_server[0m
[2.932s] [100%] Built target demo01_server
[2.944s] Invoked command in '/home/lrm/ws01_plumbing/build/cpp02_service' returned '0': CMAKE_PREFIX_PATH=/home/lrm/ws01_plumbing/install/base_interfaces_demo:/home/lrm/ws01_plumbing/install/cpp02_service:/home/lrm/ws01_plumbing/install/cpp01_topic:/home/lrm/ws00_helloworld/install/turtlesim:/home/lrm/ws00_helloworld/install/pkg03_hellovscode_cpp:/home/lrm/ws00_helloworld/install/pkg01_helloworld_cpp:/home/lrm/ws01_plumbing/install/py01_topic:/home/lrm/ws00_helloworld/install/pkg02_helloworld_py:/opt/ros/humble /usr/bin/cmake --build /home/lrm/ws01_plumbing/build/cpp02_service -- -j16 -l16
[2.954s] Invoking command in '/home/lrm/ws01_plumbing/build/cpp02_service': CMAKE_PREFIX_PATH=/home/lrm/ws01_plumbing/install/base_interfaces_demo:/home/lrm/ws01_plumbing/install/cpp02_service:/home/lrm/ws01_plumbing/install/cpp01_topic:/home/lrm/ws00_helloworld/install/turtlesim:/home/lrm/ws00_helloworld/install/pkg03_hellovscode_cpp:/home/lrm/ws00_helloworld/install/pkg01_helloworld_cpp:/home/lrm/ws01_plumbing/install/py01_topic:/home/lrm/ws00_helloworld/install/pkg02_helloworld_py:/opt/ros/humble /usr/bin/cmake --install /home/lrm/ws01_plumbing/build/cpp02_service
[2.961s] -- Install configuration: ""
[2.961s] -- Installing: /home/lrm/ws01_plumbing/install/cpp02_service/lib/cpp02_service/demo01_server
[2.962s] -- Set runtime path of "/home/lrm/ws01_plumbing/install/cpp02_service/lib/cpp02_service/demo01_server" to ""
[2.962s] -- Up-to-date: /home/lrm/ws01_plumbing/install/cpp02_service/lib/cpp02_service/demo02_client
[2.962s] -- Up-to-date: /home/lrm/ws01_plumbing/install/cpp02_service/share/ament_index/resource_index/package_run_dependencies/cpp02_service
[2.962s] -- Up-to-date: /home/lrm/ws01_plumbing/install/cpp02_service/share/ament_index/resource_index/parent_prefix_path/cpp02_service
[2.962s] -- Up-to-date: /home/lrm/ws01_plumbing/install/cpp02_service/share/cpp02_service/environment/ament_prefix_path.sh
[2.962s] -- Up-to-date: /home/lrm/ws01_plumbing/install/cpp02_service/share/cpp02_service/environment/ament_prefix_path.dsv
[2.962s] -- Up-to-date: /home/lrm/ws01_plumbing/install/cpp02_service/share/cpp02_service/environment/path.sh
[2.962s] -- Up-to-date: /home/lrm/ws01_plumbing/install/cpp02_service/share/cpp02_service/environment/path.dsv
[2.962s] -- Up-to-date: /home/lrm/ws01_plumbing/install/cpp02_service/share/cpp02_service/local_setup.bash
[2.962s] -- Up-to-date: /home/lrm/ws01_plumbing/install/cpp02_service/share/cpp02_service/local_setup.sh
[2.962s] -- Up-to-date: /home/lrm/ws01_plumbing/install/cpp02_service/share/cpp02_service/local_setup.zsh
[2.963s] -- Up-to-date: /home/lrm/ws01_plumbing/install/cpp02_service/share/cpp02_service/local_setup.dsv
[2.963s] -- Installing: /home/lrm/ws01_plumbing/install/cpp02_service/share/cpp02_service/package.dsv
[2.963s] -- Up-to-date: /home/lrm/ws01_plumbing/install/cpp02_service/share/ament_index/resource_index/packages/cpp02_service
[2.963s] -- Up-to-date: /home/lrm/ws01_plumbing/install/cpp02_service/share/cpp02_service/cmake/cpp02_serviceConfig.cmake
[2.963s] -- Up-to-date: /home/lrm/ws01_plumbing/install/cpp02_service/share/cpp02_service/cmake/cpp02_serviceConfig-version.cmake
[2.963s] -- Up-to-date: /home/lrm/ws01_plumbing/install/cpp02_service/share/cpp02_service/package.xml
[2.965s] Invoked command in '/home/lrm/ws01_plumbing/build/cpp02_service' returned '0': CMAKE_PREFIX_PATH=/home/lrm/ws01_plumbing/install/base_interfaces_demo:/home/lrm/ws01_plumbing/install/cpp02_service:/home/lrm/ws01_plumbing/install/cpp01_topic:/home/lrm/ws00_helloworld/install/turtlesim:/home/lrm/ws00_helloworld/install/pkg03_hellovscode_cpp:/home/lrm/ws00_helloworld/install/pkg01_helloworld_cpp:/home/lrm/ws01_plumbing/install/py01_topic:/home/lrm/ws00_helloworld/install/pkg02_helloworld_py:/opt/ros/humble /usr/bin/cmake --install /home/lrm/ws01_plumbing/build/cpp02_service
