[0.017s] Invoking command in '/home/lrm/ws01_plumbing/build/cpp07_exercise': AMENT_PREFIX_PATH=/home/lrm/ws01_plumbing/install/turtlesim:/home/lrm/ws01_plumbing/install/base_interfaces_demo:${AMENT_PREFIX_PATH} CMAKE_PREFIX_PATH=/home/lrm/ws01_plumbing/install/turtlesim:/home/lrm/ws01_plumbing/install/base_interfaces_demo:/home/lrm/ws00_helloworld/install/turtlesim:/home/lrm/ws00_helloworld/install/pkg03_hellovscode_cpp:/home/lrm/ws00_helloworld/install/pkg01_helloworld_cpp:/home/lrm/ws00_helloworld/install/pkg02_helloworld_py:/opt/ros/humble LD_LIBRARY_PATH=/home/lrm/ws01_plumbing/install/turtlesim/lib:/home/lrm/ws01_plumbing/install/base_interfaces_demo/lib:${LD_LIBRARY_PATH} PYTHONPATH=/home/lrm/ws01_plumbing/install/turtlesim/local/lib/python3.10/dist-packages:/home/lrm/ws01_plumbing/install/base_interfaces_demo/local/lib/python3.10/dist-packages:${PYTHONPATH} /usr/bin/cmake --build /home/lrm/ws01_plumbing/build/cpp07_exercise -- -j16 -l16
[0.080s] [ 83%] [32mBuilding CXX object CMakeFiles/exer03_client.dir/src/exer03_client.cpp.o[0m
[0.080s] [ 83%] Built target exer01_pub_sub
[0.081s] [ 83%] Built target exer02_server
[3.528s] [100%] [32m[1mLinking CXX executable exer03_client[0m
[3.703s] [100%] Built target exer03_client
[3.723s] Invoked command in '/home/lrm/ws01_plumbing/build/cpp07_exercise' returned '0': AMENT_PREFIX_PATH=/home/lrm/ws01_plumbing/install/turtlesim:/home/lrm/ws01_plumbing/install/base_interfaces_demo:${AMENT_PREFIX_PATH} CMAKE_PREFIX_PATH=/home/lrm/ws01_plumbing/install/turtlesim:/home/lrm/ws01_plumbing/install/base_interfaces_demo:/home/lrm/ws00_helloworld/install/turtlesim:/home/lrm/ws00_helloworld/install/pkg03_hellovscode_cpp:/home/lrm/ws00_helloworld/install/pkg01_helloworld_cpp:/home/lrm/ws00_helloworld/install/pkg02_helloworld_py:/opt/ros/humble LD_LIBRARY_PATH=/home/lrm/ws01_plumbing/install/turtlesim/lib:/home/lrm/ws01_plumbing/install/base_interfaces_demo/lib:${LD_LIBRARY_PATH} PYTHONPATH=/home/lrm/ws01_plumbing/install/turtlesim/local/lib/python3.10/dist-packages:/home/lrm/ws01_plumbing/install/base_interfaces_demo/local/lib/python3.10/dist-packages:${PYTHONPATH} /usr/bin/cmake --build /home/lrm/ws01_plumbing/build/cpp07_exercise -- -j16 -l16
[3.737s] Invoking command in '/home/lrm/ws01_plumbing/build/cpp07_exercise': AMENT_PREFIX_PATH=/home/lrm/ws01_plumbing/install/turtlesim:/home/lrm/ws01_plumbing/install/base_interfaces_demo:${AMENT_PREFIX_PATH} CMAKE_PREFIX_PATH=/home/lrm/ws01_plumbing/install/turtlesim:/home/lrm/ws01_plumbing/install/base_interfaces_demo:/home/lrm/ws00_helloworld/install/turtlesim:/home/lrm/ws00_helloworld/install/pkg03_hellovscode_cpp:/home/lrm/ws00_helloworld/install/pkg01_helloworld_cpp:/home/lrm/ws00_helloworld/install/pkg02_helloworld_py:/opt/ros/humble LD_LIBRARY_PATH=/home/lrm/ws01_plumbing/install/turtlesim/lib:/home/lrm/ws01_plumbing/install/base_interfaces_demo/lib:${LD_LIBRARY_PATH} PYTHONPATH=/home/lrm/ws01_plumbing/install/turtlesim/local/lib/python3.10/dist-packages:/home/lrm/ws01_plumbing/install/base_interfaces_demo/local/lib/python3.10/dist-packages:${PYTHONPATH} /usr/bin/cmake --install /home/lrm/ws01_plumbing/build/cpp07_exercise
[3.745s] -- Install configuration: ""
[3.746s] -- Up-to-date: /home/lrm/ws01_plumbing/install/cpp07_exercise/lib/cpp07_exercise/exer01_pub_sub
[3.746s] -- Up-to-date: /home/lrm/ws01_plumbing/install/cpp07_exercise/lib/cpp07_exercise/exer02_server
[3.746s] -- Installing: /home/lrm/ws01_plumbing/install/cpp07_exercise/lib/cpp07_exercise/exer03_client
[3.747s] -- Set runtime path of "/home/lrm/ws01_plumbing/install/cpp07_exercise/lib/cpp07_exercise/exer03_client" to ""
[3.748s] -- Up-to-date: /home/lrm/ws01_plumbing/install/cpp07_exercise/share/cpp07_exercise/launch
[3.748s] -- Up-to-date: /home/lrm/ws01_plumbing/install/cpp07_exercise/share/cpp07_exercise/launch/exer02_server_launch.py
[3.748s] -- Up-to-date: /home/lrm/ws01_plumbing/install/cpp07_exercise/share/cpp07_exercise/launch/exer01_pub_sub_launch.py
[3.748s] -- Up-to-date: /home/lrm/ws01_plumbing/install/cpp07_exercise/share/cpp07_exercise/launch/exer03_client_launch.py
[3.748s] -- Up-to-date: /home/lrm/ws01_plumbing/install/cpp07_exercise/share/ament_index/resource_index/package_run_dependencies/cpp07_exercise
[3.748s] -- Up-to-date: /home/lrm/ws01_plumbing/install/cpp07_exercise/share/ament_index/resource_index/parent_prefix_path/cpp07_exercise
[3.748s] -- Up-to-date: /home/lrm/ws01_plumbing/install/cpp07_exercise/share/cpp07_exercise/environment/ament_prefix_path.sh
[3.748s] -- Up-to-date: /home/lrm/ws01_plumbing/install/cpp07_exercise/share/cpp07_exercise/environment/ament_prefix_path.dsv
[3.748s] -- Up-to-date: /home/lrm/ws01_plumbing/install/cpp07_exercise/share/cpp07_exercise/environment/path.sh
[3.748s] -- Up-to-date: /home/lrm/ws01_plumbing/install/cpp07_exercise/share/cpp07_exercise/environment/path.dsv
[3.748s] -- Up-to-date: /home/lrm/ws01_plumbing/install/cpp07_exercise/share/cpp07_exercise/local_setup.bash
[3.748s] -- Up-to-date: /home/lrm/ws01_plumbing/install/cpp07_exercise/share/cpp07_exercise/local_setup.sh
[3.748s] -- Up-to-date: /home/lrm/ws01_plumbing/install/cpp07_exercise/share/cpp07_exercise/local_setup.zsh
[3.748s] -- Up-to-date: /home/lrm/ws01_plumbing/install/cpp07_exercise/share/cpp07_exercise/local_setup.dsv
[3.748s] -- Installing: /home/lrm/ws01_plumbing/install/cpp07_exercise/share/cpp07_exercise/package.dsv
[3.749s] -- Up-to-date: /home/lrm/ws01_plumbing/install/cpp07_exercise/share/ament_index/resource_index/packages/cpp07_exercise
[3.749s] -- Up-to-date: /home/lrm/ws01_plumbing/install/cpp07_exercise/share/cpp07_exercise/cmake/cpp07_exerciseConfig.cmake
[3.749s] -- Up-to-date: /home/lrm/ws01_plumbing/install/cpp07_exercise/share/cpp07_exercise/cmake/cpp07_exerciseConfig-version.cmake
[3.749s] -- Up-to-date: /home/lrm/ws01_plumbing/install/cpp07_exercise/share/cpp07_exercise/package.xml
[3.750s] Invoked command in '/home/lrm/ws01_plumbing/build/cpp07_exercise' returned '0': AMENT_PREFIX_PATH=/home/lrm/ws01_plumbing/install/turtlesim:/home/lrm/ws01_plumbing/install/base_interfaces_demo:${AMENT_PREFIX_PATH} CMAKE_PREFIX_PATH=/home/lrm/ws01_plumbing/install/turtlesim:/home/lrm/ws01_plumbing/install/base_interfaces_demo:/home/lrm/ws00_helloworld/install/turtlesim:/home/lrm/ws00_helloworld/install/pkg03_hellovscode_cpp:/home/lrm/ws00_helloworld/install/pkg01_helloworld_cpp:/home/lrm/ws00_helloworld/install/pkg02_helloworld_py:/opt/ros/humble LD_LIBRARY_PATH=/home/lrm/ws01_plumbing/install/turtlesim/lib:/home/lrm/ws01_plumbing/install/base_interfaces_demo/lib:${LD_LIBRARY_PATH} PYTHONPATH=/home/lrm/ws01_plumbing/install/turtlesim/local/lib/python3.10/dist-packages:/home/lrm/ws01_plumbing/install/base_interfaces_demo/local/lib/python3.10/dist-packages:${PYTHONPATH} /usr/bin/cmake --install /home/lrm/ws01_plumbing/build/cpp07_exercise
