running egg_info
writing ../../build/py06_time/py06_time.egg-info/PKG-INFO
writing dependency_links to ../../build/py06_time/py06_time.egg-info/dependency_links.txt
writing entry points to ../../build/py06_time/py06_time.egg-info/entry_points.txt
writing requirements to ../../build/py06_time/py06_time.egg-info/requires.txt
writing top-level names to ../../build/py06_time/py06_time.egg-info/top_level.txt
reading manifest file '../../build/py06_time/py06_time.egg-info/SOURCES.txt'
writing manifest file '../../build/py06_time/py06_time.egg-info/SOURCES.txt'
running build
running build_py
copying py06_time/demo01_time_py.py -> /home/lrm/ws01_plumbing/build/py06_time/build/lib/py06_time
running install
running install_lib
copying /home/lrm/ws01_plumbing/build/py06_time/build/lib/py06_time/demo01_time_py.py -> /home/lrm/ws01_plumbing/install/py06_time/lib/python3.10/site-packages/py06_time
byte-compiling /home/lrm/ws01_plumbing/install/py06_time/lib/python3.10/site-packages/py06_time/demo01_time_py.py to demo01_time_py.cpython-310.pyc
running install_data
running install_egg_info
removing '/home/lrm/ws01_plumbing/install/py06_time/lib/python3.10/site-packages/py06_time-0.0.0-py3.10.egg-info' (and everything under it)
Copying ../../build/py06_time/py06_time.egg-info to /home/lrm/ws01_plumbing/install/py06_time/lib/python3.10/site-packages/py06_time-0.0.0-py3.10.egg-info
running install_scripts
Installing demo01_time_py script to /home/lrm/ws01_plumbing/install/py06_time/lib/py06_time
writing list of installed files to '/home/lrm/ws01_plumbing/build/py06_time/install.log'
