[0.012s] Invoking command in '/home/lrm/ws01_plumbing/build/cpp01_topic': CMAKE_PREFIX_PATH=/home/lrm/ws01_plumbing/install/base_interfaces_demo:/home/lrm/ws01_plumbing/install/cpp01_topic:/home/lrm/ws00_helloworld/install/turtlesim:/home/lrm/ws00_helloworld/install/pkg03_hellovscode_cpp:/home/lrm/ws00_helloworld/install/pkg01_helloworld_cpp:/home/lrm/ws01_plumbing/install/py01_topic:/home/lrm/ws00_helloworld/install/pkg02_helloworld_py:/opt/ros/humble /usr/bin/cmake --build /home/lrm/ws01_plumbing/build/cpp01_topic -- -j16 -l16
[0.052s] [35m[1mConsolidate compiler generated dependencies of target demo02_listener_str[0m
[0.053s] [35m[1mConsolidate compiler generated dependencies of target demo01_talker_str[0m
[0.070s] [ 50%] Built target demo01_talker_str
[0.070s] [ 75%] [32mBuilding CXX object CMakeFiles/demo02_listener_str.dir/src/demo02_listener_str.cpp.o[0m
[6.812s] [100%] [32m[1mLinking CXX executable demo02_listener_str[0m
[7.090s] [100%] Built target demo02_listener_str
[7.101s] Invoked command in '/home/lrm/ws01_plumbing/build/cpp01_topic' returned '0': CMAKE_PREFIX_PATH=/home/lrm/ws01_plumbing/install/base_interfaces_demo:/home/lrm/ws01_plumbing/install/cpp01_topic:/home/lrm/ws00_helloworld/install/turtlesim:/home/lrm/ws00_helloworld/install/pkg03_hellovscode_cpp:/home/lrm/ws00_helloworld/install/pkg01_helloworld_cpp:/home/lrm/ws01_plumbing/install/py01_topic:/home/lrm/ws00_helloworld/install/pkg02_helloworld_py:/opt/ros/humble /usr/bin/cmake --build /home/lrm/ws01_plumbing/build/cpp01_topic -- -j16 -l16
[7.114s] Invoking command in '/home/lrm/ws01_plumbing/build/cpp01_topic': CMAKE_PREFIX_PATH=/home/lrm/ws01_plumbing/install/base_interfaces_demo:/home/lrm/ws01_plumbing/install/cpp01_topic:/home/lrm/ws00_helloworld/install/turtlesim:/home/lrm/ws00_helloworld/install/pkg03_hellovscode_cpp:/home/lrm/ws00_helloworld/install/pkg01_helloworld_cpp:/home/lrm/ws01_plumbing/install/py01_topic:/home/lrm/ws00_helloworld/install/pkg02_helloworld_py:/opt/ros/humble /usr/bin/cmake --install /home/lrm/ws01_plumbing/build/cpp01_topic
[7.122s] -- Install configuration: ""
[7.122s] -- Up-to-date: /home/lrm/ws01_plumbing/install/cpp01_topic/lib/cpp01_topic/demo01_talker_str
[7.122s] -- Installing: /home/lrm/ws01_plumbing/install/cpp01_topic/lib/cpp01_topic/demo02_listener_str
[7.126s] -- Set runtime path of "/home/lrm/ws01_plumbing/install/cpp01_topic/lib/cpp01_topic/demo02_listener_str" to ""
[7.126s] -- Up-to-date: /home/lrm/ws01_plumbing/install/cpp01_topic/share/ament_index/resource_index/package_run_dependencies/cpp01_topic
[7.126s] -- Up-to-date: /home/lrm/ws01_plumbing/install/cpp01_topic/share/ament_index/resource_index/parent_prefix_path/cpp01_topic
[7.126s] -- Up-to-date: /home/lrm/ws01_plumbing/install/cpp01_topic/share/cpp01_topic/environment/ament_prefix_path.sh
[7.126s] -- Up-to-date: /home/lrm/ws01_plumbing/install/cpp01_topic/share/cpp01_topic/environment/ament_prefix_path.dsv
[7.126s] -- Up-to-date: /home/lrm/ws01_plumbing/install/cpp01_topic/share/cpp01_topic/environment/path.sh
[7.126s] -- Up-to-date: /home/lrm/ws01_plumbing/install/cpp01_topic/share/cpp01_topic/environment/path.dsv
[7.126s] -- Up-to-date: /home/lrm/ws01_plumbing/install/cpp01_topic/share/cpp01_topic/local_setup.bash
[7.127s] -- Up-to-date: /home/lrm/ws01_plumbing/install/cpp01_topic/share/cpp01_topic/local_setup.sh
[7.127s] -- Up-to-date: /home/lrm/ws01_plumbing/install/cpp01_topic/share/cpp01_topic/local_setup.zsh
[7.127s] -- Up-to-date: /home/lrm/ws01_plumbing/install/cpp01_topic/share/cpp01_topic/local_setup.dsv
[7.127s] -- Installing: /home/lrm/ws01_plumbing/install/cpp01_topic/share/cpp01_topic/package.dsv
[7.127s] -- Up-to-date: /home/lrm/ws01_plumbing/install/cpp01_topic/share/ament_index/resource_index/packages/cpp01_topic
[7.127s] -- Up-to-date: /home/lrm/ws01_plumbing/install/cpp01_topic/share/cpp01_topic/cmake/cpp01_topicConfig.cmake
[7.127s] -- Up-to-date: /home/lrm/ws01_plumbing/install/cpp01_topic/share/cpp01_topic/cmake/cpp01_topicConfig-version.cmake
[7.127s] -- Up-to-date: /home/lrm/ws01_plumbing/install/cpp01_topic/share/cpp01_topic/package.xml
[7.128s] Invoked command in '/home/lrm/ws01_plumbing/build/cpp01_topic' returned '0': CMAKE_PREFIX_PATH=/home/lrm/ws01_plumbing/install/base_interfaces_demo:/home/lrm/ws01_plumbing/install/cpp01_topic:/home/lrm/ws00_helloworld/install/turtlesim:/home/lrm/ws00_helloworld/install/pkg03_hellovscode_cpp:/home/lrm/ws00_helloworld/install/pkg01_helloworld_cpp:/home/lrm/ws01_plumbing/install/py01_topic:/home/lrm/ws00_helloworld/install/pkg02_helloworld_py:/opt/ros/humble /usr/bin/cmake --install /home/lrm/ws01_plumbing/build/cpp01_topic
