[0.011s] Invoking command in '/home/lrm/ws01_plumbing/build/cpp02_service': CMAKE_PREFIX_PATH=/home/lrm/ws01_plumbing/install/base_interfaces_demo:/home/lrm/ws01_plumbing/install/cpp02_service:/home/lrm/ws01_plumbing/install/cpp01_topic:/home/lrm/ws00_helloworld/install/turtlesim:/home/lrm/ws00_helloworld/install/pkg03_hellovscode_cpp:/home/lrm/ws00_helloworld/install/pkg01_helloworld_cpp:/home/lrm/ws01_plumbing/install/py01_topic:/home/lrm/ws00_helloworld/install/pkg02_helloworld_py:/opt/ros/humble /usr/bin/cmake --build /home/lrm/ws01_plumbing/build/cpp02_service -- -j16 -l16
[0.050s] [35m[1mConsolidate compiler generated dependencies of target demo02_client[0m
[0.064s] [ 50%] Built target demo01_server
[0.068s] [ 75%] [32mBuilding CXX object CMakeFiles/demo02_client.dir/src/demo02_client.cpp.o[0m
[2.698s] [100%] [32m[1mLinking CXX executable demo02_client[0m
[2.806s] [100%] Built target demo02_client
[2.817s] Invoked command in '/home/lrm/ws01_plumbing/build/cpp02_service' returned '0': CMAKE_PREFIX_PATH=/home/lrm/ws01_plumbing/install/base_interfaces_demo:/home/lrm/ws01_plumbing/install/cpp02_service:/home/lrm/ws01_plumbing/install/cpp01_topic:/home/lrm/ws00_helloworld/install/turtlesim:/home/lrm/ws00_helloworld/install/pkg03_hellovscode_cpp:/home/lrm/ws00_helloworld/install/pkg01_helloworld_cpp:/home/lrm/ws01_plumbing/install/py01_topic:/home/lrm/ws00_helloworld/install/pkg02_helloworld_py:/opt/ros/humble /usr/bin/cmake --build /home/lrm/ws01_plumbing/build/cpp02_service -- -j16 -l16
[2.828s] Invoking command in '/home/lrm/ws01_plumbing/build/cpp02_service': CMAKE_PREFIX_PATH=/home/lrm/ws01_plumbing/install/base_interfaces_demo:/home/lrm/ws01_plumbing/install/cpp02_service:/home/lrm/ws01_plumbing/install/cpp01_topic:/home/lrm/ws00_helloworld/install/turtlesim:/home/lrm/ws00_helloworld/install/pkg03_hellovscode_cpp:/home/lrm/ws00_helloworld/install/pkg01_helloworld_cpp:/home/lrm/ws01_plumbing/install/py01_topic:/home/lrm/ws00_helloworld/install/pkg02_helloworld_py:/opt/ros/humble /usr/bin/cmake --install /home/lrm/ws01_plumbing/build/cpp02_service
[2.834s] -- Install configuration: ""
[2.835s] -- Up-to-date: /home/lrm/ws01_plumbing/install/cpp02_service/lib/cpp02_service/demo01_server
[2.835s] -- Installing: /home/lrm/ws01_plumbing/install/cpp02_service/lib/cpp02_service/demo02_client
[2.836s] -- Set runtime path of "/home/lrm/ws01_plumbing/install/cpp02_service/lib/cpp02_service/demo02_client" to ""
[2.836s] -- Up-to-date: /home/lrm/ws01_plumbing/install/cpp02_service/share/ament_index/resource_index/package_run_dependencies/cpp02_service
[2.836s] -- Up-to-date: /home/lrm/ws01_plumbing/install/cpp02_service/share/ament_index/resource_index/parent_prefix_path/cpp02_service
[2.836s] -- Up-to-date: /home/lrm/ws01_plumbing/install/cpp02_service/share/cpp02_service/environment/ament_prefix_path.sh
[2.836s] -- Up-to-date: /home/lrm/ws01_plumbing/install/cpp02_service/share/cpp02_service/environment/ament_prefix_path.dsv
[2.836s] -- Up-to-date: /home/lrm/ws01_plumbing/install/cpp02_service/share/cpp02_service/environment/path.sh
[2.836s] -- Up-to-date: /home/lrm/ws01_plumbing/install/cpp02_service/share/cpp02_service/environment/path.dsv
[2.836s] -- Up-to-date: /home/lrm/ws01_plumbing/install/cpp02_service/share/cpp02_service/local_setup.bash
[2.836s] -- Up-to-date: /home/lrm/ws01_plumbing/install/cpp02_service/share/cpp02_service/local_setup.sh
[2.836s] -- Up-to-date: /home/lrm/ws01_plumbing/install/cpp02_service/share/cpp02_service/local_setup.zsh
[2.836s] -- Up-to-date: /home/lrm/ws01_plumbing/install/cpp02_service/share/cpp02_service/local_setup.dsv
[2.836s] -- Installing: /home/lrm/ws01_plumbing/install/cpp02_service/share/cpp02_service/package.dsv
[2.836s] -- Up-to-date: /home/lrm/ws01_plumbing/install/cpp02_service/share/ament_index/resource_index/packages/cpp02_service
[2.836s] -- Up-to-date: /home/lrm/ws01_plumbing/install/cpp02_service/share/cpp02_service/cmake/cpp02_serviceConfig.cmake
[2.836s] -- Up-to-date: /home/lrm/ws01_plumbing/install/cpp02_service/share/cpp02_service/cmake/cpp02_serviceConfig-version.cmake
[2.837s] -- Up-to-date: /home/lrm/ws01_plumbing/install/cpp02_service/share/cpp02_service/package.xml
[2.838s] Invoked command in '/home/lrm/ws01_plumbing/build/cpp02_service' returned '0': CMAKE_PREFIX_PATH=/home/lrm/ws01_plumbing/install/base_interfaces_demo:/home/lrm/ws01_plumbing/install/cpp02_service:/home/lrm/ws01_plumbing/install/cpp01_topic:/home/lrm/ws00_helloworld/install/turtlesim:/home/lrm/ws00_helloworld/install/pkg03_hellovscode_cpp:/home/lrm/ws00_helloworld/install/pkg01_helloworld_cpp:/home/lrm/ws01_plumbing/install/py01_topic:/home/lrm/ws00_helloworld/install/pkg02_helloworld_py:/opt/ros/humble /usr/bin/cmake --install /home/lrm/ws01_plumbing/build/cpp02_service
