[0.520s] Invoking command in '/home/lrm/ws01_plumbing/src/py05_names': PYTHONPATH=/home/lrm/ws01_plumbing/build/py05_names/prefix_override:/usr/lib/python3/dist-packages/colcon_core/task/python/colcon_distutils_commands:/home/lrm/ws01_plumbing/install/py05_names/lib/python3.10/site-packages:${PYTHONPATH} /usr/bin/python3 -W ignore:setup.py install is deprecated -W ignore:easy_install command is deprecated setup.py egg_info --egg-base ../../build/py05_names build --build-base /home/lrm/ws01_plumbing/build/py05_names/build install --record /home/lrm/ws01_plumbing/build/py05_names/install.log --single-version-externally-managed install_data
[0.706s] running egg_info
[0.707s] creating ../../build/py05_names/py05_names.egg-info
[0.707s] writing ../../build/py05_names/py05_names.egg-info/PKG-INFO
[0.707s] writing dependency_links to ../../build/py05_names/py05_names.egg-info/dependency_links.txt
[0.707s] writing entry points to ../../build/py05_names/py05_names.egg-info/entry_points.txt
[0.707s] writing requirements to ../../build/py05_names/py05_names.egg-info/requires.txt
[0.707s] writing top-level names to ../../build/py05_names/py05_names.egg-info/top_level.txt
[0.707s] writing manifest file '../../build/py05_names/py05_names.egg-info/SOURCES.txt'
[0.709s] reading manifest file '../../build/py05_names/py05_names.egg-info/SOURCES.txt'
[0.709s] writing manifest file '../../build/py05_names/py05_names.egg-info/SOURCES.txt'
[0.709s] running build
[0.709s] running build_py
[0.709s] creating /home/lrm/ws01_plumbing/build/py05_names/build
[0.709s] creating /home/lrm/ws01_plumbing/build/py05_names/build/lib
[0.710s] creating /home/lrm/ws01_plumbing/build/py05_names/build/lib/py05_names
[0.710s] copying py05_names/__init__.py -> /home/lrm/ws01_plumbing/build/py05_names/build/lib/py05_names
[0.710s] copying py05_names/demo01_names_py.py -> /home/lrm/ws01_plumbing/build/py05_names/build/lib/py05_names
[0.710s] running install
[0.710s] running install_lib
[0.711s] creating /home/lrm/ws01_plumbing/install/py05_names/lib/python3.10/site-packages/py05_names
[0.711s] copying /home/lrm/ws01_plumbing/build/py05_names/build/lib/py05_names/__init__.py -> /home/lrm/ws01_plumbing/install/py05_names/lib/python3.10/site-packages/py05_names
[0.711s] copying /home/lrm/ws01_plumbing/build/py05_names/build/lib/py05_names/demo01_names_py.py -> /home/lrm/ws01_plumbing/install/py05_names/lib/python3.10/site-packages/py05_names
[0.711s] byte-compiling /home/lrm/ws01_plumbing/install/py05_names/lib/python3.10/site-packages/py05_names/__init__.py to __init__.cpython-310.pyc
[0.712s] byte-compiling /home/lrm/ws01_plumbing/install/py05_names/lib/python3.10/site-packages/py05_names/demo01_names_py.py to demo01_names_py.cpython-310.pyc
[0.712s] running install_data
[0.712s] creating /home/lrm/ws01_plumbing/install/py05_names/share/ament_index
[0.712s] creating /home/lrm/ws01_plumbing/install/py05_names/share/ament_index/resource_index
[0.712s] creating /home/lrm/ws01_plumbing/install/py05_names/share/ament_index/resource_index/packages
[0.712s] copying resource/py05_names -> /home/lrm/ws01_plumbing/install/py05_names/share/ament_index/resource_index/packages
[0.712s] copying package.xml -> /home/lrm/ws01_plumbing/install/py05_names/share/py05_names
[0.712s] running install_egg_info
[0.715s] Copying ../../build/py05_names/py05_names.egg-info to /home/lrm/ws01_plumbing/install/py05_names/lib/python3.10/site-packages/py05_names-0.0.0-py3.10.egg-info
[0.715s] running install_scripts
[0.733s] Installing demo01_names_py script to /home/lrm/ws01_plumbing/install/py05_names/lib/py05_names
[0.733s] writing list of installed files to '/home/lrm/ws01_plumbing/build/py05_names/install.log'
[0.751s] Invoked command in '/home/lrm/ws01_plumbing/src/py05_names' returned '0': PYTHONPATH=/home/lrm/ws01_plumbing/build/py05_names/prefix_override:/usr/lib/python3/dist-packages/colcon_core/task/python/colcon_distutils_commands:/home/lrm/ws01_plumbing/install/py05_names/lib/python3.10/site-packages:${PYTHONPATH} /usr/bin/python3 -W ignore:setup.py install is deprecated -W ignore:easy_install command is deprecated setup.py egg_info --egg-base ../../build/py05_names build --build-base /home/lrm/ws01_plumbing/build/py05_names/build install --record /home/lrm/ws01_plumbing/build/py05_names/install.log --single-version-externally-managed install_data
