[0.010s] Invoking command in '/home/lrm/ws01_plumbing/build/cpp04_param': CMAKE_PREFIX_PATH=${CMAKE_PREFIX_PATH}:/home/lrm/ws01_plumbing/install/py04_param:/home/lrm/ws01_plumbing/install/py03_action:/home/lrm/ws01_plumbing/install/py02_service:/home/lrm/ws01_plumbing/install/py01_topic:/home/lrm/ws00_helloworld/install/pkg02_helloworld_py:/opt/ros/humble /usr/bin/cmake --build /home/lrm/ws01_plumbing/build/cpp04_param -- -j16 -l16
[0.053s] [35m[1mConsolidate compiler generated dependencies of target demo02_param_client[0m
[0.066s] [ 66%] Built target demo01_param_server
[0.066s] [ 66%] Built target demo00_param
[0.071s] [ 83%] [32mBuilding CXX object CMakeFiles/demo02_param_client.dir/src/demo02_param_client.cpp.o[0m
[2.857s] [100%] [32m[1mLinking CXX executable demo02_param_client[0m
[2.970s] [100%] Built target demo02_param_client
[2.983s] Invoked command in '/home/lrm/ws01_plumbing/build/cpp04_param' returned '0': CMAKE_PREFIX_PATH=${CMAKE_PREFIX_PATH}:/home/lrm/ws01_plumbing/install/py04_param:/home/lrm/ws01_plumbing/install/py03_action:/home/lrm/ws01_plumbing/install/py02_service:/home/lrm/ws01_plumbing/install/py01_topic:/home/lrm/ws00_helloworld/install/pkg02_helloworld_py:/opt/ros/humble /usr/bin/cmake --build /home/lrm/ws01_plumbing/build/cpp04_param -- -j16 -l16
[2.995s] Invoking command in '/home/lrm/ws01_plumbing/build/cpp04_param': CMAKE_PREFIX_PATH=${CMAKE_PREFIX_PATH}:/home/lrm/ws01_plumbing/install/py04_param:/home/lrm/ws01_plumbing/install/py03_action:/home/lrm/ws01_plumbing/install/py02_service:/home/lrm/ws01_plumbing/install/py01_topic:/home/lrm/ws00_helloworld/install/pkg02_helloworld_py:/opt/ros/humble /usr/bin/cmake --install /home/lrm/ws01_plumbing/build/cpp04_param
[3.002s] -- Install configuration: ""
[3.002s] -- Up-to-date: /home/lrm/ws01_plumbing/install/cpp04_param/lib/cpp04_param/demo00_param
[3.002s] -- Up-to-date: /home/lrm/ws01_plumbing/install/cpp04_param/lib/cpp04_param/demo01_param_server
[3.002s] -- Installing: /home/lrm/ws01_plumbing/install/cpp04_param/lib/cpp04_param/demo02_param_client
[3.003s] -- Set runtime path of "/home/lrm/ws01_plumbing/install/cpp04_param/lib/cpp04_param/demo02_param_client" to ""
[3.003s] -- Up-to-date: /home/lrm/ws01_plumbing/install/cpp04_param/share/ament_index/resource_index/package_run_dependencies/cpp04_param
[3.004s] -- Up-to-date: /home/lrm/ws01_plumbing/install/cpp04_param/share/ament_index/resource_index/parent_prefix_path/cpp04_param
[3.004s] -- Up-to-date: /home/lrm/ws01_plumbing/install/cpp04_param/share/cpp04_param/environment/ament_prefix_path.sh
[3.004s] -- Up-to-date: /home/lrm/ws01_plumbing/install/cpp04_param/share/cpp04_param/environment/ament_prefix_path.dsv
[3.004s] -- Up-to-date: /home/lrm/ws01_plumbing/install/cpp04_param/share/cpp04_param/environment/path.sh
[3.004s] -- Up-to-date: /home/lrm/ws01_plumbing/install/cpp04_param/share/cpp04_param/environment/path.dsv
[3.004s] -- Up-to-date: /home/lrm/ws01_plumbing/install/cpp04_param/share/cpp04_param/local_setup.bash
[3.004s] -- Up-to-date: /home/lrm/ws01_plumbing/install/cpp04_param/share/cpp04_param/local_setup.sh
[3.004s] -- Up-to-date: /home/lrm/ws01_plumbing/install/cpp04_param/share/cpp04_param/local_setup.zsh
[3.004s] -- Up-to-date: /home/lrm/ws01_plumbing/install/cpp04_param/share/cpp04_param/local_setup.dsv
[3.004s] -- Installing: /home/lrm/ws01_plumbing/install/cpp04_param/share/cpp04_param/package.dsv
[3.004s] -- Up-to-date: /home/lrm/ws01_plumbing/install/cpp04_param/share/ament_index/resource_index/packages/cpp04_param
[3.004s] -- Up-to-date: /home/lrm/ws01_plumbing/install/cpp04_param/share/cpp04_param/cmake/cpp04_paramConfig.cmake
[3.004s] -- Up-to-date: /home/lrm/ws01_plumbing/install/cpp04_param/share/cpp04_param/cmake/cpp04_paramConfig-version.cmake
[3.004s] -- Up-to-date: /home/lrm/ws01_plumbing/install/cpp04_param/share/cpp04_param/package.xml
[3.006s] Invoked command in '/home/lrm/ws01_plumbing/build/cpp04_param' returned '0': CMAKE_PREFIX_PATH=${CMAKE_PREFIX_PATH}:/home/lrm/ws01_plumbing/install/py04_param:/home/lrm/ws01_plumbing/install/py03_action:/home/lrm/ws01_plumbing/install/py02_service:/home/lrm/ws01_plumbing/install/py01_topic:/home/lrm/ws00_helloworld/install/pkg02_helloworld_py:/opt/ros/humble /usr/bin/cmake --install /home/lrm/ws01_plumbing/build/cpp04_param
