[0.012s] Invoking command in '/home/lrm/ws01_plumbing/build/cpp07_exercise': CMAKE_PREFIX_PATH=/home/lrm/ws01_plumbing/install/base_interfaces_demo:/home/lrm/ws01_plumbing/install/cpp07_exercise:/home/lrm/ws01_plumbing/install/cpp06_time:/home/lrm/ws01_plumbing/install/cpp05_names:/home/lrm/ws01_plumbing/install/cpp04_param:/home/lrm/ws01_plumbing/install/cpp03_action:/home/lrm/ws01_plumbing/install/cpp02_service:/home/lrm/ws01_plumbing/install/cpp01_topic:/home/lrm/ws00_helloworld/install/turtlesim:/home/lrm/ws00_helloworld/install/pkg03_hellovscode_cpp:/home/lrm/ws00_helloworld/install/pkg01_helloworld_cpp:/home/lrm/ws01_plumbing/install/py06_time:/home/lrm/ws01_plumbing/install/py05_names:/home/lrm/ws01_plumbing/install/py04_param:/home/lrm/ws01_plumbing/install/py03_action:/home/lrm/ws01_plumbing/install/py02_service:/home/lrm/ws01_plumbing/install/py01_topic:/home/lrm/ws00_helloworld/install/pkg02_helloworld_py:/opt/ros/humble /usr/bin/cmake --build /home/lrm/ws01_plumbing/build/cpp07_exercise -- -j16 -l16
[0.062s] [100%] Built target exer01_pub_sub
[0.071s] Invoked command in '/home/lrm/ws01_plumbing/build/cpp07_exercise' returned '0': CMAKE_PREFIX_PATH=/home/lrm/ws01_plumbing/install/base_interfaces_demo:/home/lrm/ws01_plumbing/install/cpp07_exercise:/home/lrm/ws01_plumbing/install/cpp06_time:/home/lrm/ws01_plumbing/install/cpp05_names:/home/lrm/ws01_plumbing/install/cpp04_param:/home/lrm/ws01_plumbing/install/cpp03_action:/home/lrm/ws01_plumbing/install/cpp02_service:/home/lrm/ws01_plumbing/install/cpp01_topic:/home/lrm/ws00_helloworld/install/turtlesim:/home/lrm/ws00_helloworld/install/pkg03_hellovscode_cpp:/home/lrm/ws00_helloworld/install/pkg01_helloworld_cpp:/home/lrm/ws01_plumbing/install/py06_time:/home/lrm/ws01_plumbing/install/py05_names:/home/lrm/ws01_plumbing/install/py04_param:/home/lrm/ws01_plumbing/install/py03_action:/home/lrm/ws01_plumbing/install/py02_service:/home/lrm/ws01_plumbing/install/py01_topic:/home/lrm/ws00_helloworld/install/pkg02_helloworld_py:/opt/ros/humble /usr/bin/cmake --build /home/lrm/ws01_plumbing/build/cpp07_exercise -- -j16 -l16
[0.081s] Invoking command in '/home/lrm/ws01_plumbing/build/cpp07_exercise': CMAKE_PREFIX_PATH=/home/lrm/ws01_plumbing/install/base_interfaces_demo:/home/lrm/ws01_plumbing/install/cpp07_exercise:/home/lrm/ws01_plumbing/install/cpp06_time:/home/lrm/ws01_plumbing/install/cpp05_names:/home/lrm/ws01_plumbing/install/cpp04_param:/home/lrm/ws01_plumbing/install/cpp03_action:/home/lrm/ws01_plumbing/install/cpp02_service:/home/lrm/ws01_plumbing/install/cpp01_topic:/home/lrm/ws00_helloworld/install/turtlesim:/home/lrm/ws00_helloworld/install/pkg03_hellovscode_cpp:/home/lrm/ws00_helloworld/install/pkg01_helloworld_cpp:/home/lrm/ws01_plumbing/install/py06_time:/home/lrm/ws01_plumbing/install/py05_names:/home/lrm/ws01_plumbing/install/py04_param:/home/lrm/ws01_plumbing/install/py03_action:/home/lrm/ws01_plumbing/install/py02_service:/home/lrm/ws01_plumbing/install/py01_topic:/home/lrm/ws00_helloworld/install/pkg02_helloworld_py:/opt/ros/humble /usr/bin/cmake --install /home/lrm/ws01_plumbing/build/cpp07_exercise
[0.088s] -- Install configuration: ""
[0.089s] -- Up-to-date: /home/lrm/ws01_plumbing/install/cpp07_exercise/lib/cpp07_exercise/exer01_pub_sub
[0.089s] -- Up-to-date: /home/lrm/ws01_plumbing/install/cpp07_exercise/share/cpp07_exercise/launch
[0.089s] -- Installing: /home/lrm/ws01_plumbing/install/cpp07_exercise/share/cpp07_exercise/launch/exer01_pub_sub_launch.py
[0.089s] -- Up-to-date: /home/lrm/ws01_plumbing/install/cpp07_exercise/share/ament_index/resource_index/package_run_dependencies/cpp07_exercise
[0.089s] -- Up-to-date: /home/lrm/ws01_plumbing/install/cpp07_exercise/share/ament_index/resource_index/parent_prefix_path/cpp07_exercise
[0.089s] -- Up-to-date: /home/lrm/ws01_plumbing/install/cpp07_exercise/share/cpp07_exercise/environment/ament_prefix_path.sh
[0.089s] -- Up-to-date: /home/lrm/ws01_plumbing/install/cpp07_exercise/share/cpp07_exercise/environment/ament_prefix_path.dsv
[0.089s] -- Up-to-date: /home/lrm/ws01_plumbing/install/cpp07_exercise/share/cpp07_exercise/environment/path.sh
[0.089s] -- Up-to-date: /home/lrm/ws01_plumbing/install/cpp07_exercise/share/cpp07_exercise/environment/path.dsv
[0.089s] -- Up-to-date: /home/lrm/ws01_plumbing/install/cpp07_exercise/share/cpp07_exercise/local_setup.bash
[0.089s] -- Up-to-date: /home/lrm/ws01_plumbing/install/cpp07_exercise/share/cpp07_exercise/local_setup.sh
[0.089s] -- Up-to-date: /home/lrm/ws01_plumbing/install/cpp07_exercise/share/cpp07_exercise/local_setup.zsh
[0.089s] -- Up-to-date: /home/lrm/ws01_plumbing/install/cpp07_exercise/share/cpp07_exercise/local_setup.dsv
[0.090s] -- Installing: /home/lrm/ws01_plumbing/install/cpp07_exercise/share/cpp07_exercise/package.dsv
[0.090s] -- Up-to-date: /home/lrm/ws01_plumbing/install/cpp07_exercise/share/ament_index/resource_index/packages/cpp07_exercise
[0.090s] -- Up-to-date: /home/lrm/ws01_plumbing/install/cpp07_exercise/share/cpp07_exercise/cmake/cpp07_exerciseConfig.cmake
[0.090s] -- Up-to-date: /home/lrm/ws01_plumbing/install/cpp07_exercise/share/cpp07_exercise/cmake/cpp07_exerciseConfig-version.cmake
[0.090s] -- Up-to-date: /home/lrm/ws01_plumbing/install/cpp07_exercise/share/cpp07_exercise/package.xml
[0.091s] Invoked command in '/home/lrm/ws01_plumbing/build/cpp07_exercise' returned '0': CMAKE_PREFIX_PATH=/home/lrm/ws01_plumbing/install/base_interfaces_demo:/home/lrm/ws01_plumbing/install/cpp07_exercise:/home/lrm/ws01_plumbing/install/cpp06_time:/home/lrm/ws01_plumbing/install/cpp05_names:/home/lrm/ws01_plumbing/install/cpp04_param:/home/lrm/ws01_plumbing/install/cpp03_action:/home/lrm/ws01_plumbing/install/cpp02_service:/home/lrm/ws01_plumbing/install/cpp01_topic:/home/lrm/ws00_helloworld/install/turtlesim:/home/lrm/ws00_helloworld/install/pkg03_hellovscode_cpp:/home/lrm/ws00_helloworld/install/pkg01_helloworld_cpp:/home/lrm/ws01_plumbing/install/py06_time:/home/lrm/ws01_plumbing/install/py05_names:/home/lrm/ws01_plumbing/install/py04_param:/home/lrm/ws01_plumbing/install/py03_action:/home/lrm/ws01_plumbing/install/py02_service:/home/lrm/ws01_plumbing/install/py01_topic:/home/lrm/ws00_helloworld/install/pkg02_helloworld_py:/opt/ros/humble /usr/bin/cmake --install /home/lrm/ws01_plumbing/build/cpp07_exercise
