[0.466s] Invoking command in '/home/lrm/ws01_plumbing/src/py06_time': PYTHONPATH=/home/lrm/ws01_plumbing/build/py06_time/prefix_override:/usr/lib/python3/dist-packages/colcon_core/task/python/colcon_distutils_commands:/home/lrm/ws01_plumbing/install/py06_time/lib/python3.10/site-packages:${PYTHONPATH} /usr/bin/python3 -W ignore:setup.py install is deprecated -W ignore:easy_install command is deprecated setup.py egg_info --egg-base ../../build/py06_time build --build-base /home/lrm/ws01_plumbing/build/py06_time/build install --record /home/lrm/ws01_plumbing/build/py06_time/install.log --single-version-externally-managed install_data
[0.652s] running egg_info
[0.652s] writing ../../build/py06_time/py06_time.egg-info/PKG-INFO
[0.652s] writing dependency_links to ../../build/py06_time/py06_time.egg-info/dependency_links.txt
[0.653s] writing entry points to ../../build/py06_time/py06_time.egg-info/entry_points.txt
[0.653s] writing requirements to ../../build/py06_time/py06_time.egg-info/requires.txt
[0.653s] writing top-level names to ../../build/py06_time/py06_time.egg-info/top_level.txt
[0.654s] reading manifest file '../../build/py06_time/py06_time.egg-info/SOURCES.txt'
[0.655s] writing manifest file '../../build/py06_time/py06_time.egg-info/SOURCES.txt'
[0.655s] running build
[0.655s] running build_py
[0.655s] copying py06_time/demo01_time_py.py -> /home/lrm/ws01_plumbing/build/py06_time/build/lib/py06_time
[0.655s] running install
[0.655s] running install_lib
[0.656s] copying /home/lrm/ws01_plumbing/build/py06_time/build/lib/py06_time/demo01_time_py.py -> /home/lrm/ws01_plumbing/install/py06_time/lib/python3.10/site-packages/py06_time
[0.656s] byte-compiling /home/lrm/ws01_plumbing/install/py06_time/lib/python3.10/site-packages/py06_time/demo01_time_py.py to demo01_time_py.cpython-310.pyc
[0.657s] running install_data
[0.657s] running install_egg_info
[0.659s] removing '/home/lrm/ws01_plumbing/install/py06_time/lib/python3.10/site-packages/py06_time-0.0.0-py3.10.egg-info' (and everything under it)
[0.659s] Copying ../../build/py06_time/py06_time.egg-info to /home/lrm/ws01_plumbing/install/py06_time/lib/python3.10/site-packages/py06_time-0.0.0-py3.10.egg-info
[0.660s] running install_scripts
[0.675s] Installing demo01_time_py script to /home/lrm/ws01_plumbing/install/py06_time/lib/py06_time
[0.676s] writing list of installed files to '/home/lrm/ws01_plumbing/build/py06_time/install.log'
[0.694s] Invoked command in '/home/lrm/ws01_plumbing/src/py06_time' returned '0': PYTHONPATH=/home/lrm/ws01_plumbing/build/py06_time/prefix_override:/usr/lib/python3/dist-packages/colcon_core/task/python/colcon_distutils_commands:/home/lrm/ws01_plumbing/install/py06_time/lib/python3.10/site-packages:${PYTHONPATH} /usr/bin/python3 -W ignore:setup.py install is deprecated -W ignore:easy_install command is deprecated setup.py egg_info --egg-base ../../build/py06_time build --build-base /home/lrm/ws01_plumbing/build/py06_time/build install --record /home/lrm/ws01_plumbing/build/py06_time/install.log --single-version-externally-managed install_data
