[0.012s] Invoking command in '/home/lrm/ws01_plumbing/build/cpp02_service': CMAKE_PREFIX_PATH=/home/lrm/ws01_plumbing/install/base_interfaces_demo:/home/lrm/ws01_plumbing/install/cpp02_service:/home/lrm/ws01_plumbing/install/cpp01_topic:/home/lrm/ws00_helloworld/install/turtlesim:/home/lrm/ws00_helloworld/install/pkg03_hellovscode_cpp:/home/lrm/ws00_helloworld/install/pkg01_helloworld_cpp:/home/lrm/ws01_plumbing/install/py01_topic:/home/lrm/ws00_helloworld/install/pkg02_helloworld_py:/opt/ros/humble /usr/bin/cmake --build /home/lrm/ws01_plumbing/build/cpp02_service -- -j16 -l16
[0.051s] [35m[1mConsolidate compiler generated dependencies of target demo02_client[0m
[0.064s] [ 50%] Built target demo01_server
[0.069s] [ 75%] [32mBuilding CXX object CMakeFiles/demo02_client.dir/src/demo02_client.cpp.o[0m
[2.876s] [100%] [32m[1mLinking CXX executable demo02_client[0m
[2.994s] [100%] Built target demo02_client
[3.005s] Invoked command in '/home/lrm/ws01_plumbing/build/cpp02_service' returned '0': CMAKE_PREFIX_PATH=/home/lrm/ws01_plumbing/install/base_interfaces_demo:/home/lrm/ws01_plumbing/install/cpp02_service:/home/lrm/ws01_plumbing/install/cpp01_topic:/home/lrm/ws00_helloworld/install/turtlesim:/home/lrm/ws00_helloworld/install/pkg03_hellovscode_cpp:/home/lrm/ws00_helloworld/install/pkg01_helloworld_cpp:/home/lrm/ws01_plumbing/install/py01_topic:/home/lrm/ws00_helloworld/install/pkg02_helloworld_py:/opt/ros/humble /usr/bin/cmake --build /home/lrm/ws01_plumbing/build/cpp02_service -- -j16 -l16
[3.014s] Invoking command in '/home/lrm/ws01_plumbing/build/cpp02_service': CMAKE_PREFIX_PATH=/home/lrm/ws01_plumbing/install/base_interfaces_demo:/home/lrm/ws01_plumbing/install/cpp02_service:/home/lrm/ws01_plumbing/install/cpp01_topic:/home/lrm/ws00_helloworld/install/turtlesim:/home/lrm/ws00_helloworld/install/pkg03_hellovscode_cpp:/home/lrm/ws00_helloworld/install/pkg01_helloworld_cpp:/home/lrm/ws01_plumbing/install/py01_topic:/home/lrm/ws00_helloworld/install/pkg02_helloworld_py:/opt/ros/humble /usr/bin/cmake --install /home/lrm/ws01_plumbing/build/cpp02_service
[3.021s] -- Install configuration: ""
[3.021s] -- Up-to-date: /home/lrm/ws01_plumbing/install/cpp02_service/lib/cpp02_service/demo01_server
[3.021s] -- Installing: /home/lrm/ws01_plumbing/install/cpp02_service/lib/cpp02_service/demo02_client
[3.022s] -- Set runtime path of "/home/lrm/ws01_plumbing/install/cpp02_service/lib/cpp02_service/demo02_client" to ""
[3.022s] -- Up-to-date: /home/lrm/ws01_plumbing/install/cpp02_service/share/ament_index/resource_index/package_run_dependencies/cpp02_service
[3.022s] -- Up-to-date: /home/lrm/ws01_plumbing/install/cpp02_service/share/ament_index/resource_index/parent_prefix_path/cpp02_service
[3.022s] -- Up-to-date: /home/lrm/ws01_plumbing/install/cpp02_service/share/cpp02_service/environment/ament_prefix_path.sh
[3.022s] -- Up-to-date: /home/lrm/ws01_plumbing/install/cpp02_service/share/cpp02_service/environment/ament_prefix_path.dsv
[3.023s] -- Up-to-date: /home/lrm/ws01_plumbing/install/cpp02_service/share/cpp02_service/environment/path.sh
[3.023s] -- Up-to-date: /home/lrm/ws01_plumbing/install/cpp02_service/share/cpp02_service/environment/path.dsv
[3.023s] -- Up-to-date: /home/lrm/ws01_plumbing/install/cpp02_service/share/cpp02_service/local_setup.bash
[3.023s] -- Up-to-date: /home/lrm/ws01_plumbing/install/cpp02_service/share/cpp02_service/local_setup.sh
[3.023s] -- Up-to-date: /home/lrm/ws01_plumbing/install/cpp02_service/share/cpp02_service/local_setup.zsh
[3.023s] -- Up-to-date: /home/lrm/ws01_plumbing/install/cpp02_service/share/cpp02_service/local_setup.dsv
[3.023s] -- Installing: /home/lrm/ws01_plumbing/install/cpp02_service/share/cpp02_service/package.dsv
[3.023s] -- Up-to-date: /home/lrm/ws01_plumbing/install/cpp02_service/share/ament_index/resource_index/packages/cpp02_service
[3.023s] -- Up-to-date: /home/lrm/ws01_plumbing/install/cpp02_service/share/cpp02_service/cmake/cpp02_serviceConfig.cmake
[3.023s] -- Up-to-date: /home/lrm/ws01_plumbing/install/cpp02_service/share/cpp02_service/cmake/cpp02_serviceConfig-version.cmake
[3.024s] -- Up-to-date: /home/lrm/ws01_plumbing/install/cpp02_service/share/cpp02_service/package.xml
[3.026s] Invoked command in '/home/lrm/ws01_plumbing/build/cpp02_service' returned '0': CMAKE_PREFIX_PATH=/home/lrm/ws01_plumbing/install/base_interfaces_demo:/home/lrm/ws01_plumbing/install/cpp02_service:/home/lrm/ws01_plumbing/install/cpp01_topic:/home/lrm/ws00_helloworld/install/turtlesim:/home/lrm/ws00_helloworld/install/pkg03_hellovscode_cpp:/home/lrm/ws00_helloworld/install/pkg01_helloworld_cpp:/home/lrm/ws01_plumbing/install/py01_topic:/home/lrm/ws00_helloworld/install/pkg02_helloworld_py:/opt/ros/humble /usr/bin/cmake --install /home/lrm/ws01_plumbing/build/cpp02_service
