[35m[1mConsolidate compiler generated dependencies of target demo02_action_client[0m
[35m[1mConsolidate compiler generated dependencies of target demo01_action_server[0m
[ 25%] [32mBuilding CXX object CMakeFiles/demo02_action_client.dir/src/demo02_action_client.cpp.o[0m
[ 75%] Built target demo01_action_server
[01m[K/home/lrm/ws01_plumbing/src/cpp03_action/src/demo02_action_client.cpp:[m[K In member function ‘[01m[Kvoid ProgressActionClient::send_goal(int)[m[K’:
[01m[K/home/lrm/ws01_plumbing/src/cpp03_action/src/demo02_action_client.cpp:37:24:[m[K [01;35m[Kwarning: [m[Kunused parameter ‘[01m[Knum[m[K’ [[01;35m[K]8;;https://gcc.gnu.org/onlinedocs/gcc/Warning-Options.html#index-Wunused-parameter-Wunused-parameter]8;;[m[K]
   37 |     void send_goal([01;35m[Kint num[m[K){
      |                    [01;35m[K~~~~^~~[m[K
[100%] [32m[1mLinking CXX executable demo02_action_client[0m
[100%] Built target demo02_action_client
-- Install configuration: ""
-- Up-to-date: /home/lrm/ws01_plumbing/install/cpp03_action/lib/cpp03_action/demo01_action_server
-- Installing: /home/lrm/ws01_plumbing/install/cpp03_action/lib/cpp03_action/demo02_action_client
-- Set runtime path of "/home/lrm/ws01_plumbing/install/cpp03_action/lib/cpp03_action/demo02_action_client" to ""
-- Up-to-date: /home/lrm/ws01_plumbing/install/cpp03_action/share/ament_index/resource_index/package_run_dependencies/cpp03_action
-- Up-to-date: /home/lrm/ws01_plumbing/install/cpp03_action/share/ament_index/resource_index/parent_prefix_path/cpp03_action
-- Up-to-date: /home/lrm/ws01_plumbing/install/cpp03_action/share/cpp03_action/environment/ament_prefix_path.sh
-- Up-to-date: /home/lrm/ws01_plumbing/install/cpp03_action/share/cpp03_action/environment/ament_prefix_path.dsv
-- Up-to-date: /home/lrm/ws01_plumbing/install/cpp03_action/share/cpp03_action/environment/path.sh
-- Up-to-date: /home/lrm/ws01_plumbing/install/cpp03_action/share/cpp03_action/environment/path.dsv
-- Up-to-date: /home/lrm/ws01_plumbing/install/cpp03_action/share/cpp03_action/local_setup.bash
-- Up-to-date: /home/lrm/ws01_plumbing/install/cpp03_action/share/cpp03_action/local_setup.sh
-- Up-to-date: /home/lrm/ws01_plumbing/install/cpp03_action/share/cpp03_action/local_setup.zsh
-- Up-to-date: /home/lrm/ws01_plumbing/install/cpp03_action/share/cpp03_action/local_setup.dsv
-- Installing: /home/lrm/ws01_plumbing/install/cpp03_action/share/cpp03_action/package.dsv
-- Up-to-date: /home/lrm/ws01_plumbing/install/cpp03_action/share/ament_index/resource_index/packages/cpp03_action
-- Up-to-date: /home/lrm/ws01_plumbing/install/cpp03_action/share/cpp03_action/cmake/cpp03_actionConfig.cmake
-- Up-to-date: /home/lrm/ws01_plumbing/install/cpp03_action/share/cpp03_action/cmake/cpp03_actionConfig-version.cmake
-- Up-to-date: /home/lrm/ws01_plumbing/install/cpp03_action/share/cpp03_action/package.xml
