[0.465s] Invoking command in '/home/lrm/ws01_plumbing/src/py02_service': CMAKE_PREFIX_PATH=/home/lrm/ws01_plumbing/install/base_interfaces_demo:/home/lrm/ws01_plumbing/install/cpp02_service:/home/lrm/ws01_plumbing/install/cpp01_topic:/home/lrm/ws00_helloworld/install/turtlesim:/home/lrm/ws00_helloworld/install/pkg03_hellovscode_cpp:/home/lrm/ws00_helloworld/install/pkg01_helloworld_cpp PYTHONPATH=/home/lrm/ws01_plumbing/build/py02_service/prefix_override:/usr/lib/python3/dist-packages/colcon_core/task/python/colcon_distutils_commands:/home/lrm/ws01_plumbing/install/py02_service/lib/python3.10/site-packages:${PYTHONPATH} /usr/bin/python3 -W ignore:setup.py install is deprecated -W ignore:easy_install command is deprecated setup.py egg_info --egg-base ../../build/py02_service build --build-base /home/lrm/ws01_plumbing/build/py02_service/build install --record /home/lrm/ws01_plumbing/build/py02_service/install.log --single-version-externally-managed install_data
[0.645s] running egg_info
[0.645s] writing ../../build/py02_service/py02_service.egg-info/PKG-INFO
[0.645s] writing dependency_links to ../../build/py02_service/py02_service.egg-info/dependency_links.txt
[0.645s] writing entry points to ../../build/py02_service/py02_service.egg-info/entry_points.txt
[0.646s] writing requirements to ../../build/py02_service/py02_service.egg-info/requires.txt
[0.646s] writing top-level names to ../../build/py02_service/py02_service.egg-info/top_level.txt
[0.647s] reading manifest file '../../build/py02_service/py02_service.egg-info/SOURCES.txt'
[0.647s] writing manifest file '../../build/py02_service/py02_service.egg-info/SOURCES.txt'
[0.647s] running build
[0.647s] running build_py
[0.648s] copying py02_service/demo02_client_py.py -> /home/lrm/ws01_plumbing/build/py02_service/build/lib/py02_service
[0.648s] running install
[0.648s] running install_lib
[0.649s] copying /home/lrm/ws01_plumbing/build/py02_service/build/lib/py02_service/demo02_client_py.py -> /home/lrm/ws01_plumbing/install/py02_service/lib/python3.10/site-packages/py02_service
[0.649s] byte-compiling /home/lrm/ws01_plumbing/install/py02_service/lib/python3.10/site-packages/py02_service/demo02_client_py.py to demo02_client_py.cpython-310.pyc
[0.650s] running install_data
[0.650s] running install_egg_info
[0.652s] removing '/home/lrm/ws01_plumbing/install/py02_service/lib/python3.10/site-packages/py02_service-0.0.0-py3.10.egg-info' (and everything under it)
[0.653s] Copying ../../build/py02_service/py02_service.egg-info to /home/lrm/ws01_plumbing/install/py02_service/lib/python3.10/site-packages/py02_service-0.0.0-py3.10.egg-info
[0.653s] running install_scripts
[0.668s] Installing demo01_server_py script to /home/lrm/ws01_plumbing/install/py02_service/lib/py02_service
[0.668s] Installing demo02_client_py script to /home/lrm/ws01_plumbing/install/py02_service/lib/py02_service
[0.668s] writing list of installed files to '/home/lrm/ws01_plumbing/build/py02_service/install.log'
[0.689s] Invoked command in '/home/lrm/ws01_plumbing/src/py02_service' returned '0': CMAKE_PREFIX_PATH=/home/lrm/ws01_plumbing/install/base_interfaces_demo:/home/lrm/ws01_plumbing/install/cpp02_service:/home/lrm/ws01_plumbing/install/cpp01_topic:/home/lrm/ws00_helloworld/install/turtlesim:/home/lrm/ws00_helloworld/install/pkg03_hellovscode_cpp:/home/lrm/ws00_helloworld/install/pkg01_helloworld_cpp PYTHONPATH=/home/lrm/ws01_plumbing/build/py02_service/prefix_override:/usr/lib/python3/dist-packages/colcon_core/task/python/colcon_distutils_commands:/home/lrm/ws01_plumbing/install/py02_service/lib/python3.10/site-packages:${PYTHONPATH} /usr/bin/python3 -W ignore:setup.py install is deprecated -W ignore:easy_install command is deprecated setup.py egg_info --egg-base ../../build/py02_service build --build-base /home/lrm/ws01_plumbing/build/py02_service/build install --record /home/lrm/ws01_plumbing/build/py02_service/install.log --single-version-externally-managed install_data
