[0.013s] Invoking command in '/home/lrm/ws01_plumbing/build/cpp03_action': CMAKE_PREFIX_PATH=/home/lrm/ws01_plumbing/install/base_interfaces_demo:/home/lrm/ws01_plumbing/install/cpp03_action:/home/lrm/ws01_plumbing/install/cpp02_service:/home/lrm/ws01_plumbing/install/cpp01_topic:/home/lrm/wit_ros2_imu_ws/install/imu_msg:/home/lrm/ws00_helloworld/install/turtlesim:/home/lrm/ws00_helloworld/install/pkg03_hellovscode_cpp:/home/lrm/ws00_helloworld/install/pkg01_helloworld_cpp:/home/lrm/ws01_plumbing/install/py02_service:/home/lrm/ws01_plumbing/install/py01_topic:/home/lrm/wit_ros2_imu_ws/install/wit_ros2_imu:/home/lrm/ws00_helloworld/install/pkg02_helloworld_py:/opt/ros/humble /usr/bin/cmake --build /home/lrm/ws01_plumbing/build/cpp03_action -- -j16 -l16
[0.065s] [ 75%] [32mBuilding CXX object CMakeFiles/demo02_action_client.dir/src/demo02_action_client.cpp.o[0m
[0.065s] [ 75%] Built target demo01_action_server
[2.115s] [01m[K/home/lrm/ws01_plumbing/src/cpp03_action/src/demo02_action_client.cpp:[m[K In member function ‘[01m[Kvoid ProgressActionClient::result_callback(const rclcpp_action::ClientGoalHandle<base_interfaces_demo::action::Progress>::WrappedResult&)[m[K’:
[2.115s] [01m[K/home/lrm/ws01_plumbing/src/cpp03_action/src/demo02_action_client.cpp:84:91:[m[K [01;35m[Kwarning: [m[Kunused parameter ‘[01m[Kresult[m[K’ [[01;35m[K]8;;https://gcc.gnu.org/onlinedocs/gcc/Warning-Options.html#index-Wunused-parameter-Wunused-parameter]8;;[m[K]
[2.115s]    84 |     void result_callback([01;35m[Kconst rclcpp_action::ClientGoalHandle<Progress>::WrappedResult & result[m[K){
[2.115s]       |                          [01;35m[K~~~~~~~~~~~~~~~~~~~~~~~~~~~~~~~~~~~~~~~~~~~~~~~~~~~~~~~~~~~~~~~~~^~~~~~[m[K
[3.283s] [100%] [32m[1mLinking CXX executable demo02_action_client[0m
[3.419s] [100%] Built target demo02_action_client
[3.430s] Invoked command in '/home/lrm/ws01_plumbing/build/cpp03_action' returned '0': CMAKE_PREFIX_PATH=/home/lrm/ws01_plumbing/install/base_interfaces_demo:/home/lrm/ws01_plumbing/install/cpp03_action:/home/lrm/ws01_plumbing/install/cpp02_service:/home/lrm/ws01_plumbing/install/cpp01_topic:/home/lrm/wit_ros2_imu_ws/install/imu_msg:/home/lrm/ws00_helloworld/install/turtlesim:/home/lrm/ws00_helloworld/install/pkg03_hellovscode_cpp:/home/lrm/ws00_helloworld/install/pkg01_helloworld_cpp:/home/lrm/ws01_plumbing/install/py02_service:/home/lrm/ws01_plumbing/install/py01_topic:/home/lrm/wit_ros2_imu_ws/install/wit_ros2_imu:/home/lrm/ws00_helloworld/install/pkg02_helloworld_py:/opt/ros/humble /usr/bin/cmake --build /home/lrm/ws01_plumbing/build/cpp03_action -- -j16 -l16
[3.441s] Invoking command in '/home/lrm/ws01_plumbing/build/cpp03_action': CMAKE_PREFIX_PATH=/home/lrm/ws01_plumbing/install/base_interfaces_demo:/home/lrm/ws01_plumbing/install/cpp03_action:/home/lrm/ws01_plumbing/install/cpp02_service:/home/lrm/ws01_plumbing/install/cpp01_topic:/home/lrm/wit_ros2_imu_ws/install/imu_msg:/home/lrm/ws00_helloworld/install/turtlesim:/home/lrm/ws00_helloworld/install/pkg03_hellovscode_cpp:/home/lrm/ws00_helloworld/install/pkg01_helloworld_cpp:/home/lrm/ws01_plumbing/install/py02_service:/home/lrm/ws01_plumbing/install/py01_topic:/home/lrm/wit_ros2_imu_ws/install/wit_ros2_imu:/home/lrm/ws00_helloworld/install/pkg02_helloworld_py:/opt/ros/humble /usr/bin/cmake --install /home/lrm/ws01_plumbing/build/cpp03_action
[3.448s] -- Install configuration: ""
[3.449s] -- Up-to-date: /home/lrm/ws01_plumbing/install/cpp03_action/lib/cpp03_action/demo01_action_server
[3.449s] -- Installing: /home/lrm/ws01_plumbing/install/cpp03_action/lib/cpp03_action/demo02_action_client
[3.450s] -- Set runtime path of "/home/lrm/ws01_plumbing/install/cpp03_action/lib/cpp03_action/demo02_action_client" to ""
[3.450s] -- Up-to-date: /home/lrm/ws01_plumbing/install/cpp03_action/share/ament_index/resource_index/package_run_dependencies/cpp03_action
[3.450s] -- Up-to-date: /home/lrm/ws01_plumbing/install/cpp03_action/share/ament_index/resource_index/parent_prefix_path/cpp03_action
[3.450s] -- Up-to-date: /home/lrm/ws01_plumbing/install/cpp03_action/share/cpp03_action/environment/ament_prefix_path.sh
[3.450s] -- Up-to-date: /home/lrm/ws01_plumbing/install/cpp03_action/share/cpp03_action/environment/ament_prefix_path.dsv
[3.450s] -- Up-to-date: /home/lrm/ws01_plumbing/install/cpp03_action/share/cpp03_action/environment/path.sh
[3.450s] -- Up-to-date: /home/lrm/ws01_plumbing/install/cpp03_action/share/cpp03_action/environment/path.dsv
[3.450s] -- Up-to-date: /home/lrm/ws01_plumbing/install/cpp03_action/share/cpp03_action/local_setup.bash
[3.451s] -- Up-to-date: /home/lrm/ws01_plumbing/install/cpp03_action/share/cpp03_action/local_setup.sh
[3.451s] -- Up-to-date: /home/lrm/ws01_plumbing/install/cpp03_action/share/cpp03_action/local_setup.zsh
[3.451s] -- Up-to-date: /home/lrm/ws01_plumbing/install/cpp03_action/share/cpp03_action/local_setup.dsv
[3.451s] -- Installing: /home/lrm/ws01_plumbing/install/cpp03_action/share/cpp03_action/package.dsv
[3.451s] -- Up-to-date: /home/lrm/ws01_plumbing/install/cpp03_action/share/ament_index/resource_index/packages/cpp03_action
[3.451s] -- Up-to-date: /home/lrm/ws01_plumbing/install/cpp03_action/share/cpp03_action/cmake/cpp03_actionConfig.cmake
[3.451s] -- Up-to-date: /home/lrm/ws01_plumbing/install/cpp03_action/share/cpp03_action/cmake/cpp03_actionConfig-version.cmake
[3.451s] -- Up-to-date: /home/lrm/ws01_plumbing/install/cpp03_action/share/cpp03_action/package.xml
[3.453s] Invoked command in '/home/lrm/ws01_plumbing/build/cpp03_action' returned '0': CMAKE_PREFIX_PATH=/home/lrm/ws01_plumbing/install/base_interfaces_demo:/home/lrm/ws01_plumbing/install/cpp03_action:/home/lrm/ws01_plumbing/install/cpp02_service:/home/lrm/ws01_plumbing/install/cpp01_topic:/home/lrm/wit_ros2_imu_ws/install/imu_msg:/home/lrm/ws00_helloworld/install/turtlesim:/home/lrm/ws00_helloworld/install/pkg03_hellovscode_cpp:/home/lrm/ws00_helloworld/install/pkg01_helloworld_cpp:/home/lrm/ws01_plumbing/install/py02_service:/home/lrm/ws01_plumbing/install/py01_topic:/home/lrm/wit_ros2_imu_ws/install/wit_ros2_imu:/home/lrm/ws00_helloworld/install/pkg02_helloworld_py:/opt/ros/humble /usr/bin/cmake --install /home/lrm/ws01_plumbing/build/cpp03_action
