[0.011s] Invoking command in '/home/lrm/ws01_plumbing/build/cpp04_param': CMAKE_PREFIX_PATH=${CMAKE_PREFIX_PATH}:/home/lrm/ws01_plumbing/install/py04_param:/home/lrm/ws01_plumbing/install/py03_action:/home/lrm/ws01_plumbing/install/py02_service:/home/lrm/ws01_plumbing/install/py01_topic:/home/lrm/ws00_helloworld/install/pkg02_helloworld_py:/opt/ros/humble /usr/bin/cmake --build /home/lrm/ws01_plumbing/build/cpp04_param -- -j16 -l16
[0.070s] [ 50%] Built target demo01_param_server
[0.070s] [ 50%] [32mBuilding CXX object CMakeFiles/demo02_param_client.dir/src/demo02_param_client.cpp.o[0m
[0.070s] [ 83%] Built target demo00_param
[2.733s] [100%] [32m[1mLinking CXX executable demo02_param_client[0m
[2.845s] [100%] Built target demo02_param_client
[2.856s] Invoked command in '/home/lrm/ws01_plumbing/build/cpp04_param' returned '0': CMAKE_PREFIX_PATH=${CMAKE_PREFIX_PATH}:/home/lrm/ws01_plumbing/install/py04_param:/home/lrm/ws01_plumbing/install/py03_action:/home/lrm/ws01_plumbing/install/py02_service:/home/lrm/ws01_plumbing/install/py01_topic:/home/lrm/ws00_helloworld/install/pkg02_helloworld_py:/opt/ros/humble /usr/bin/cmake --build /home/lrm/ws01_plumbing/build/cpp04_param -- -j16 -l16
[2.865s] Invoking command in '/home/lrm/ws01_plumbing/build/cpp04_param': CMAKE_PREFIX_PATH=${CMAKE_PREFIX_PATH}:/home/lrm/ws01_plumbing/install/py04_param:/home/lrm/ws01_plumbing/install/py03_action:/home/lrm/ws01_plumbing/install/py02_service:/home/lrm/ws01_plumbing/install/py01_topic:/home/lrm/ws00_helloworld/install/pkg02_helloworld_py:/opt/ros/humble /usr/bin/cmake --install /home/lrm/ws01_plumbing/build/cpp04_param
[2.872s] -- Install configuration: ""
[2.872s] -- Up-to-date: /home/lrm/ws01_plumbing/install/cpp04_param/lib/cpp04_param/demo00_param
[2.873s] -- Up-to-date: /home/lrm/ws01_plumbing/install/cpp04_param/lib/cpp04_param/demo01_param_server
[2.873s] -- Installing: /home/lrm/ws01_plumbing/install/cpp04_param/lib/cpp04_param/demo02_param_client
[2.874s] -- Set runtime path of "/home/lrm/ws01_plumbing/install/cpp04_param/lib/cpp04_param/demo02_param_client" to ""
[2.874s] -- Up-to-date: /home/lrm/ws01_plumbing/install/cpp04_param/share/ament_index/resource_index/package_run_dependencies/cpp04_param
[2.874s] -- Up-to-date: /home/lrm/ws01_plumbing/install/cpp04_param/share/ament_index/resource_index/parent_prefix_path/cpp04_param
[2.874s] -- Up-to-date: /home/lrm/ws01_plumbing/install/cpp04_param/share/cpp04_param/environment/ament_prefix_path.sh
[2.874s] -- Up-to-date: /home/lrm/ws01_plumbing/install/cpp04_param/share/cpp04_param/environment/ament_prefix_path.dsv
[2.874s] -- Up-to-date: /home/lrm/ws01_plumbing/install/cpp04_param/share/cpp04_param/environment/path.sh
[2.874s] -- Up-to-date: /home/lrm/ws01_plumbing/install/cpp04_param/share/cpp04_param/environment/path.dsv
[2.874s] -- Up-to-date: /home/lrm/ws01_plumbing/install/cpp04_param/share/cpp04_param/local_setup.bash
[2.874s] -- Up-to-date: /home/lrm/ws01_plumbing/install/cpp04_param/share/cpp04_param/local_setup.sh
[2.874s] -- Up-to-date: /home/lrm/ws01_plumbing/install/cpp04_param/share/cpp04_param/local_setup.zsh
[2.874s] -- Up-to-date: /home/lrm/ws01_plumbing/install/cpp04_param/share/cpp04_param/local_setup.dsv
[2.874s] -- Installing: /home/lrm/ws01_plumbing/install/cpp04_param/share/cpp04_param/package.dsv
[2.874s] -- Up-to-date: /home/lrm/ws01_plumbing/install/cpp04_param/share/ament_index/resource_index/packages/cpp04_param
[2.874s] -- Up-to-date: /home/lrm/ws01_plumbing/install/cpp04_param/share/cpp04_param/cmake/cpp04_paramConfig.cmake
[2.874s] -- Up-to-date: /home/lrm/ws01_plumbing/install/cpp04_param/share/cpp04_param/cmake/cpp04_paramConfig-version.cmake
[2.874s] -- Up-to-date: /home/lrm/ws01_plumbing/install/cpp04_param/share/cpp04_param/package.xml
[2.876s] Invoked command in '/home/lrm/ws01_plumbing/build/cpp04_param' returned '0': CMAKE_PREFIX_PATH=${CMAKE_PREFIX_PATH}:/home/lrm/ws01_plumbing/install/py04_param:/home/lrm/ws01_plumbing/install/py03_action:/home/lrm/ws01_plumbing/install/py02_service:/home/lrm/ws01_plumbing/install/py01_topic:/home/lrm/ws00_helloworld/install/pkg02_helloworld_py:/opt/ros/humble /usr/bin/cmake --install /home/lrm/ws01_plumbing/build/cpp04_param
