[0.009s] Invoking command in '/home/lrm/ws01_plumbing/build/base_interfaces_demo': CMAKE_PREFIX_PATH=${CMAKE_PREFIX_PATH}:/home/lrm/ws00_helloworld/install/pkg02_helloworld_py:/opt/ros/humble /usr/bin/cmake --build /home/lrm/ws01_plumbing/build/base_interfaces_demo -- -j16 -l16
[0.026s] [33mCMake Warning (dev) at CMakeLists.txt:16:
[0.026s]   Syntax Warning in cmake code at column 20
[0.026s] 
[0.026s]   Argument not separated from preceding token by whitespace.
[0.026s] This warning is for project developers.  Use -Wno-dev to suppress it.
[0.026s] [0m
[0.026s] [33mCMake Warning (dev) at CMakeLists.txt:17:
[0.026s]   Syntax Warning in cmake code at column 20
[0.026s] 
[0.026s]   Argument not separated from preceding token by whitespace.
[0.026s] This warning is for project developers.  Use -Wno-dev to suppress it.
[0.026s] [0m
[0.032s] -- Found ament_cmake: 1.3.12 (/opt/ros/humble/share/ament_cmake/cmake)
[0.143s] -- Found rosidl_default_generators: 1.2.0 (/opt/ros/humble/share/rosidl_default_generators/cmake)
[0.145s] -- Using all available rosidl_typesupport_c: rosidl_typesupport_fastrtps_c;rosidl_typesupport_introspection_c
[0.148s] -- Found rosidl_adapter: 3.1.7 (/opt/ros/humble/share/rosidl_adapter/cmake)
[0.179s] -- Using all available rosidl_typesupport_cpp: rosidl_typesupport_fastrtps_cpp;rosidl_typesupport_introspection_cpp
[0.202s] [31mCMake Error at /opt/ros/humble/share/rosidl_cmake/cmake/rosidl_generate_interfaces.cmake:93 (message):
[0.202s]   rosidl_generate_interfaces() the passed file ',' doesn't exist relative to
[0.202s]   the CMAKE_CURRENT_SOURCE_DIR
[0.202s]   '/home/lrm/ws01_plumbing/src/base_interfaces_demo'
[0.202s] Call Stack (most recent call first):
[0.202s]   CMakeLists.txt:15 (rosidl_generate_interfaces)
[0.202s] 
[0.202s] [0m
[0.203s] -- Configuring incomplete, errors occurred!
[0.203s] See also "/home/lrm/ws01_plumbing/build/base_interfaces_demo/CMakeFiles/CMakeOutput.log".
[0.206s] gmake: *** [Makefile:747：cmake_check_build_system] 错误 1
[0.208s] Invoked command in '/home/lrm/ws01_plumbing/build/base_interfaces_demo' returned '2': CMAKE_PREFIX_PATH=${CMAKE_PREFIX_PATH}:/home/lrm/ws00_helloworld/install/pkg02_helloworld_py:/opt/ros/humble /usr/bin/cmake --build /home/lrm/ws01_plumbing/build/base_interfaces_demo -- -j16 -l16
