[0.011s] Invoking command in '/home/lrm/ws01_plumbing/build/cpp02_service': CMAKE_PREFIX_PATH=/home/lrm/ws01_plumbing/install/base_interfaces_demo:/home/lrm/ws01_plumbing/install/cpp01_topic:/home/lrm/ws00_helloworld/install/turtlesim:/home/lrm/ws00_helloworld/install/pkg03_hellovscode_cpp:/home/lrm/ws00_helloworld/install/pkg01_helloworld_cpp:/home/lrm/ws01_plumbing/install/py01_topic:/home/lrm/ws00_helloworld/install/pkg02_helloworld_py:/opt/ros/humble /usr/bin/cmake /home/lrm/ws01_plumbing/src/cpp02_service -DCMAKE_INSTALL_PREFIX=/home/lrm/ws01_plumbing/install/cpp02_service
[0.064s] -- The C compiler identification is GNU 11.4.0
[0.112s] -- The CXX compiler identification is GNU 11.4.0
[0.118s] -- Detecting C compiler ABI info
[0.179s] -- Detecting C compiler ABI info - done
[0.184s] -- Check for working C compiler: /usr/bin/cc - skipped
[0.184s] -- Detecting C compile features
[0.184s] -- Detecting C compile features - done
[0.187s] -- Detecting CXX compiler ABI info
[0.255s] -- Detecting CXX compiler ABI info - done
[0.260s] -- Check for working CXX compiler: /usr/bin/c++ - skipped
[0.260s] -- Detecting CXX compile features
[0.260s] -- Detecting CXX compile features - done
[0.263s] -- Found ament_cmake: 1.3.12 (/opt/ros/humble/share/ament_cmake/cmake)
[0.389s] -- Found Python3: /usr/bin/python3 (found version "3.10.12") found components: Interpreter 
[0.479s] -- Found rclcpp: 16.0.16 (/opt/ros/humble/share/rclcpp/cmake)
[0.523s] -- Found rosidl_generator_c: 3.1.7 (/opt/ros/humble/share/rosidl_generator_c/cmake)
[0.528s] -- Found rosidl_adapter: 3.1.7 (/opt/ros/humble/share/rosidl_adapter/cmake)
[0.535s] -- Found rosidl_generator_cpp: 3.1.7 (/opt/ros/humble/share/rosidl_generator_cpp/cmake)
[0.546s] -- Using all available rosidl_typesupport_c: rosidl_typesupport_fastrtps_c;rosidl_typesupport_introspection_c
[0.559s] -- Using all available rosidl_typesupport_cpp: rosidl_typesupport_fastrtps_cpp;rosidl_typesupport_introspection_cpp
[0.605s] -- Found rmw_implementation_cmake: 6.1.2 (/opt/ros/humble/share/rmw_implementation_cmake/cmake)
[0.609s] -- Found rmw_fastrtps_cpp: 6.2.9 (/opt/ros/humble/share/rmw_fastrtps_cpp/cmake)
[0.695s] -- Found OpenSSL: /usr/lib/x86_64-linux-gnu/libcrypto.so (found version "3.0.2")  
[0.720s] -- Found FastRTPS: /opt/ros/humble/include  
[0.759s] -- Using RMW implementation 'rmw_fastrtps_cpp' as default
[0.769s] -- Looking for pthread.h
[0.831s] -- Looking for pthread.h - found
[0.832s] -- Performing Test CMAKE_HAVE_LIBC_PTHREAD
[0.893s] -- Performing Test CMAKE_HAVE_LIBC_PTHREAD - Success
[0.894s] -- Found Threads: TRUE  
[0.943s] -- Found base_interfaces_demo: 0.0.0 (/home/lrm/ws01_plumbing/install/base_interfaces_demo/share/base_interfaces_demo/cmake)
[0.954s] -- Found ament_lint_auto: 0.12.14 (/opt/ros/humble/share/ament_lint_auto/cmake)
[1.021s] -- Added test 'cppcheck' to perform static code analysis on C / C++ code
[1.022s] -- Configured cppcheck include dirs: $<BUILD_INTERFACE:/home/lrm/ws01_plumbing/src/cpp02_service/include>
[1.022s] -- Configured cppcheck exclude dirs and/or files: 
[1.023s] -- Added test 'lint_cmake' to check CMake code style
[1.024s] -- Added test 'uncrustify' to check C / C++ code style
[1.024s] -- Configured uncrustify additional arguments: 
[1.024s] -- Added test 'xmllint' to check XML markup files
[1.026s] -- Configuring done
[1.035s] -- Generating done
[1.039s] -- Build files have been written to: /home/lrm/ws01_plumbing/build/cpp02_service
[1.049s] Invoked command in '/home/lrm/ws01_plumbing/build/cpp02_service' returned '0': CMAKE_PREFIX_PATH=/home/lrm/ws01_plumbing/install/base_interfaces_demo:/home/lrm/ws01_plumbing/install/cpp01_topic:/home/lrm/ws00_helloworld/install/turtlesim:/home/lrm/ws00_helloworld/install/pkg03_hellovscode_cpp:/home/lrm/ws00_helloworld/install/pkg01_helloworld_cpp:/home/lrm/ws01_plumbing/install/py01_topic:/home/lrm/ws00_helloworld/install/pkg02_helloworld_py:/opt/ros/humble /usr/bin/cmake /home/lrm/ws01_plumbing/src/cpp02_service -DCMAKE_INSTALL_PREFIX=/home/lrm/ws01_plumbing/install/cpp02_service
[1.050s] Invoking command in '/home/lrm/ws01_plumbing/build/cpp02_service': CMAKE_PREFIX_PATH=/home/lrm/ws01_plumbing/install/base_interfaces_demo:/home/lrm/ws01_plumbing/install/cpp01_topic:/home/lrm/ws00_helloworld/install/turtlesim:/home/lrm/ws00_helloworld/install/pkg03_hellovscode_cpp:/home/lrm/ws00_helloworld/install/pkg01_helloworld_cpp:/home/lrm/ws01_plumbing/install/py01_topic:/home/lrm/ws00_helloworld/install/pkg02_helloworld_py:/opt/ros/humble /usr/bin/cmake --build /home/lrm/ws01_plumbing/build/cpp02_service -- -j16 -l16
[1.093s] [ 25%] [32mBuilding CXX object CMakeFiles/demo02_client.dir/src/demo02_client.cpp.o[0m
[1.093s] [ 50%] [32mBuilding CXX object CMakeFiles/demo01_server.dir/src/demo01_server.cpp.o[0m
[3.436s] [100%] [32m[1mLinking CXX executable demo01_server[0m
[3.436s] [100%] [32m[1mLinking CXX executable demo02_client[0m
[3.540s] [100%] Built target demo01_server
[3.548s] [100%] Built target demo02_client
[3.559s] Invoked command in '/home/lrm/ws01_plumbing/build/cpp02_service' returned '0': CMAKE_PREFIX_PATH=/home/lrm/ws01_plumbing/install/base_interfaces_demo:/home/lrm/ws01_plumbing/install/cpp01_topic:/home/lrm/ws00_helloworld/install/turtlesim:/home/lrm/ws00_helloworld/install/pkg03_hellovscode_cpp:/home/lrm/ws00_helloworld/install/pkg01_helloworld_cpp:/home/lrm/ws01_plumbing/install/py01_topic:/home/lrm/ws00_helloworld/install/pkg02_helloworld_py:/opt/ros/humble /usr/bin/cmake --build /home/lrm/ws01_plumbing/build/cpp02_service -- -j16 -l16
[3.567s] Invoking command in '/home/lrm/ws01_plumbing/build/cpp02_service': CMAKE_PREFIX_PATH=/home/lrm/ws01_plumbing/install/base_interfaces_demo:/home/lrm/ws01_plumbing/install/cpp01_topic:/home/lrm/ws00_helloworld/install/turtlesim:/home/lrm/ws00_helloworld/install/pkg03_hellovscode_cpp:/home/lrm/ws00_helloworld/install/pkg01_helloworld_cpp:/home/lrm/ws01_plumbing/install/py01_topic:/home/lrm/ws00_helloworld/install/pkg02_helloworld_py:/opt/ros/humble /usr/bin/cmake --install /home/lrm/ws01_plumbing/build/cpp02_service
[3.573s] -- Install configuration: ""
[3.573s] -- Installing: /home/lrm/ws01_plumbing/install/cpp02_service/lib/cpp02_service/demo01_server
[3.574s] -- Set runtime path of "/home/lrm/ws01_plumbing/install/cpp02_service/lib/cpp02_service/demo01_server" to ""
[3.574s] -- Installing: /home/lrm/ws01_plumbing/install/cpp02_service/lib/cpp02_service/demo02_client
[3.574s] -- Set runtime path of "/home/lrm/ws01_plumbing/install/cpp02_service/lib/cpp02_service/demo02_client" to ""
[3.574s] -- Installing: /home/lrm/ws01_plumbing/install/cpp02_service/share/ament_index/resource_index/package_run_dependencies/cpp02_service
[3.575s] -- Installing: /home/lrm/ws01_plumbing/install/cpp02_service/share/ament_index/resource_index/parent_prefix_path/cpp02_service
[3.575s] -- Installing: /home/lrm/ws01_plumbing/install/cpp02_service/share/cpp02_service/environment/ament_prefix_path.sh
[3.575s] -- Installing: /home/lrm/ws01_plumbing/install/cpp02_service/share/cpp02_service/environment/ament_prefix_path.dsv
[3.575s] -- Installing: /home/lrm/ws01_plumbing/install/cpp02_service/share/cpp02_service/environment/path.sh
[3.575s] -- Installing: /home/lrm/ws01_plumbing/install/cpp02_service/share/cpp02_service/environment/path.dsv
[3.575s] -- Installing: /home/lrm/ws01_plumbing/install/cpp02_service/share/cpp02_service/local_setup.bash
[3.575s] -- Installing: /home/lrm/ws01_plumbing/install/cpp02_service/share/cpp02_service/local_setup.sh
[3.576s] -- Installing: /home/lrm/ws01_plumbing/install/cpp02_service/share/cpp02_service/local_setup.zsh
[3.576s] -- Installing: /home/lrm/ws01_plumbing/install/cpp02_service/share/cpp02_service/local_setup.dsv
[3.576s] -- Installing: /home/lrm/ws01_plumbing/install/cpp02_service/share/cpp02_service/package.dsv
[3.576s] -- Installing: /home/lrm/ws01_plumbing/install/cpp02_service/share/ament_index/resource_index/packages/cpp02_service
[3.576s] -- Installing: /home/lrm/ws01_plumbing/install/cpp02_service/share/cpp02_service/cmake/cpp02_serviceConfig.cmake
[3.576s] -- Installing: /home/lrm/ws01_plumbing/install/cpp02_service/share/cpp02_service/cmake/cpp02_serviceConfig-version.cmake
[3.576s] -- Installing: /home/lrm/ws01_plumbing/install/cpp02_service/share/cpp02_service/package.xml
[3.580s] Invoked command in '/home/lrm/ws01_plumbing/build/cpp02_service' returned '0': CMAKE_PREFIX_PATH=/home/lrm/ws01_plumbing/install/base_interfaces_demo:/home/lrm/ws01_plumbing/install/cpp01_topic:/home/lrm/ws00_helloworld/install/turtlesim:/home/lrm/ws00_helloworld/install/pkg03_hellovscode_cpp:/home/lrm/ws00_helloworld/install/pkg01_helloworld_cpp:/home/lrm/ws01_plumbing/install/py01_topic:/home/lrm/ws00_helloworld/install/pkg02_helloworld_py:/opt/ros/humble /usr/bin/cmake --install /home/lrm/ws01_plumbing/build/cpp02_service
