[0.502s] Invoking command in '/home/lrm/ws01_plumbing/src/py03_action': CMAKE_PREFIX_PATH=/home/lrm/ws01_plumbing/install/base_interfaces_demo:/home/lrm/ws01_plumbing/install/cpp03_action:/home/lrm/ws01_plumbing/install/cpp02_service:/home/lrm/ws01_plumbing/install/cpp01_topic:/home/lrm/wit_ros2_imu_ws/install/imu_msg:/home/lrm/ws00_helloworld/install/turtlesim:/home/lrm/ws00_helloworld/install/pkg03_hellovscode_cpp:/home/lrm/ws00_helloworld/install/pkg01_helloworld_cpp PYTHONPATH=/home/lrm/ws01_plumbing/build/py03_action/prefix_override:/usr/lib/python3/dist-packages/colcon_core/task/python/colcon_distutils_commands:/home/lrm/ws01_plumbing/install/py03_action/lib/python3.10/site-packages:${PYTHONPATH} /usr/bin/python3 -W ignore:setup.py install is deprecated -W ignore:easy_install command is deprecated setup.py egg_info --egg-base ../../build/py03_action build --build-base /home/lrm/ws01_plumbing/build/py03_action/build install --record /home/lrm/ws01_plumbing/build/py03_action/install.log --single-version-externally-managed install_data
[0.681s] running egg_info
[0.681s] creating ../../build/py03_action/py03_action.egg-info
[0.682s] writing ../../build/py03_action/py03_action.egg-info/PKG-INFO
[0.682s] writing dependency_links to ../../build/py03_action/py03_action.egg-info/dependency_links.txt
[0.682s] writing entry points to ../../build/py03_action/py03_action.egg-info/entry_points.txt
[0.682s] writing requirements to ../../build/py03_action/py03_action.egg-info/requires.txt
[0.682s] writing top-level names to ../../build/py03_action/py03_action.egg-info/top_level.txt
[0.682s] writing manifest file '../../build/py03_action/py03_action.egg-info/SOURCES.txt'
[0.683s] reading manifest file '../../build/py03_action/py03_action.egg-info/SOURCES.txt'
[0.684s] writing manifest file '../../build/py03_action/py03_action.egg-info/SOURCES.txt'
[0.684s] running build
[0.684s] running build_py
[0.684s] creating /home/lrm/ws01_plumbing/build/py03_action/build
[0.684s] creating /home/lrm/ws01_plumbing/build/py03_action/build/lib
[0.684s] creating /home/lrm/ws01_plumbing/build/py03_action/build/lib/py03_action
[0.684s] copying py03_action/demo01_action_server_py.py -> /home/lrm/ws01_plumbing/build/py03_action/build/lib/py03_action
[0.684s] copying py03_action/demo02_action_client_py.py -> /home/lrm/ws01_plumbing/build/py03_action/build/lib/py03_action
[0.684s] copying py03_action/__init__.py -> /home/lrm/ws01_plumbing/build/py03_action/build/lib/py03_action
[0.684s] running install
[0.684s] running install_lib
[0.685s] creating /home/lrm/ws01_plumbing/install/py03_action/lib/python3.10/site-packages/py03_action
[0.685s] copying /home/lrm/ws01_plumbing/build/py03_action/build/lib/py03_action/demo01_action_server_py.py -> /home/lrm/ws01_plumbing/install/py03_action/lib/python3.10/site-packages/py03_action
[0.685s] copying /home/lrm/ws01_plumbing/build/py03_action/build/lib/py03_action/demo02_action_client_py.py -> /home/lrm/ws01_plumbing/install/py03_action/lib/python3.10/site-packages/py03_action
[0.685s] copying /home/lrm/ws01_plumbing/build/py03_action/build/lib/py03_action/__init__.py -> /home/lrm/ws01_plumbing/install/py03_action/lib/python3.10/site-packages/py03_action
[0.686s] byte-compiling /home/lrm/ws01_plumbing/install/py03_action/lib/python3.10/site-packages/py03_action/demo01_action_server_py.py to demo01_action_server_py.cpython-310.pyc
[0.686s] byte-compiling /home/lrm/ws01_plumbing/install/py03_action/lib/python3.10/site-packages/py03_action/demo02_action_client_py.py to demo02_action_client_py.cpython-310.pyc
[0.686s] byte-compiling /home/lrm/ws01_plumbing/install/py03_action/lib/python3.10/site-packages/py03_action/__init__.py to __init__.cpython-310.pyc
[0.686s] running install_data
[0.686s] creating /home/lrm/ws01_plumbing/install/py03_action/share/ament_index
[0.686s] creating /home/lrm/ws01_plumbing/install/py03_action/share/ament_index/resource_index
[0.686s] creating /home/lrm/ws01_plumbing/install/py03_action/share/ament_index/resource_index/packages
[0.687s] copying resource/py03_action -> /home/lrm/ws01_plumbing/install/py03_action/share/ament_index/resource_index/packages
[0.687s] copying package.xml -> /home/lrm/ws01_plumbing/install/py03_action/share/py03_action
[0.687s] running install_egg_info
[0.689s] Copying ../../build/py03_action/py03_action.egg-info to /home/lrm/ws01_plumbing/install/py03_action/lib/python3.10/site-packages/py03_action-0.0.0-py3.10.egg-info
[0.690s] running install_scripts
[0.705s] Installing demo01_action_server_py script to /home/lrm/ws01_plumbing/install/py03_action/lib/py03_action
[0.705s] Installing demo02_action_client_py script to /home/lrm/ws01_plumbing/install/py03_action/lib/py03_action
[0.706s] writing list of installed files to '/home/lrm/ws01_plumbing/build/py03_action/install.log'
[0.725s] Invoked command in '/home/lrm/ws01_plumbing/src/py03_action' returned '0': CMAKE_PREFIX_PATH=/home/lrm/ws01_plumbing/install/base_interfaces_demo:/home/lrm/ws01_plumbing/install/cpp03_action:/home/lrm/ws01_plumbing/install/cpp02_service:/home/lrm/ws01_plumbing/install/cpp01_topic:/home/lrm/wit_ros2_imu_ws/install/imu_msg:/home/lrm/ws00_helloworld/install/turtlesim:/home/lrm/ws00_helloworld/install/pkg03_hellovscode_cpp:/home/lrm/ws00_helloworld/install/pkg01_helloworld_cpp PYTHONPATH=/home/lrm/ws01_plumbing/build/py03_action/prefix_override:/usr/lib/python3/dist-packages/colcon_core/task/python/colcon_distutils_commands:/home/lrm/ws01_plumbing/install/py03_action/lib/python3.10/site-packages:${PYTHONPATH} /usr/bin/python3 -W ignore:setup.py install is deprecated -W ignore:easy_install command is deprecated setup.py egg_info --egg-base ../../build/py03_action build --build-base /home/lrm/ws01_plumbing/build/py03_action/build install --record /home/lrm/ws01_plumbing/build/py03_action/install.log --single-version-externally-managed install_data
