[0.469s] Invoking command in '/home/lrm/ws01_plumbing/src/py01_topic': CMAKE_PREFIX_PATH=/home/lrm/ws01_plumbing/install/base_interfaces_demo:/home/lrm/ws01_plumbing/install/cpp01_topic:/home/lrm/ws00_helloworld/install/turtlesim:/home/lrm/ws00_helloworld/install/pkg03_hellovscode_cpp:/home/lrm/ws00_helloworld/install/pkg01_helloworld_cpp PYTHONPATH=/home/lrm/ws01_plumbing/build/py01_topic/prefix_override:/usr/lib/python3/dist-packages/colcon_core/task/python/colcon_distutils_commands:/home/lrm/ws01_plumbing/install/py01_topic/lib/python3.10/site-packages:${PYTHONPATH} /usr/bin/python3 -W ignore:setup.py install is deprecated -W ignore:easy_install command is deprecated setup.py egg_info --egg-base ../../build/py01_topic build --build-base /home/lrm/ws01_plumbing/build/py01_topic/build install --record /home/lrm/ws01_plumbing/build/py01_topic/install.log --single-version-externally-managed install_data
[0.653s] running egg_info
[0.653s] writing ../../build/py01_topic/py01_topic.egg-info/PKG-INFO
[0.653s] writing dependency_links to ../../build/py01_topic/py01_topic.egg-info/dependency_links.txt
[0.653s] writing entry points to ../../build/py01_topic/py01_topic.egg-info/entry_points.txt
[0.653s] writing requirements to ../../build/py01_topic/py01_topic.egg-info/requires.txt
[0.654s] writing top-level names to ../../build/py01_topic/py01_topic.egg-info/top_level.txt
[0.655s] reading manifest file '../../build/py01_topic/py01_topic.egg-info/SOURCES.txt'
[0.655s] writing manifest file '../../build/py01_topic/py01_topic.egg-info/SOURCES.txt'
[0.655s] running build
[0.655s] running build_py
[0.656s] copying py01_topic/demo04_listener_stu_py.py -> /home/lrm/ws01_plumbing/build/py01_topic/build/lib/py01_topic
[0.656s] running install
[0.656s] running install_lib
[0.657s] copying /home/lrm/ws01_plumbing/build/py01_topic/build/lib/py01_topic/demo04_listener_stu_py.py -> /home/lrm/ws01_plumbing/install/py01_topic/lib/python3.10/site-packages/py01_topic
[0.657s] byte-compiling /home/lrm/ws01_plumbing/install/py01_topic/lib/python3.10/site-packages/py01_topic/demo04_listener_stu_py.py to demo04_listener_stu_py.cpython-310.pyc
[0.658s] running install_data
[0.658s] running install_egg_info
[0.660s] removing '/home/lrm/ws01_plumbing/install/py01_topic/lib/python3.10/site-packages/py01_topic-0.0.0-py3.10.egg-info' (and everything under it)
[0.660s] Copying ../../build/py01_topic/py01_topic.egg-info to /home/lrm/ws01_plumbing/install/py01_topic/lib/python3.10/site-packages/py01_topic-0.0.0-py3.10.egg-info
[0.661s] running install_scripts
[0.677s] Installing demo01_talker_str_py script to /home/lrm/ws01_plumbing/install/py01_topic/lib/py01_topic
[0.677s] Installing demo02_listener_str_py script to /home/lrm/ws01_plumbing/install/py01_topic/lib/py01_topic
[0.677s] Installing demo03_talker_stu_py script to /home/lrm/ws01_plumbing/install/py01_topic/lib/py01_topic
[0.678s] Installing demo04_listener_stu_py script to /home/lrm/ws01_plumbing/install/py01_topic/lib/py01_topic
[0.678s] writing list of installed files to '/home/lrm/ws01_plumbing/build/py01_topic/install.log'
[0.698s] Invoked command in '/home/lrm/ws01_plumbing/src/py01_topic' returned '0': CMAKE_PREFIX_PATH=/home/lrm/ws01_plumbing/install/base_interfaces_demo:/home/lrm/ws01_plumbing/install/cpp01_topic:/home/lrm/ws00_helloworld/install/turtlesim:/home/lrm/ws00_helloworld/install/pkg03_hellovscode_cpp:/home/lrm/ws00_helloworld/install/pkg01_helloworld_cpp PYTHONPATH=/home/lrm/ws01_plumbing/build/py01_topic/prefix_override:/usr/lib/python3/dist-packages/colcon_core/task/python/colcon_distutils_commands:/home/lrm/ws01_plumbing/install/py01_topic/lib/python3.10/site-packages:${PYTHONPATH} /usr/bin/python3 -W ignore:setup.py install is deprecated -W ignore:easy_install command is deprecated setup.py egg_info --egg-base ../../build/py01_topic build --build-base /home/lrm/ws01_plumbing/build/py01_topic/build install --record /home/lrm/ws01_plumbing/build/py01_topic/install.log --single-version-externally-managed install_data
