[0.016s] Invoking command in '/home/lrm/ws01_plumbing/build/base_interfaces_demo': CMAKE_PREFIX_PATH=${CMAKE_PREFIX_PATH}:/home/lrm/ws01_plumbing/install/py02_service:/home/lrm/ws01_plumbing/install/py01_topic:/home/lrm/ws00_helloworld/install/pkg02_helloworld_py:/opt/ros/humble /usr/bin/cmake --build /home/lrm/ws01_plumbing/build/base_interfaces_demo -- -j16 -l16
[0.054s] -- Found ament_cmake: 1.3.12 (/opt/ros/humble/share/ament_cmake/cmake)
[0.168s] -- Found rosidl_default_generators: 1.2.0 (/opt/ros/humble/share/rosidl_default_generators/cmake)
[0.171s] -- Using all available rosidl_typesupport_c: rosidl_typesupport_fastrtps_c;rosidl_typesupport_introspection_c
[0.175s] -- Found rosidl_adapter: 3.1.7 (/opt/ros/humble/share/rosidl_adapter/cmake)
[0.205s] -- Using all available rosidl_typesupport_cpp: rosidl_typesupport_fastrtps_cpp;rosidl_typesupport_introspection_cpp
[0.487s] -- Found ament_cmake_ros: 0.10.0 (/opt/ros/humble/share/ament_cmake_ros/cmake)
[0.644s] -- Using all available rosidl_typesupport_c: rosidl_typesupport_fastrtps_c;rosidl_typesupport_introspection_c
[0.845s] -- Using all available rosidl_typesupport_cpp: rosidl_typesupport_fastrtps_cpp;rosidl_typesupport_introspection_cpp
[0.863s] -- Found python_cmake_module: 0.10.0 (/opt/ros/humble/share/python_cmake_module/cmake)
[0.883s] -- Using PYTHON_EXECUTABLE: /usr/bin/python3
[0.883s] -- Using PYTHON_INCLUDE_DIRS: /usr/include/python3.10
[0.883s] -- Using PYTHON_LIBRARIES: /usr/lib/x86_64-linux-gnu/libpython3.10.so
[0.899s] -- Found ament_lint_auto: 0.12.14 (/opt/ros/humble/share/ament_lint_auto/cmake)
[0.909s] -- Configuring done
[0.945s] -- Generating done
[0.955s] -- Build files have been written to: /home/lrm/ws01_plumbing/build/base_interfaces_demo
[0.980s] [  2%] [34m[1mGenerating C code for ROS interfaces[0m
[0.989s] [  4%] [34m[1mGenerating C++ code for ROS interfaces[0m
[0.999s] [  4%] Built target ament_cmake_python_copy_base_interfaces_demo
[1.195s] running egg_info
[1.196s] writing base_interfaces_demo.egg-info/PKG-INFO
[1.196s] writing dependency_links to base_interfaces_demo.egg-info/dependency_links.txt
[1.196s] writing top-level names to base_interfaces_demo.egg-info/top_level.txt
[1.198s] reading manifest file 'base_interfaces_demo.egg-info/SOURCES.txt'
[1.198s] writing manifest file 'base_interfaces_demo.egg-info/SOURCES.txt'
[1.228s] [  4%] Built target ament_cmake_python_build_base_interfaces_demo_egg
[1.392s] [35m[1mConsolidate compiler generated dependencies of target base_interfaces_demo__rosidl_generator_c[0m
[1.404s] [ 10%] [32mBuilding C object CMakeFiles/base_interfaces_demo__rosidl_generator_c.dir/rosidl_generator_c/base_interfaces_demo/action/detail/progress__functions.c.o[0m
[1.404s] [ 10%] [32mBuilding C object CMakeFiles/base_interfaces_demo__rosidl_generator_c.dir/rosidl_generator_c/base_interfaces_demo/msg/detail/student__functions.c.o[0m
[1.404s] [ 10%] [32mBuilding C object CMakeFiles/base_interfaces_demo__rosidl_generator_c.dir/rosidl_generator_c/base_interfaces_demo/srv/detail/add_ints__functions.c.o[0m
[1.408s] [ 10%] Built target base_interfaces_demo__cpp
[1.420s] [ 17%] [34m[1mGenerating C++ type support dispatch for ROS interfaces[0m
[1.420s] [ 17%] [34m[1mGenerating C++ type support for eProsima Fast-RTPS[0m
[1.420s] [ 17%] [34m[1mGenerating C++ introspection for ROS interfaces[0m
[1.520s] [ 19%] [32m[1mLinking C shared library libbase_interfaces_demo__rosidl_generator_c.so[0m
[1.571s] [ 19%] Built target base_interfaces_demo__rosidl_generator_c
[1.582s] [ 21%] [34m[1mGenerating C type support for eProsima Fast-RTPS[0m
[1.583s] [ 23%] [34m[1mGenerating C type support dispatch for ROS interfaces[0m
[1.584s] [ 25%] [34m[1mGenerating C introspection for ROS interfaces[0m
[1.692s] [35m[1mConsolidate compiler generated dependencies of target base_interfaces_demo__rosidl_typesupport_cpp[0m
[1.706s] [ 27%] [32mBuilding CXX object CMakeFiles/base_interfaces_demo__rosidl_typesupport_cpp.dir/rosidl_typesupport_cpp/base_interfaces_demo/srv/add_ints__type_support.cpp.o[0m
[1.706s] [ 29%] [32mBuilding CXX object CMakeFiles/base_interfaces_demo__rosidl_typesupport_cpp.dir/rosidl_typesupport_cpp/base_interfaces_demo/action/progress__type_support.cpp.o[0m
[1.707s] [ 31%] [32mBuilding CXX object CMakeFiles/base_interfaces_demo__rosidl_typesupport_cpp.dir/rosidl_typesupport_cpp/base_interfaces_demo/msg/student__type_support.cpp.o[0m
[1.751s] [35m[1mConsolidate compiler generated dependencies of target base_interfaces_demo__rosidl_typesupport_introspection_cpp[0m
[1.766s] [ 36%] [32mBuilding CXX object CMakeFiles/base_interfaces_demo__rosidl_typesupport_introspection_cpp.dir/rosidl_typesupport_introspection_cpp/base_interfaces_demo/msg/detail/student__type_support.cpp.o[0m
[1.766s] [ 36%] [32mBuilding CXX object CMakeFiles/base_interfaces_demo__rosidl_typesupport_introspection_cpp.dir/rosidl_typesupport_introspection_cpp/base_interfaces_demo/srv/detail/add_ints__type_support.cpp.o[0m
[1.767s] [ 38%] [32mBuilding CXX object CMakeFiles/base_interfaces_demo__rosidl_typesupport_introspection_cpp.dir/rosidl_typesupport_introspection_cpp/base_interfaces_demo/action/detail/progress__type_support.cpp.o[0m
[1.818s] [35m[1mConsolidate compiler generated dependencies of target base_interfaces_demo__rosidl_typesupport_fastrtps_cpp[0m
[1.840s] [ 42%] [32mBuilding CXX object CMakeFiles/base_interfaces_demo__rosidl_typesupport_fastrtps_cpp.dir/rosidl_typesupport_fastrtps_cpp/base_interfaces_demo/msg/detail/dds_fastrtps/student__type_support.cpp.o[0m
[1.840s] [ 42%] [32mBuilding CXX object CMakeFiles/base_interfaces_demo__rosidl_typesupport_fastrtps_cpp.dir/rosidl_typesupport_fastrtps_cpp/base_interfaces_demo/action/detail/dds_fastrtps/progress__type_support.cpp.o[0m
[1.840s] [ 44%] [32mBuilding CXX object CMakeFiles/base_interfaces_demo__rosidl_typesupport_fastrtps_cpp.dir/rosidl_typesupport_fastrtps_cpp/base_interfaces_demo/srv/detail/dds_fastrtps/add_ints__type_support.cpp.o[0m
[1.920s] [35m[1mConsolidate compiler generated dependencies of target base_interfaces_demo__rosidl_typesupport_c[0m
[1.936s] [ 48%] [32mBuilding CXX object CMakeFiles/base_interfaces_demo__rosidl_typesupport_c.dir/rosidl_typesupport_c/base_interfaces_demo/srv/add_ints__type_support.cpp.o[0m
[1.936s] [ 48%] [32mBuilding CXX object CMakeFiles/base_interfaces_demo__rosidl_typesupport_c.dir/rosidl_typesupport_c/base_interfaces_demo/msg/student__type_support.cpp.o[0m
[1.936s] [ 51%] [32mBuilding CXX object CMakeFiles/base_interfaces_demo__rosidl_typesupport_c.dir/rosidl_typesupport_c/base_interfaces_demo/action/progress__type_support.cpp.o[0m
[2.014s] [ 53%] [32m[1mLinking CXX shared library libbase_interfaces_demo__rosidl_typesupport_c.so[0m
[2.067s] [35m[1mConsolidate compiler generated dependencies of target base_interfaces_demo__rosidl_typesupport_introspection_c[0m
[2.082s] [35m[1mConsolidate compiler generated dependencies of target base_interfaces_demo__rosidl_typesupport_fastrtps_c[0m
[2.082s] [ 53%] Built target base_interfaces_demo__rosidl_typesupport_c
[2.082s] [ 55%] [32mBuilding C object CMakeFiles/base_interfaces_demo__rosidl_typesupport_introspection_c.dir/rosidl_typesupport_introspection_c/base_interfaces_demo/msg/detail/student__type_support.c.o[0m
[2.083s] [ 57%] [32mBuilding C object CMakeFiles/base_interfaces_demo__rosidl_typesupport_introspection_c.dir/rosidl_typesupport_introspection_c/base_interfaces_demo/srv/detail/add_ints__type_support.c.o[0m
[2.083s] [ 59%] [32mBuilding C object CMakeFiles/base_interfaces_demo__rosidl_typesupport_introspection_c.dir/rosidl_typesupport_introspection_c/base_interfaces_demo/action/detail/progress__type_support.c.o[0m
[2.099s] [ 61%] [32mBuilding CXX object CMakeFiles/base_interfaces_demo__rosidl_typesupport_fastrtps_c.dir/rosidl_typesupport_fastrtps_c/base_interfaces_demo/action/detail/progress__type_support_c.cpp.o[0m
[2.099s] [ 63%] [32mBuilding CXX object CMakeFiles/base_interfaces_demo__rosidl_typesupport_fastrtps_c.dir/rosidl_typesupport_fastrtps_c/base_interfaces_demo/srv/detail/add_ints__type_support_c.cpp.o[0m
[2.099s] [ 65%] [32mBuilding CXX object CMakeFiles/base_interfaces_demo__rosidl_typesupport_fastrtps_c.dir/rosidl_typesupport_fastrtps_c/base_interfaces_demo/msg/detail/student__type_support_c.cpp.o[0m
[2.149s] [ 68%] [32m[1mLinking C shared library libbase_interfaces_demo__rosidl_typesupport_introspection_c.so[0m
[2.200s] [ 68%] Built target base_interfaces_demo__rosidl_typesupport_introspection_c
[2.263s] [ 70%] [32m[1mLinking CXX shared library libbase_interfaces_demo__rosidl_typesupport_cpp.so[0m
[2.331s] [ 70%] Built target base_interfaces_demo__rosidl_typesupport_cpp
[2.451s] [ 74%] [32m[1mLinking CXX shared library libbase_interfaces_demo__rosidl_typesupport_introspection_cpp.so[0m
[2.451s] [ 74%] [32m[1mLinking CXX shared library libbase_interfaces_demo__rosidl_typesupport_fastrtps_cpp.so[0m
[2.495s] [ 76%] [32m[1mLinking CXX shared library libbase_interfaces_demo__rosidl_typesupport_fastrtps_c.so[0m
[2.521s] [ 76%] Built target base_interfaces_demo__rosidl_typesupport_fastrtps_cpp
[2.536s] [ 76%] Built target base_interfaces_demo__rosidl_typesupport_introspection_cpp
[2.563s] [ 76%] Built target base_interfaces_demo__rosidl_typesupport_fastrtps_c
[2.582s] [ 76%] Built target base_interfaces_demo
[2.600s] [ 78%] [34m[1mGenerating Python code for ROS interfaces[0m
[3.266s] [ 78%] Built target base_interfaces_demo__py
[3.276s] [35m[1mConsolidate compiler generated dependencies of target base_interfaces_demo__rosidl_generator_py[0m
[3.289s] [ 82%] [32mBuilding C object CMakeFiles/base_interfaces_demo__rosidl_generator_py.dir/rosidl_generator_py/base_interfaces_demo/msg/_student_s.c.o[0m
[3.289s] [ 82%] [32mBuilding C object CMakeFiles/base_interfaces_demo__rosidl_generator_py.dir/rosidl_generator_py/base_interfaces_demo/srv/_add_ints_s.c.o[0m
[3.289s] [ 85%] [32mBuilding C object CMakeFiles/base_interfaces_demo__rosidl_generator_py.dir/rosidl_generator_py/base_interfaces_demo/action/_progress_s.c.o[0m
[3.413s] [ 87%] [32m[1mLinking C shared library rosidl_generator_py/base_interfaces_demo/libbase_interfaces_demo__rosidl_generator_py.so[0m
[3.452s] [ 87%] Built target base_interfaces_demo__rosidl_generator_py
[3.462s] [35m[1mConsolidate compiler generated dependencies of target base_interfaces_demo__rosidl_typesupport_introspection_c__pyext[0m
[3.462s] [35m[1mConsolidate compiler generated dependencies of target base_interfaces_demo__rosidl_typesupport_c__pyext[0m
[3.462s] [35m[1mConsolidate compiler generated dependencies of target base_interfaces_demo__rosidl_typesupport_fastrtps_c__pyext[0m
[3.475s] [ 93%] [32mBuilding C object CMakeFiles/base_interfaces_demo__rosidl_typesupport_introspection_c__pyext.dir/rosidl_generator_py/base_interfaces_demo/_base_interfaces_demo_s.ep.rosidl_typesupport_introspection_c.c.o[0m
[3.475s] [ 93%] [32mBuilding C object CMakeFiles/base_interfaces_demo__rosidl_typesupport_fastrtps_c__pyext.dir/rosidl_generator_py/base_interfaces_demo/_base_interfaces_demo_s.ep.rosidl_typesupport_fastrtps_c.c.o[0m
[3.475s] [ 93%] [32mBuilding C object CMakeFiles/base_interfaces_demo__rosidl_typesupport_c__pyext.dir/rosidl_generator_py/base_interfaces_demo/_base_interfaces_demo_s.ep.rosidl_typesupport_c.c.o[0m
[3.583s] [100%] [32m[1mLinking C shared library rosidl_generator_py/base_interfaces_demo/base_interfaces_demo_s__rosidl_typesupport_c.cpython-310-x86_64-linux-gnu.so[0m
[3.583s] [100%] [32m[1mLinking C shared library rosidl_generator_py/base_interfaces_demo/base_interfaces_demo_s__rosidl_typesupport_introspection_c.cpython-310-x86_64-linux-gnu.so[0m
[3.583s] [100%] [32m[1mLinking C shared library rosidl_generator_py/base_interfaces_demo/base_interfaces_demo_s__rosidl_typesupport_fastrtps_c.cpython-310-x86_64-linux-gnu.so[0m
[3.622s] [100%] Built target base_interfaces_demo__rosidl_typesupport_c__pyext
[3.622s] [100%] Built target base_interfaces_demo__rosidl_typesupport_introspection_c__pyext
[3.623s] [100%] Built target base_interfaces_demo__rosidl_typesupport_fastrtps_c__pyext
[3.635s] Invoked command in '/home/lrm/ws01_plumbing/build/base_interfaces_demo' returned '0': CMAKE_PREFIX_PATH=${CMAKE_PREFIX_PATH}:/home/lrm/ws01_plumbing/install/py02_service:/home/lrm/ws01_plumbing/install/py01_topic:/home/lrm/ws00_helloworld/install/pkg02_helloworld_py:/opt/ros/humble /usr/bin/cmake --build /home/lrm/ws01_plumbing/build/base_interfaces_demo -- -j16 -l16
[3.645s] Invoking command in '/home/lrm/ws01_plumbing/build/base_interfaces_demo': CMAKE_PREFIX_PATH=${CMAKE_PREFIX_PATH}:/home/lrm/ws01_plumbing/install/py02_service:/home/lrm/ws01_plumbing/install/py01_topic:/home/lrm/ws00_helloworld/install/pkg02_helloworld_py:/opt/ros/humble /usr/bin/cmake --install /home/lrm/ws01_plumbing/build/base_interfaces_demo
[3.652s] -- Install configuration: ""
[3.652s] -- Installing: /home/lrm/ws01_plumbing/install/base_interfaces_demo/share/ament_index/resource_index/rosidl_interfaces/base_interfaces_demo
[3.653s] -- Up-to-date: /home/lrm/ws01_plumbing/install/base_interfaces_demo/include/base_interfaces_demo/base_interfaces_demo
[3.653s] -- Up-to-date: /home/lrm/ws01_plumbing/install/base_interfaces_demo/include/base_interfaces_demo/base_interfaces_demo/msg
[3.653s] -- Up-to-date: /home/lrm/ws01_plumbing/install/base_interfaces_demo/include/base_interfaces_demo/base_interfaces_demo/msg/detail
[3.653s] -- Installing: /home/lrm/ws01_plumbing/install/base_interfaces_demo/include/base_interfaces_demo/base_interfaces_demo/msg/detail/student__struct.h
[3.653s] -- Installing: /home/lrm/ws01_plumbing/install/base_interfaces_demo/include/base_interfaces_demo/base_interfaces_demo/msg/detail/student__functions.h
[3.653s] -- Installing: /home/lrm/ws01_plumbing/install/base_interfaces_demo/include/base_interfaces_demo/base_interfaces_demo/msg/detail/student__functions.c
[3.653s] -- Installing: /home/lrm/ws01_plumbing/install/base_interfaces_demo/include/base_interfaces_demo/base_interfaces_demo/msg/detail/student__type_support.h
[3.653s] -- Up-to-date: /home/lrm/ws01_plumbing/install/base_interfaces_demo/include/base_interfaces_demo/base_interfaces_demo/msg/rosidl_generator_c__visibility_control.h
[3.653s] -- Installing: /home/lrm/ws01_plumbing/install/base_interfaces_demo/include/base_interfaces_demo/base_interfaces_demo/msg/student.h
[3.653s] -- Up-to-date: /home/lrm/ws01_plumbing/install/base_interfaces_demo/include/base_interfaces_demo/base_interfaces_demo/srv
[3.653s] -- Up-to-date: /home/lrm/ws01_plumbing/install/base_interfaces_demo/include/base_interfaces_demo/base_interfaces_demo/srv/detail
[3.654s] -- Installing: /home/lrm/ws01_plumbing/install/base_interfaces_demo/include/base_interfaces_demo/base_interfaces_demo/srv/detail/add_ints__type_support.h
[3.654s] -- Installing: /home/lrm/ws01_plumbing/install/base_interfaces_demo/include/base_interfaces_demo/base_interfaces_demo/srv/detail/add_ints__struct.h
[3.654s] -- Installing: /home/lrm/ws01_plumbing/install/base_interfaces_demo/include/base_interfaces_demo/base_interfaces_demo/srv/detail/add_ints__functions.h
[3.654s] -- Installing: /home/lrm/ws01_plumbing/install/base_interfaces_demo/include/base_interfaces_demo/base_interfaces_demo/srv/detail/add_ints__functions.c
[3.654s] -- Installing: /home/lrm/ws01_plumbing/install/base_interfaces_demo/include/base_interfaces_demo/base_interfaces_demo/srv/add_ints.h
[3.654s] -- Installing: /home/lrm/ws01_plumbing/install/base_interfaces_demo/include/base_interfaces_demo/base_interfaces_demo/action
[3.654s] -- Installing: /home/lrm/ws01_plumbing/install/base_interfaces_demo/include/base_interfaces_demo/base_interfaces_demo/action/detail
[3.654s] -- Installing: /home/lrm/ws01_plumbing/install/base_interfaces_demo/include/base_interfaces_demo/base_interfaces_demo/action/detail/progress__functions.h
[3.654s] -- Installing: /home/lrm/ws01_plumbing/install/base_interfaces_demo/include/base_interfaces_demo/base_interfaces_demo/action/detail/progress__struct.h
[3.655s] -- Installing: /home/lrm/ws01_plumbing/install/base_interfaces_demo/include/base_interfaces_demo/base_interfaces_demo/action/detail/progress__functions.c
[3.655s] -- Installing: /home/lrm/ws01_plumbing/install/base_interfaces_demo/include/base_interfaces_demo/base_interfaces_demo/action/detail/progress__type_support.h
[3.655s] -- Installing: /home/lrm/ws01_plumbing/install/base_interfaces_demo/include/base_interfaces_demo/base_interfaces_demo/action/progress.h
[3.655s] -- Up-to-date: /home/lrm/ws01_plumbing/install/base_interfaces_demo/share/base_interfaces_demo/environment/library_path.sh
[3.655s] -- Installing: /home/lrm/ws01_plumbing/install/base_interfaces_demo/share/base_interfaces_demo/environment/library_path.dsv
[3.655s] -- Installing: /home/lrm/ws01_plumbing/install/base_interfaces_demo/lib/libbase_interfaces_demo__rosidl_generator_c.so
[3.656s] -- Set runtime path of "/home/lrm/ws01_plumbing/install/base_interfaces_demo/lib/libbase_interfaces_demo__rosidl_generator_c.so" to ""
[3.656s] -- Up-to-date: /home/lrm/ws01_plumbing/install/base_interfaces_demo/include/base_interfaces_demo/base_interfaces_demo
[3.656s] -- Up-to-date: /home/lrm/ws01_plumbing/install/base_interfaces_demo/include/base_interfaces_demo/base_interfaces_demo/msg
[3.656s] -- Up-to-date: /home/lrm/ws01_plumbing/install/base_interfaces_demo/include/base_interfaces_demo/base_interfaces_demo/msg/detail
[3.656s] -- Installing: /home/lrm/ws01_plumbing/install/base_interfaces_demo/include/base_interfaces_demo/base_interfaces_demo/msg/detail/student__rosidl_typesupport_fastrtps_c.h
[3.656s] -- Up-to-date: /home/lrm/ws01_plumbing/install/base_interfaces_demo/include/base_interfaces_demo/base_interfaces_demo/msg/rosidl_typesupport_fastrtps_c__visibility_control.h
[3.656s] -- Up-to-date: /home/lrm/ws01_plumbing/install/base_interfaces_demo/include/base_interfaces_demo/base_interfaces_demo/srv
[3.656s] -- Up-to-date: /home/lrm/ws01_plumbing/install/base_interfaces_demo/include/base_interfaces_demo/base_interfaces_demo/srv/detail
[3.656s] -- Installing: /home/lrm/ws01_plumbing/install/base_interfaces_demo/include/base_interfaces_demo/base_interfaces_demo/srv/detail/add_ints__rosidl_typesupport_fastrtps_c.h
[3.656s] -- Up-to-date: /home/lrm/ws01_plumbing/install/base_interfaces_demo/include/base_interfaces_demo/base_interfaces_demo/action
[3.657s] -- Up-to-date: /home/lrm/ws01_plumbing/install/base_interfaces_demo/include/base_interfaces_demo/base_interfaces_demo/action/detail
[3.657s] -- Installing: /home/lrm/ws01_plumbing/install/base_interfaces_demo/include/base_interfaces_demo/base_interfaces_demo/action/detail/progress__rosidl_typesupport_fastrtps_c.h
[3.657s] -- Installing: /home/lrm/ws01_plumbing/install/base_interfaces_demo/lib/libbase_interfaces_demo__rosidl_typesupport_fastrtps_c.so
[3.657s] -- Set runtime path of "/home/lrm/ws01_plumbing/install/base_interfaces_demo/lib/libbase_interfaces_demo__rosidl_typesupport_fastrtps_c.so" to ""
[3.657s] -- Up-to-date: /home/lrm/ws01_plumbing/install/base_interfaces_demo/include/base_interfaces_demo/base_interfaces_demo
[3.657s] -- Up-to-date: /home/lrm/ws01_plumbing/install/base_interfaces_demo/include/base_interfaces_demo/base_interfaces_demo/msg
[3.657s] -- Up-to-date: /home/lrm/ws01_plumbing/install/base_interfaces_demo/include/base_interfaces_demo/base_interfaces_demo/msg/detail
[3.657s] -- Installing: /home/lrm/ws01_plumbing/install/base_interfaces_demo/include/base_interfaces_demo/base_interfaces_demo/msg/detail/student__rosidl_typesupport_introspection_c.h
[3.657s] -- Installing: /home/lrm/ws01_plumbing/install/base_interfaces_demo/include/base_interfaces_demo/base_interfaces_demo/msg/detail/student__type_support.c
[3.657s] -- Up-to-date: /home/lrm/ws01_plumbing/install/base_interfaces_demo/include/base_interfaces_demo/base_interfaces_demo/msg/rosidl_typesupport_introspection_c__visibility_control.h
[3.657s] -- Up-to-date: /home/lrm/ws01_plumbing/install/base_interfaces_demo/include/base_interfaces_demo/base_interfaces_demo/srv
[3.658s] -- Up-to-date: /home/lrm/ws01_plumbing/install/base_interfaces_demo/include/base_interfaces_demo/base_interfaces_demo/srv/detail
[3.658s] -- Installing: /home/lrm/ws01_plumbing/install/base_interfaces_demo/include/base_interfaces_demo/base_interfaces_demo/srv/detail/add_ints__type_support.c
[3.658s] -- Installing: /home/lrm/ws01_plumbing/install/base_interfaces_demo/include/base_interfaces_demo/base_interfaces_demo/srv/detail/add_ints__rosidl_typesupport_introspection_c.h
[3.658s] -- Up-to-date: /home/lrm/ws01_plumbing/install/base_interfaces_demo/include/base_interfaces_demo/base_interfaces_demo/action
[3.658s] -- Up-to-date: /home/lrm/ws01_plumbing/install/base_interfaces_demo/include/base_interfaces_demo/base_interfaces_demo/action/detail
[3.658s] -- Installing: /home/lrm/ws01_plumbing/install/base_interfaces_demo/include/base_interfaces_demo/base_interfaces_demo/action/detail/progress__rosidl_typesupport_introspection_c.h
[3.658s] -- Installing: /home/lrm/ws01_plumbing/install/base_interfaces_demo/include/base_interfaces_demo/base_interfaces_demo/action/detail/progress__type_support.c
[3.658s] -- Installing: /home/lrm/ws01_plumbing/install/base_interfaces_demo/lib/libbase_interfaces_demo__rosidl_typesupport_introspection_c.so
[3.659s] -- Set runtime path of "/home/lrm/ws01_plumbing/install/base_interfaces_demo/lib/libbase_interfaces_demo__rosidl_typesupport_introspection_c.so" to ""
[3.659s] -- Installing: /home/lrm/ws01_plumbing/install/base_interfaces_demo/lib/libbase_interfaces_demo__rosidl_typesupport_c.so
[3.659s] -- Set runtime path of "/home/lrm/ws01_plumbing/install/base_interfaces_demo/lib/libbase_interfaces_demo__rosidl_typesupport_c.so" to ""
[3.659s] -- Up-to-date: /home/lrm/ws01_plumbing/install/base_interfaces_demo/include/base_interfaces_demo/base_interfaces_demo
[3.659s] -- Up-to-date: /home/lrm/ws01_plumbing/install/base_interfaces_demo/include/base_interfaces_demo/base_interfaces_demo/msg
[3.659s] -- Up-to-date: /home/lrm/ws01_plumbing/install/base_interfaces_demo/include/base_interfaces_demo/base_interfaces_demo/msg/detail
[3.659s] -- Installing: /home/lrm/ws01_plumbing/install/base_interfaces_demo/include/base_interfaces_demo/base_interfaces_demo/msg/detail/student__builder.hpp
[3.660s] -- Installing: /home/lrm/ws01_plumbing/install/base_interfaces_demo/include/base_interfaces_demo/base_interfaces_demo/msg/detail/student__traits.hpp
[3.660s] -- Installing: /home/lrm/ws01_plumbing/install/base_interfaces_demo/include/base_interfaces_demo/base_interfaces_demo/msg/detail/student__struct.hpp
[3.660s] -- Installing: /home/lrm/ws01_plumbing/install/base_interfaces_demo/include/base_interfaces_demo/base_interfaces_demo/msg/detail/student__type_support.hpp
[3.660s] -- Installing: /home/lrm/ws01_plumbing/install/base_interfaces_demo/include/base_interfaces_demo/base_interfaces_demo/msg/student.hpp
[3.660s] -- Up-to-date: /home/lrm/ws01_plumbing/install/base_interfaces_demo/include/base_interfaces_demo/base_interfaces_demo/msg/rosidl_generator_cpp__visibility_control.hpp
[3.660s] -- Up-to-date: /home/lrm/ws01_plumbing/install/base_interfaces_demo/include/base_interfaces_demo/base_interfaces_demo/srv
[3.660s] -- Up-to-date: /home/lrm/ws01_plumbing/install/base_interfaces_demo/include/base_interfaces_demo/base_interfaces_demo/srv/detail
[3.660s] -- Installing: /home/lrm/ws01_plumbing/install/base_interfaces_demo/include/base_interfaces_demo/base_interfaces_demo/srv/detail/add_ints__builder.hpp
[3.660s] -- Installing: /home/lrm/ws01_plumbing/install/base_interfaces_demo/include/base_interfaces_demo/base_interfaces_demo/srv/detail/add_ints__type_support.hpp
[3.660s] -- Installing: /home/lrm/ws01_plumbing/install/base_interfaces_demo/include/base_interfaces_demo/base_interfaces_demo/srv/detail/add_ints__traits.hpp
[3.661s] -- Installing: /home/lrm/ws01_plumbing/install/base_interfaces_demo/include/base_interfaces_demo/base_interfaces_demo/srv/detail/add_ints__struct.hpp
[3.661s] -- Installing: /home/lrm/ws01_plumbing/install/base_interfaces_demo/include/base_interfaces_demo/base_interfaces_demo/srv/add_ints.hpp
[3.661s] -- Up-to-date: /home/lrm/ws01_plumbing/install/base_interfaces_demo/include/base_interfaces_demo/base_interfaces_demo/action
[3.661s] -- Installing: /home/lrm/ws01_plumbing/install/base_interfaces_demo/include/base_interfaces_demo/base_interfaces_demo/action/progress.hpp
[3.661s] -- Up-to-date: /home/lrm/ws01_plumbing/install/base_interfaces_demo/include/base_interfaces_demo/base_interfaces_demo/action/detail
[3.661s] -- Installing: /home/lrm/ws01_plumbing/install/base_interfaces_demo/include/base_interfaces_demo/base_interfaces_demo/action/detail/progress__type_support.hpp
[3.661s] -- Installing: /home/lrm/ws01_plumbing/install/base_interfaces_demo/include/base_interfaces_demo/base_interfaces_demo/action/detail/progress__traits.hpp
[3.661s] -- Installing: /home/lrm/ws01_plumbing/install/base_interfaces_demo/include/base_interfaces_demo/base_interfaces_demo/action/detail/progress__builder.hpp
[3.661s] -- Installing: /home/lrm/ws01_plumbing/install/base_interfaces_demo/include/base_interfaces_demo/base_interfaces_demo/action/detail/progress__struct.hpp
[3.662s] -- Up-to-date: /home/lrm/ws01_plumbing/install/base_interfaces_demo/include/base_interfaces_demo/base_interfaces_demo
[3.662s] -- Up-to-date: /home/lrm/ws01_plumbing/install/base_interfaces_demo/include/base_interfaces_demo/base_interfaces_demo/msg
[3.662s] -- Up-to-date: /home/lrm/ws01_plumbing/install/base_interfaces_demo/include/base_interfaces_demo/base_interfaces_demo/msg/detail
[3.662s] -- Installing: /home/lrm/ws01_plumbing/install/base_interfaces_demo/include/base_interfaces_demo/base_interfaces_demo/msg/detail/student__rosidl_typesupport_fastrtps_cpp.hpp
[3.662s] -- Up-to-date: /home/lrm/ws01_plumbing/install/base_interfaces_demo/include/base_interfaces_demo/base_interfaces_demo/msg/detail/dds_fastrtps
[3.662s] -- Up-to-date: /home/lrm/ws01_plumbing/install/base_interfaces_demo/include/base_interfaces_demo/base_interfaces_demo/msg/rosidl_typesupport_fastrtps_cpp__visibility_control.h
[3.662s] -- Up-to-date: /home/lrm/ws01_plumbing/install/base_interfaces_demo/include/base_interfaces_demo/base_interfaces_demo/srv
[3.662s] -- Up-to-date: /home/lrm/ws01_plumbing/install/base_interfaces_demo/include/base_interfaces_demo/base_interfaces_demo/srv/detail
[3.662s] -- Installing: /home/lrm/ws01_plumbing/install/base_interfaces_demo/include/base_interfaces_demo/base_interfaces_demo/srv/detail/add_ints__rosidl_typesupport_fastrtps_cpp.hpp
[3.662s] -- Up-to-date: /home/lrm/ws01_plumbing/install/base_interfaces_demo/include/base_interfaces_demo/base_interfaces_demo/srv/detail/dds_fastrtps
[3.662s] -- Up-to-date: /home/lrm/ws01_plumbing/install/base_interfaces_demo/include/base_interfaces_demo/base_interfaces_demo/action
[3.662s] -- Up-to-date: /home/lrm/ws01_plumbing/install/base_interfaces_demo/include/base_interfaces_demo/base_interfaces_demo/action/detail
[3.662s] -- Installing: /home/lrm/ws01_plumbing/install/base_interfaces_demo/include/base_interfaces_demo/base_interfaces_demo/action/detail/dds_fastrtps
[3.662s] -- Installing: /home/lrm/ws01_plumbing/install/base_interfaces_demo/include/base_interfaces_demo/base_interfaces_demo/action/detail/progress__rosidl_typesupport_fastrtps_cpp.hpp
[3.663s] -- Installing: /home/lrm/ws01_plumbing/install/base_interfaces_demo/lib/libbase_interfaces_demo__rosidl_typesupport_fastrtps_cpp.so
[3.663s] -- Set runtime path of "/home/lrm/ws01_plumbing/install/base_interfaces_demo/lib/libbase_interfaces_demo__rosidl_typesupport_fastrtps_cpp.so" to ""
[3.663s] -- Up-to-date: /home/lrm/ws01_plumbing/install/base_interfaces_demo/include/base_interfaces_demo/base_interfaces_demo
[3.663s] -- Up-to-date: /home/lrm/ws01_plumbing/install/base_interfaces_demo/include/base_interfaces_demo/base_interfaces_demo/msg
[3.663s] -- Up-to-date: /home/lrm/ws01_plumbing/install/base_interfaces_demo/include/base_interfaces_demo/base_interfaces_demo/msg/detail
[3.663s] -- Installing: /home/lrm/ws01_plumbing/install/base_interfaces_demo/include/base_interfaces_demo/base_interfaces_demo/msg/detail/student__rosidl_typesupport_introspection_cpp.hpp
[3.664s] -- Installing: /home/lrm/ws01_plumbing/install/base_interfaces_demo/include/base_interfaces_demo/base_interfaces_demo/msg/detail/student__type_support.cpp
[3.664s] -- Up-to-date: /home/lrm/ws01_plumbing/install/base_interfaces_demo/include/base_interfaces_demo/base_interfaces_demo/srv
[3.664s] -- Up-to-date: /home/lrm/ws01_plumbing/install/base_interfaces_demo/include/base_interfaces_demo/base_interfaces_demo/srv/detail
[3.664s] -- Installing: /home/lrm/ws01_plumbing/install/base_interfaces_demo/include/base_interfaces_demo/base_interfaces_demo/srv/detail/add_ints__type_support.cpp
[3.664s] -- Installing: /home/lrm/ws01_plumbing/install/base_interfaces_demo/include/base_interfaces_demo/base_interfaces_demo/srv/detail/add_ints__rosidl_typesupport_introspection_cpp.hpp
[3.664s] -- Up-to-date: /home/lrm/ws01_plumbing/install/base_interfaces_demo/include/base_interfaces_demo/base_interfaces_demo/action
[3.664s] -- Up-to-date: /home/lrm/ws01_plumbing/install/base_interfaces_demo/include/base_interfaces_demo/base_interfaces_demo/action/detail
[3.664s] -- Installing: /home/lrm/ws01_plumbing/install/base_interfaces_demo/include/base_interfaces_demo/base_interfaces_demo/action/detail/progress__type_support.cpp
[3.664s] -- Installing: /home/lrm/ws01_plumbing/install/base_interfaces_demo/include/base_interfaces_demo/base_interfaces_demo/action/detail/progress__rosidl_typesupport_introspection_cpp.hpp
[3.665s] -- Installing: /home/lrm/ws01_plumbing/install/base_interfaces_demo/lib/libbase_interfaces_demo__rosidl_typesupport_introspection_cpp.so
[3.665s] -- Set runtime path of "/home/lrm/ws01_plumbing/install/base_interfaces_demo/lib/libbase_interfaces_demo__rosidl_typesupport_introspection_cpp.so" to ""
[3.665s] -- Installing: /home/lrm/ws01_plumbing/install/base_interfaces_demo/lib/libbase_interfaces_demo__rosidl_typesupport_cpp.so
[3.666s] -- Set runtime path of "/home/lrm/ws01_plumbing/install/base_interfaces_demo/lib/libbase_interfaces_demo__rosidl_typesupport_cpp.so" to ""
[3.666s] -- Up-to-date: /home/lrm/ws01_plumbing/install/base_interfaces_demo/share/base_interfaces_demo/environment/pythonpath.sh
[3.666s] -- Installing: /home/lrm/ws01_plumbing/install/base_interfaces_demo/share/base_interfaces_demo/environment/pythonpath.dsv
[3.666s] -- Up-to-date: /home/lrm/ws01_plumbing/install/base_interfaces_demo/local/lib/python3.10/dist-packages/base_interfaces_demo-0.0.0-py3.10.egg-info
[3.666s] -- Installing: /home/lrm/ws01_plumbing/install/base_interfaces_demo/local/lib/python3.10/dist-packages/base_interfaces_demo-0.0.0-py3.10.egg-info/dependency_links.txt
[3.666s] -- Installing: /home/lrm/ws01_plumbing/install/base_interfaces_demo/local/lib/python3.10/dist-packages/base_interfaces_demo-0.0.0-py3.10.egg-info/SOURCES.txt
[3.666s] -- Installing: /home/lrm/ws01_plumbing/install/base_interfaces_demo/local/lib/python3.10/dist-packages/base_interfaces_demo-0.0.0-py3.10.egg-info/top_level.txt
[3.666s] -- Installing: /home/lrm/ws01_plumbing/install/base_interfaces_demo/local/lib/python3.10/dist-packages/base_interfaces_demo-0.0.0-py3.10.egg-info/PKG-INFO
[3.667s] -- Up-to-date: /home/lrm/ws01_plumbing/install/base_interfaces_demo/local/lib/python3.10/dist-packages/base_interfaces_demo
[3.667s] -- Installing: /home/lrm/ws01_plumbing/install/base_interfaces_demo/local/lib/python3.10/dist-packages/base_interfaces_demo/_base_interfaces_demo_s.ep.rosidl_typesupport_fastrtps_c.c
[3.667s] -- Up-to-date: /home/lrm/ws01_plumbing/install/base_interfaces_demo/local/lib/python3.10/dist-packages/base_interfaces_demo/msg
[3.667s] -- Installing: /home/lrm/ws01_plumbing/install/base_interfaces_demo/local/lib/python3.10/dist-packages/base_interfaces_demo/msg/_student.py
[3.667s] -- Installing: /home/lrm/ws01_plumbing/install/base_interfaces_demo/local/lib/python3.10/dist-packages/base_interfaces_demo/msg/_student_s.c
[3.667s] -- Installing: /home/lrm/ws01_plumbing/install/base_interfaces_demo/local/lib/python3.10/dist-packages/base_interfaces_demo/msg/__init__.py
[3.667s] -- Installing: /home/lrm/ws01_plumbing/install/base_interfaces_demo/local/lib/python3.10/dist-packages/base_interfaces_demo/_base_interfaces_demo_s.ep.rosidl_typesupport_c.c
[3.668s] -- Up-to-date: /home/lrm/ws01_plumbing/install/base_interfaces_demo/local/lib/python3.10/dist-packages/base_interfaces_demo/srv
[3.668s] -- Installing: /home/lrm/ws01_plumbing/install/base_interfaces_demo/local/lib/python3.10/dist-packages/base_interfaces_demo/srv/_add_ints.py
[3.668s] -- Installing: /home/lrm/ws01_plumbing/install/base_interfaces_demo/local/lib/python3.10/dist-packages/base_interfaces_demo/srv/__init__.py
[3.668s] -- Installing: /home/lrm/ws01_plumbing/install/base_interfaces_demo/local/lib/python3.10/dist-packages/base_interfaces_demo/srv/_add_ints_s.c
[3.668s] -- Installing: /home/lrm/ws01_plumbing/install/base_interfaces_demo/local/lib/python3.10/dist-packages/base_interfaces_demo/_base_interfaces_demo_s.ep.rosidl_typesupport_introspection_c.c
[3.668s] -- Installing: /home/lrm/ws01_plumbing/install/base_interfaces_demo/local/lib/python3.10/dist-packages/base_interfaces_demo/base_interfaces_demo_s__rosidl_typesupport_c.cpython-310-x86_64-linux-gnu.so
[3.668s] -- Installing: /home/lrm/ws01_plumbing/install/base_interfaces_demo/local/lib/python3.10/dist-packages/base_interfaces_demo/base_interfaces_demo_s__rosidl_typesupport_introspection_c.cpython-310-x86_64-linux-gnu.so
[3.669s] -- Installing: /home/lrm/ws01_plumbing/install/base_interfaces_demo/local/lib/python3.10/dist-packages/base_interfaces_demo/base_interfaces_demo_s__rosidl_typesupport_fastrtps_c.cpython-310-x86_64-linux-gnu.so
[3.669s] -- Installing: /home/lrm/ws01_plumbing/install/base_interfaces_demo/local/lib/python3.10/dist-packages/base_interfaces_demo/libbase_interfaces_demo__rosidl_generator_py.so
[3.669s] -- Installing: /home/lrm/ws01_plumbing/install/base_interfaces_demo/local/lib/python3.10/dist-packages/base_interfaces_demo/action
[3.669s] -- Installing: /home/lrm/ws01_plumbing/install/base_interfaces_demo/local/lib/python3.10/dist-packages/base_interfaces_demo/action/_progress.py
[3.669s] -- Installing: /home/lrm/ws01_plumbing/install/base_interfaces_demo/local/lib/python3.10/dist-packages/base_interfaces_demo/action/_progress_s.c
[3.669s] -- Installing: /home/lrm/ws01_plumbing/install/base_interfaces_demo/local/lib/python3.10/dist-packages/base_interfaces_demo/action/__init__.py
[3.669s] -- Installing: /home/lrm/ws01_plumbing/install/base_interfaces_demo/local/lib/python3.10/dist-packages/base_interfaces_demo/__init__.py
[3.706s] Listing '/home/lrm/ws01_plumbing/install/base_interfaces_demo/local/lib/python3.10/dist-packages/base_interfaces_demo'...
[3.706s] Compiling '/home/lrm/ws01_plumbing/install/base_interfaces_demo/local/lib/python3.10/dist-packages/base_interfaces_demo/__init__.py'...
[3.706s] Listing '/home/lrm/ws01_plumbing/install/base_interfaces_demo/local/lib/python3.10/dist-packages/base_interfaces_demo/action'...
[3.707s] Compiling '/home/lrm/ws01_plumbing/install/base_interfaces_demo/local/lib/python3.10/dist-packages/base_interfaces_demo/action/__init__.py'...
[3.707s] Compiling '/home/lrm/ws01_plumbing/install/base_interfaces_demo/local/lib/python3.10/dist-packages/base_interfaces_demo/action/_progress.py'...
[3.707s] Listing '/home/lrm/ws01_plumbing/install/base_interfaces_demo/local/lib/python3.10/dist-packages/base_interfaces_demo/msg'...
[3.707s] Compiling '/home/lrm/ws01_plumbing/install/base_interfaces_demo/local/lib/python3.10/dist-packages/base_interfaces_demo/msg/__init__.py'...
[3.707s] Compiling '/home/lrm/ws01_plumbing/install/base_interfaces_demo/local/lib/python3.10/dist-packages/base_interfaces_demo/msg/_student.py'...
[3.707s] Listing '/home/lrm/ws01_plumbing/install/base_interfaces_demo/local/lib/python3.10/dist-packages/base_interfaces_demo/srv'...
[3.707s] Compiling '/home/lrm/ws01_plumbing/install/base_interfaces_demo/local/lib/python3.10/dist-packages/base_interfaces_demo/srv/__init__.py'...
[3.707s] Compiling '/home/lrm/ws01_plumbing/install/base_interfaces_demo/local/lib/python3.10/dist-packages/base_interfaces_demo/srv/_add_ints.py'...
[3.713s] -- Installing: /home/lrm/ws01_plumbing/install/base_interfaces_demo/local/lib/python3.10/dist-packages/base_interfaces_demo/base_interfaces_demo_s__rosidl_typesupport_fastrtps_c.cpython-310-x86_64-linux-gnu.so
[3.714s] -- Set runtime path of "/home/lrm/ws01_plumbing/install/base_interfaces_demo/local/lib/python3.10/dist-packages/base_interfaces_demo/base_interfaces_demo_s__rosidl_typesupport_fastrtps_c.cpython-310-x86_64-linux-gnu.so" to ""
[3.714s] -- Installing: /home/lrm/ws01_plumbing/install/base_interfaces_demo/local/lib/python3.10/dist-packages/base_interfaces_demo/base_interfaces_demo_s__rosidl_typesupport_introspection_c.cpython-310-x86_64-linux-gnu.so
[3.714s] -- Set runtime path of "/home/lrm/ws01_plumbing/install/base_interfaces_demo/local/lib/python3.10/dist-packages/base_interfaces_demo/base_interfaces_demo_s__rosidl_typesupport_introspection_c.cpython-310-x86_64-linux-gnu.so" to ""
[3.714s] -- Installing: /home/lrm/ws01_plumbing/install/base_interfaces_demo/local/lib/python3.10/dist-packages/base_interfaces_demo/base_interfaces_demo_s__rosidl_typesupport_c.cpython-310-x86_64-linux-gnu.so
[3.715s] -- Set runtime path of "/home/lrm/ws01_plumbing/install/base_interfaces_demo/local/lib/python3.10/dist-packages/base_interfaces_demo/base_interfaces_demo_s__rosidl_typesupport_c.cpython-310-x86_64-linux-gnu.so" to ""
[3.715s] -- Installing: /home/lrm/ws01_plumbing/install/base_interfaces_demo/lib/libbase_interfaces_demo__rosidl_generator_py.so
[3.715s] -- Set runtime path of "/home/lrm/ws01_plumbing/install/base_interfaces_demo/lib/libbase_interfaces_demo__rosidl_generator_py.so" to ""
[3.715s] -- Up-to-date: /home/lrm/ws01_plumbing/install/base_interfaces_demo/share/base_interfaces_demo/msg/Student.idl
[3.715s] -- Up-to-date: /home/lrm/ws01_plumbing/install/base_interfaces_demo/share/base_interfaces_demo/srv/AddInts.idl
[3.716s] -- Installing: /home/lrm/ws01_plumbing/install/base_interfaces_demo/share/base_interfaces_demo/action/Progress.idl
[3.716s] -- Up-to-date: /home/lrm/ws01_plumbing/install/base_interfaces_demo/share/base_interfaces_demo/msg/Student.msg
[3.716s] -- Up-to-date: /home/lrm/ws01_plumbing/install/base_interfaces_demo/share/base_interfaces_demo/srv/AddInts.srv
[3.716s] -- Up-to-date: /home/lrm/ws01_plumbing/install/base_interfaces_demo/share/base_interfaces_demo/srv/AddInts_Request.msg
[3.716s] -- Up-to-date: /home/lrm/ws01_plumbing/install/base_interfaces_demo/share/base_interfaces_demo/srv/AddInts_Response.msg
[3.716s] -- Installing: /home/lrm/ws01_plumbing/install/base_interfaces_demo/share/base_interfaces_demo/action/Progress.action
[3.716s] -- Installing: /home/lrm/ws01_plumbing/install/base_interfaces_demo/share/ament_index/resource_index/package_run_dependencies/base_interfaces_demo
[3.716s] -- Installing: /home/lrm/ws01_plumbing/install/base_interfaces_demo/share/ament_index/resource_index/parent_prefix_path/base_interfaces_demo
[3.716s] -- Up-to-date: /home/lrm/ws01_plumbing/install/base_interfaces_demo/share/base_interfaces_demo/environment/ament_prefix_path.sh
[3.716s] -- Installing: /home/lrm/ws01_plumbing/install/base_interfaces_demo/share/base_interfaces_demo/environment/ament_prefix_path.dsv
[3.717s] -- Up-to-date: /home/lrm/ws01_plumbing/install/base_interfaces_demo/share/base_interfaces_demo/environment/path.sh
[3.717s] -- Installing: /home/lrm/ws01_plumbing/install/base_interfaces_demo/share/base_interfaces_demo/environment/path.dsv
[3.717s] -- Up-to-date: /home/lrm/ws01_plumbing/install/base_interfaces_demo/share/base_interfaces_demo/local_setup.bash
[3.717s] -- Up-to-date: /home/lrm/ws01_plumbing/install/base_interfaces_demo/share/base_interfaces_demo/local_setup.sh
[3.717s] -- Up-to-date: /home/lrm/ws01_plumbing/install/base_interfaces_demo/share/base_interfaces_demo/local_setup.zsh
[3.717s] -- Installing: /home/lrm/ws01_plumbing/install/base_interfaces_demo/share/base_interfaces_demo/local_setup.dsv
[3.717s] -- Installing: /home/lrm/ws01_plumbing/install/base_interfaces_demo/share/base_interfaces_demo/package.dsv
[3.717s] -- Up-to-date: /home/lrm/ws01_plumbing/install/base_interfaces_demo/share/ament_index/resource_index/packages/base_interfaces_demo
[3.717s] -- Old export file "/home/lrm/ws01_plumbing/install/base_interfaces_demo/share/base_interfaces_demo/cmake/export_base_interfaces_demo__rosidl_generator_cExport.cmake" will be replaced.  Removing files [/home/lrm/ws01_plumbing/install/base_interfaces_demo/share/base_interfaces_demo/cmake/export_base_interfaces_demo__rosidl_generator_cExport-noconfig.cmake].
[3.717s] -- Installing: /home/lrm/ws01_plumbing/install/base_interfaces_demo/share/base_interfaces_demo/cmake/export_base_interfaces_demo__rosidl_generator_cExport.cmake
[3.717s] -- Installing: /home/lrm/ws01_plumbing/install/base_interfaces_demo/share/base_interfaces_demo/cmake/export_base_interfaces_demo__rosidl_generator_cExport-noconfig.cmake
[3.718s] -- Old export file "/home/lrm/ws01_plumbing/install/base_interfaces_demo/share/base_interfaces_demo/cmake/export_base_interfaces_demo__rosidl_typesupport_fastrtps_cExport.cmake" will be replaced.  Removing files [/home/lrm/ws01_plumbing/install/base_interfaces_demo/share/base_interfaces_demo/cmake/export_base_interfaces_demo__rosidl_typesupport_fastrtps_cExport-noconfig.cmake].
[3.718s] -- Installing: /home/lrm/ws01_plumbing/install/base_interfaces_demo/share/base_interfaces_demo/cmake/export_base_interfaces_demo__rosidl_typesupport_fastrtps_cExport.cmake
[3.718s] -- Installing: /home/lrm/ws01_plumbing/install/base_interfaces_demo/share/base_interfaces_demo/cmake/export_base_interfaces_demo__rosidl_typesupport_fastrtps_cExport-noconfig.cmake
[3.718s] -- Old export file "/home/lrm/ws01_plumbing/install/base_interfaces_demo/share/base_interfaces_demo/cmake/base_interfaces_demo__rosidl_typesupport_introspection_cExport.cmake" will be replaced.  Removing files [/home/lrm/ws01_plumbing/install/base_interfaces_demo/share/base_interfaces_demo/cmake/base_interfaces_demo__rosidl_typesupport_introspection_cExport-noconfig.cmake].
[3.718s] -- Installing: /home/lrm/ws01_plumbing/install/base_interfaces_demo/share/base_interfaces_demo/cmake/base_interfaces_demo__rosidl_typesupport_introspection_cExport.cmake
[3.718s] -- Installing: /home/lrm/ws01_plumbing/install/base_interfaces_demo/share/base_interfaces_demo/cmake/base_interfaces_demo__rosidl_typesupport_introspection_cExport-noconfig.cmake
[3.718s] -- Old export file "/home/lrm/ws01_plumbing/install/base_interfaces_demo/share/base_interfaces_demo/cmake/base_interfaces_demo__rosidl_typesupport_cExport.cmake" will be replaced.  Removing files [/home/lrm/ws01_plumbing/install/base_interfaces_demo/share/base_interfaces_demo/cmake/base_interfaces_demo__rosidl_typesupport_cExport-noconfig.cmake].
[3.719s] -- Installing: /home/lrm/ws01_plumbing/install/base_interfaces_demo/share/base_interfaces_demo/cmake/base_interfaces_demo__rosidl_typesupport_cExport.cmake
[3.719s] -- Installing: /home/lrm/ws01_plumbing/install/base_interfaces_demo/share/base_interfaces_demo/cmake/base_interfaces_demo__rosidl_typesupport_cExport-noconfig.cmake
[3.719s] -- Installing: /home/lrm/ws01_plumbing/install/base_interfaces_demo/share/base_interfaces_demo/cmake/export_base_interfaces_demo__rosidl_generator_cppExport.cmake
[3.719s] -- Old export file "/home/lrm/ws01_plumbing/install/base_interfaces_demo/share/base_interfaces_demo/cmake/export_base_interfaces_demo__rosidl_typesupport_fastrtps_cppExport.cmake" will be replaced.  Removing files [/home/lrm/ws01_plumbing/install/base_interfaces_demo/share/base_interfaces_demo/cmake/export_base_interfaces_demo__rosidl_typesupport_fastrtps_cppExport-noconfig.cmake].
[3.719s] -- Installing: /home/lrm/ws01_plumbing/install/base_interfaces_demo/share/base_interfaces_demo/cmake/export_base_interfaces_demo__rosidl_typesupport_fastrtps_cppExport.cmake
[3.719s] -- Installing: /home/lrm/ws01_plumbing/install/base_interfaces_demo/share/base_interfaces_demo/cmake/export_base_interfaces_demo__rosidl_typesupport_fastrtps_cppExport-noconfig.cmake
[3.720s] -- Old export file "/home/lrm/ws01_plumbing/install/base_interfaces_demo/share/base_interfaces_demo/cmake/base_interfaces_demo__rosidl_typesupport_introspection_cppExport.cmake" will be replaced.  Removing files [/home/lrm/ws01_plumbing/install/base_interfaces_demo/share/base_interfaces_demo/cmake/base_interfaces_demo__rosidl_typesupport_introspection_cppExport-noconfig.cmake].
[3.720s] -- Installing: /home/lrm/ws01_plumbing/install/base_interfaces_demo/share/base_interfaces_demo/cmake/base_interfaces_demo__rosidl_typesupport_introspection_cppExport.cmake
[3.720s] -- Installing: /home/lrm/ws01_plumbing/install/base_interfaces_demo/share/base_interfaces_demo/cmake/base_interfaces_demo__rosidl_typesupport_introspection_cppExport-noconfig.cmake
[3.720s] -- Old export file "/home/lrm/ws01_plumbing/install/base_interfaces_demo/share/base_interfaces_demo/cmake/base_interfaces_demo__rosidl_typesupport_cppExport.cmake" will be replaced.  Removing files [/home/lrm/ws01_plumbing/install/base_interfaces_demo/share/base_interfaces_demo/cmake/base_interfaces_demo__rosidl_typesupport_cppExport-noconfig.cmake].
[3.720s] -- Installing: /home/lrm/ws01_plumbing/install/base_interfaces_demo/share/base_interfaces_demo/cmake/base_interfaces_demo__rosidl_typesupport_cppExport.cmake
[3.720s] -- Installing: /home/lrm/ws01_plumbing/install/base_interfaces_demo/share/base_interfaces_demo/cmake/base_interfaces_demo__rosidl_typesupport_cppExport-noconfig.cmake
[3.720s] -- Old export file "/home/lrm/ws01_plumbing/install/base_interfaces_demo/share/base_interfaces_demo/cmake/export_base_interfaces_demo__rosidl_generator_pyExport.cmake" will be replaced.  Removing files [/home/lrm/ws01_plumbing/install/base_interfaces_demo/share/base_interfaces_demo/cmake/export_base_interfaces_demo__rosidl_generator_pyExport-noconfig.cmake].
[3.720s] -- Installing: /home/lrm/ws01_plumbing/install/base_interfaces_demo/share/base_interfaces_demo/cmake/export_base_interfaces_demo__rosidl_generator_pyExport.cmake
[3.720s] -- Installing: /home/lrm/ws01_plumbing/install/base_interfaces_demo/share/base_interfaces_demo/cmake/export_base_interfaces_demo__rosidl_generator_pyExport-noconfig.cmake
[3.721s] -- Installing: /home/lrm/ws01_plumbing/install/base_interfaces_demo/share/base_interfaces_demo/cmake/rosidl_cmake-extras.cmake
[3.721s] -- Installing: /home/lrm/ws01_plumbing/install/base_interfaces_demo/share/base_interfaces_demo/cmake/ament_cmake_export_dependencies-extras.cmake
[3.721s] -- Up-to-date: /home/lrm/ws01_plumbing/install/base_interfaces_demo/share/base_interfaces_demo/cmake/ament_cmake_export_include_directories-extras.cmake
[3.721s] -- Up-to-date: /home/lrm/ws01_plumbing/install/base_interfaces_demo/share/base_interfaces_demo/cmake/ament_cmake_export_libraries-extras.cmake
[3.721s] -- Up-to-date: /home/lrm/ws01_plumbing/install/base_interfaces_demo/share/base_interfaces_demo/cmake/ament_cmake_export_targets-extras.cmake
[3.721s] -- Up-to-date: /home/lrm/ws01_plumbing/install/base_interfaces_demo/share/base_interfaces_demo/cmake/rosidl_cmake_export_typesupport_targets-extras.cmake
[3.721s] -- Up-to-date: /home/lrm/ws01_plumbing/install/base_interfaces_demo/share/base_interfaces_demo/cmake/rosidl_cmake_export_typesupport_libraries-extras.cmake
[3.721s] -- Installing: /home/lrm/ws01_plumbing/install/base_interfaces_demo/share/base_interfaces_demo/cmake/base_interfaces_demoConfig.cmake
[3.721s] -- Up-to-date: /home/lrm/ws01_plumbing/install/base_interfaces_demo/share/base_interfaces_demo/cmake/base_interfaces_demoConfig-version.cmake
[3.721s] -- Installing: /home/lrm/ws01_plumbing/install/base_interfaces_demo/share/base_interfaces_demo/package.xml
[3.724s] Invoked command in '/home/lrm/ws01_plumbing/build/base_interfaces_demo' returned '0': CMAKE_PREFIX_PATH=${CMAKE_PREFIX_PATH}:/home/lrm/ws01_plumbing/install/py02_service:/home/lrm/ws01_plumbing/install/py01_topic:/home/lrm/ws00_helloworld/install/pkg02_helloworld_py:/opt/ros/humble /usr/bin/cmake --install /home/lrm/ws01_plumbing/build/base_interfaces_demo
