[0.472s] Invoking command in '/home/lrm/ws01_plumbing/src/py05_names': PYTHONPATH=/home/lrm/ws01_plumbing/build/py05_names/prefix_override:/usr/lib/python3/dist-packages/colcon_core/task/python/colcon_distutils_commands:/home/lrm/ws01_plumbing/install/py05_names/lib/python3.10/site-packages:${PYTHONPATH} /usr/bin/python3 -W ignore:setup.py install is deprecated -W ignore:easy_install command is deprecated setup.py egg_info --egg-base ../../build/py05_names build --build-base /home/lrm/ws01_plumbing/build/py05_names/build install --record /home/lrm/ws01_plumbing/build/py05_names/install.log --single-version-externally-managed install_data
[0.653s] running egg_info
[0.653s] writing ../../build/py05_names/py05_names.egg-info/PKG-INFO
[0.653s] writing dependency_links to ../../build/py05_names/py05_names.egg-info/dependency_links.txt
[0.653s] writing entry points to ../../build/py05_names/py05_names.egg-info/entry_points.txt
[0.654s] writing requirements to ../../build/py05_names/py05_names.egg-info/requires.txt
[0.654s] writing top-level names to ../../build/py05_names/py05_names.egg-info/top_level.txt
[0.655s] reading manifest file '../../build/py05_names/py05_names.egg-info/SOURCES.txt'
[0.656s] writing manifest file '../../build/py05_names/py05_names.egg-info/SOURCES.txt'
[0.656s] running build
[0.656s] running build_py
[0.656s] copying py05_names/demo01_names_py.py -> /home/lrm/ws01_plumbing/build/py05_names/build/lib/py05_names
[0.656s] running install
[0.656s] running install_lib
[0.657s] copying /home/lrm/ws01_plumbing/build/py05_names/build/lib/py05_names/demo01_names_py.py -> /home/lrm/ws01_plumbing/install/py05_names/lib/python3.10/site-packages/py05_names
[0.658s] byte-compiling /home/lrm/ws01_plumbing/install/py05_names/lib/python3.10/site-packages/py05_names/demo01_names_py.py to demo01_names_py.cpython-310.pyc
[0.658s] running install_data
[0.658s] running install_egg_info
[0.660s] removing '/home/lrm/ws01_plumbing/install/py05_names/lib/python3.10/site-packages/py05_names-0.0.0-py3.10.egg-info' (and everything under it)
[0.661s] Copying ../../build/py05_names/py05_names.egg-info to /home/lrm/ws01_plumbing/install/py05_names/lib/python3.10/site-packages/py05_names-0.0.0-py3.10.egg-info
[0.661s] running install_scripts
[0.677s] Installing demo01_names_py script to /home/lrm/ws01_plumbing/install/py05_names/lib/py05_names
[0.677s] writing list of installed files to '/home/lrm/ws01_plumbing/build/py05_names/install.log'
[0.698s] Invoked command in '/home/lrm/ws01_plumbing/src/py05_names' returned '0': PYTHONPATH=/home/lrm/ws01_plumbing/build/py05_names/prefix_override:/usr/lib/python3/dist-packages/colcon_core/task/python/colcon_distutils_commands:/home/lrm/ws01_plumbing/install/py05_names/lib/python3.10/site-packages:${PYTHONPATH} /usr/bin/python3 -W ignore:setup.py install is deprecated -W ignore:easy_install command is deprecated setup.py egg_info --egg-base ../../build/py05_names build --build-base /home/lrm/ws01_plumbing/build/py05_names/build install --record /home/lrm/ws01_plumbing/build/py05_names/install.log --single-version-externally-managed install_data
