[0.012s] Invoking command in '/home/lrm/ws01_plumbing/build/cpp02_service': CMAKE_PREFIX_PATH=/home/lrm/ws01_plumbing/install/base_interfaces_demo:/home/lrm/ws01_plumbing/install/cpp02_service:/home/lrm/ws01_plumbing/install/cpp01_topic:/home/lrm/ws00_helloworld/install/turtlesim:/home/lrm/ws00_helloworld/install/pkg03_hellovscode_cpp:/home/lrm/ws00_helloworld/install/pkg01_helloworld_cpp:/home/lrm/ws01_plumbing/install/py01_topic:/home/lrm/ws00_helloworld/install/pkg02_helloworld_py:/opt/ros/humble /usr/bin/cmake --build /home/lrm/ws01_plumbing/build/cpp02_service -- -j16 -l16
[0.050s] [35m[1mConsolidate compiler generated dependencies of target demo01_server[0m
[0.062s] [ 25%] [32mBuilding CXX object CMakeFiles/demo02_client.dir/src/demo02_client.cpp.o[0m
[0.066s] [ 50%] [32mBuilding CXX object CMakeFiles/demo01_server.dir/src/demo01_server.cpp.o[0m
[2.373s] [ 75%] [32m[1mLinking CXX executable demo02_client[0m
[2.473s] [ 75%] Built target demo02_client
[2.885s] [100%] [32m[1mLinking CXX executable demo01_server[0m
[3.001s] [100%] Built target demo01_server
[3.012s] Invoked command in '/home/lrm/ws01_plumbing/build/cpp02_service' returned '0': CMAKE_PREFIX_PATH=/home/lrm/ws01_plumbing/install/base_interfaces_demo:/home/lrm/ws01_plumbing/install/cpp02_service:/home/lrm/ws01_plumbing/install/cpp01_topic:/home/lrm/ws00_helloworld/install/turtlesim:/home/lrm/ws00_helloworld/install/pkg03_hellovscode_cpp:/home/lrm/ws00_helloworld/install/pkg01_helloworld_cpp:/home/lrm/ws01_plumbing/install/py01_topic:/home/lrm/ws00_helloworld/install/pkg02_helloworld_py:/opt/ros/humble /usr/bin/cmake --build /home/lrm/ws01_plumbing/build/cpp02_service -- -j16 -l16
[3.021s] Invoking command in '/home/lrm/ws01_plumbing/build/cpp02_service': CMAKE_PREFIX_PATH=/home/lrm/ws01_plumbing/install/base_interfaces_demo:/home/lrm/ws01_plumbing/install/cpp02_service:/home/lrm/ws01_plumbing/install/cpp01_topic:/home/lrm/ws00_helloworld/install/turtlesim:/home/lrm/ws00_helloworld/install/pkg03_hellovscode_cpp:/home/lrm/ws00_helloworld/install/pkg01_helloworld_cpp:/home/lrm/ws01_plumbing/install/py01_topic:/home/lrm/ws00_helloworld/install/pkg02_helloworld_py:/opt/ros/humble /usr/bin/cmake --install /home/lrm/ws01_plumbing/build/cpp02_service
[3.028s] -- Install configuration: ""
[3.028s] -- Installing: /home/lrm/ws01_plumbing/install/cpp02_service/lib/cpp02_service/demo01_server
[3.029s] -- Set runtime path of "/home/lrm/ws01_plumbing/install/cpp02_service/lib/cpp02_service/demo01_server" to ""
[3.029s] -- Installing: /home/lrm/ws01_plumbing/install/cpp02_service/lib/cpp02_service/demo02_client
[3.029s] -- Set runtime path of "/home/lrm/ws01_plumbing/install/cpp02_service/lib/cpp02_service/demo02_client" to ""
[3.029s] -- Up-to-date: /home/lrm/ws01_plumbing/install/cpp02_service/share/ament_index/resource_index/package_run_dependencies/cpp02_service
[3.030s] -- Up-to-date: /home/lrm/ws01_plumbing/install/cpp02_service/share/ament_index/resource_index/parent_prefix_path/cpp02_service
[3.030s] -- Up-to-date: /home/lrm/ws01_plumbing/install/cpp02_service/share/cpp02_service/environment/ament_prefix_path.sh
[3.030s] -- Up-to-date: /home/lrm/ws01_plumbing/install/cpp02_service/share/cpp02_service/environment/ament_prefix_path.dsv
[3.030s] -- Up-to-date: /home/lrm/ws01_plumbing/install/cpp02_service/share/cpp02_service/environment/path.sh
[3.030s] -- Up-to-date: /home/lrm/ws01_plumbing/install/cpp02_service/share/cpp02_service/environment/path.dsv
[3.030s] -- Up-to-date: /home/lrm/ws01_plumbing/install/cpp02_service/share/cpp02_service/local_setup.bash
[3.030s] -- Up-to-date: /home/lrm/ws01_plumbing/install/cpp02_service/share/cpp02_service/local_setup.sh
[3.030s] -- Up-to-date: /home/lrm/ws01_plumbing/install/cpp02_service/share/cpp02_service/local_setup.zsh
[3.030s] -- Up-to-date: /home/lrm/ws01_plumbing/install/cpp02_service/share/cpp02_service/local_setup.dsv
[3.030s] -- Installing: /home/lrm/ws01_plumbing/install/cpp02_service/share/cpp02_service/package.dsv
[3.030s] -- Up-to-date: /home/lrm/ws01_plumbing/install/cpp02_service/share/ament_index/resource_index/packages/cpp02_service
[3.030s] -- Up-to-date: /home/lrm/ws01_plumbing/install/cpp02_service/share/cpp02_service/cmake/cpp02_serviceConfig.cmake
[3.030s] -- Up-to-date: /home/lrm/ws01_plumbing/install/cpp02_service/share/cpp02_service/cmake/cpp02_serviceConfig-version.cmake
[3.030s] -- Up-to-date: /home/lrm/ws01_plumbing/install/cpp02_service/share/cpp02_service/package.xml
[3.032s] Invoked command in '/home/lrm/ws01_plumbing/build/cpp02_service' returned '0': CMAKE_PREFIX_PATH=/home/lrm/ws01_plumbing/install/base_interfaces_demo:/home/lrm/ws01_plumbing/install/cpp02_service:/home/lrm/ws01_plumbing/install/cpp01_topic:/home/lrm/ws00_helloworld/install/turtlesim:/home/lrm/ws00_helloworld/install/pkg03_hellovscode_cpp:/home/lrm/ws00_helloworld/install/pkg01_helloworld_cpp:/home/lrm/ws01_plumbing/install/py01_topic:/home/lrm/ws00_helloworld/install/pkg02_helloworld_py:/opt/ros/humble /usr/bin/cmake --install /home/lrm/ws01_plumbing/build/cpp02_service
